{"E:\\coding\\Jobs_helper-Boss\\Boss_helper.js": {"path":"E:\\coding\\Jobs_helper-Boss\\Boss_helper.js","statementMap":{"0":{"start":{"line":21,"column":0},"end":{"line":5262,"column":5}},"1":{"start":{"line":24,"column":17},"end":{"line":54,"column":3}},"2":{"start":{"line":60,"column":20},"end":{"line":67,"column":3}},"3":{"start":{"line":69,"column":16},"end":{"line":151,"column":3}},"4":{"start":{"line":157,"column":15},"end":{"line":298,"column":3}},"5":{"start":{"line":162,"column":19},"end":{"line":162,"column":50}},"6":{"start":{"line":163,"column":24},"end":{"line":163,"column":58}},"7":{"start":{"line":164,"column":23},"end":{"line":164,"column":63}},"8":{"start":{"line":167,"column":6},"end":{"line":167,"column":41}},"9":{"start":{"line":170,"column":23},"end":{"line":170,"column":57}},"10":{"start":{"line":171,"column":6},"end":{"line":188,"column":7}},"11":{"start":{"line":172,"column":8},"end":{"line":174,"column":9}},"12":{"start":{"line":173,"column":10},"end":{"line":173,"column":17}},"13":{"start":{"line":176,"column":24},"end":{"line":176,"column":53}},"14":{"start":{"line":177,"column":8},"end":{"line":177,"column":39}},"15":{"start":{"line":178,"column":8},"end":{"line":184,"column":10}},"16":{"start":{"line":185,"column":8},"end":{"line":185,"column":39}},"17":{"start":{"line":186,"column":8},"end":{"line":186,"column":38}},"18":{"start":{"line":187,"column":8},"end":{"line":187,"column":51}},"19":{"start":{"line":192,"column":6},"end":{"line":192,"column":63}},"20":{"start":{"line":192,"column":38},"end":{"line":192,"column":61}},"21":{"start":{"line":196,"column":26},"end":{"line":201,"column":7}},"22":{"start":{"line":202,"column":6},"end":{"line":202,"column":60}},"23":{"start":{"line":206,"column":25},"end":{"line":206,"column":59}},"24":{"start":{"line":207,"column":27},"end":{"line":207,"column":48}},"25":{"start":{"line":208,"column":6},"end":{"line":208,"column":38}},"26":{"start":{"line":212,"column":6},"end":{"line":237,"column":9}},"27":{"start":{"line":214,"column":22},"end":{"line":217,"column":9}},"28":{"start":{"line":215,"column":13},"end":{"line":215,"column":87}},"29":{"start":{"line":215,"column":59},"end":{"line":215,"column":87}},"30":{"start":{"line":216,"column":13},"end":{"line":216,"column":63}},"31":{"start":{"line":219,"column":8},"end":{"line":219,"column":26}},"32":{"start":{"line":220,"column":8},"end":{"line":220,"column":45}},"33":{"start":{"line":220,"column":21},"end":{"line":220,"column":45}},"34":{"start":{"line":222,"column":25},"end":{"line":229,"column":10}},"35":{"start":{"line":223,"column":10},"end":{"line":223,"column":28}},"36":{"start":{"line":224,"column":10},"end":{"line":228,"column":11}},"37":{"start":{"line":225,"column":12},"end":{"line":225,"column":36}},"38":{"start":{"line":226,"column":12},"end":{"line":226,"column":34}},"39":{"start":{"line":227,"column":12},"end":{"line":227,"column":29}},"40":{"start":{"line":231,"column":26},"end":{"line":234,"column":19}},"41":{"start":{"line":232,"column":10},"end":{"line":232,"column":32}},"42":{"start":{"line":233,"column":10},"end":{"line":233,"column":24}},"43":{"start":{"line":236,"column":8},"end":{"line":236,"column":76}},"44":{"start":{"line":241,"column":6},"end":{"line":241,"column":27}},"45":{"start":{"line":241,"column":20},"end":{"line":241,"column":27}},"46":{"start":{"line":243,"column":19},"end":{"line":243,"column":50}},"47":{"start":{"line":244,"column":16},"end":{"line":244,"column":42}},"48":{"start":{"line":245,"column":16},"end":{"line":245,"column":42}},"49":{"start":{"line":247,"column":33},"end":{"line":257,"column":7}},"50":{"start":{"line":248,"column":22},"end":{"line":255,"column":10}},"51":{"start":{"line":256,"column":8},"end":{"line":256,"column":37}},"52":{"start":{"line":259,"column":6},"end":{"line":259,"column":38}},"53":{"start":{"line":260,"column":6},"end":{"line":260,"column":44}},"54":{"start":{"line":261,"column":6},"end":{"line":261,"column":38}},"55":{"start":{"line":262,"column":6},"end":{"line":262,"column":44}},"56":{"start":{"line":263,"column":6},"end":{"line":263,"column":53}},"57":{"start":{"line":264,"column":6},"end":{"line":264,"column":44}},"58":{"start":{"line":265,"column":6},"end":{"line":265,"column":51}},"59":{"start":{"line":266,"column":6},"end":{"line":266,"column":44}},"60":{"start":{"line":267,"column":6},"end":{"line":267,"column":49}},"61":{"start":{"line":271,"column":23},"end":{"line":271,"column":25}},"62":{"start":{"line":272,"column":26},"end":{"line":272,"column":75}},"63":{"start":{"line":273,"column":6},"end":{"line":275,"column":7}},"64":{"start":{"line":273,"column":19},"end":{"line":273,"column":20}},"65":{"start":{"line":274,"column":8},"end":{"line":274,"column":55}},"66":{"start":{"line":276,"column":6},"end":{"line":276,"column":22}},"67":{"start":{"line":281,"column":23},"end":{"line":281,"column":57}},"68":{"start":{"line":282,"column":6},"end":{"line":288,"column":7}},"69":{"start":{"line":283,"column":8},"end":{"line":287,"column":11}},"70":{"start":{"line":284,"column":10},"end":{"line":284,"column":43}},"71":{"start":{"line":286,"column":10},"end":{"line":286,"column":52}},"72":{"start":{"line":292,"column":23},"end":{"line":292,"column":57}},"73":{"start":{"line":293,"column":6},"end":{"line":296,"column":7}},"74":{"start":{"line":294,"column":8},"end":{"line":294,"column":32}},"75":{"start":{"line":295,"column":8},"end":{"line":295,"column":34}},"76":{"start":{"line":300,"column":19},"end":{"line":307,"column":3}},"77":{"start":{"line":316,"column":6},"end":{"line":316,"column":51}},"78":{"start":{"line":320,"column":6},"end":{"line":320,"column":38}},"79":{"start":{"line":325,"column":6},"end":{"line":334,"column":7}},"80":{"start":{"line":326,"column":8},"end":{"line":329,"column":10}},"81":{"start":{"line":330,"column":8},"end":{"line":330,"column":20}},"82":{"start":{"line":332,"column":8},"end":{"line":332,"column":63}},"83":{"start":{"line":333,"column":8},"end":{"line":333,"column":21}},"84":{"start":{"line":338,"column":6},"end":{"line":344,"column":7}},"85":{"start":{"line":339,"column":22},"end":{"line":339,"column":47}},"86":{"start":{"line":340,"column":8},"end":{"line":340,"column":53}},"87":{"start":{"line":342,"column":8},"end":{"line":342,"column":63}},"88":{"start":{"line":343,"column":8},"end":{"line":343,"column":28}},"89":{"start":{"line":348,"column":6},"end":{"line":370,"column":7}},"90":{"start":{"line":349,"column":8},"end":{"line":351,"column":9}},"91":{"start":{"line":350,"column":10},"end":{"line":350,"column":17}},"92":{"start":{"line":353,"column":22},"end":{"line":353,"column":56}},"93":{"start":{"line":354,"column":8},"end":{"line":354,"column":56}},"94":{"start":{"line":356,"column":8},"end":{"line":358,"column":9}},"95":{"start":{"line":357,"column":10},"end":{"line":357,"column":26}},"96":{"start":{"line":360,"column":8},"end":{"line":360,"column":29}},"97":{"start":{"line":361,"column":8},"end":{"line":361,"column":31}},"98":{"start":{"line":362,"column":8},"end":{"line":362,"column":42}},"99":{"start":{"line":364,"column":8},"end":{"line":367,"column":10}},"100":{"start":{"line":369,"column":8},"end":{"line":369,"column":48}},"101":{"start":{"line":374,"column":6},"end":{"line":380,"column":7}},"102":{"start":{"line":375,"column":21},"end":{"line":375,"column":45}},"103":{"start":{"line":376,"column":8},"end":{"line":376,"column":54}},"104":{"start":{"line":378,"column":8},"end":{"line":378,"column":47}},"105":{"start":{"line":379,"column":8},"end":{"line":379,"column":28}},"106":{"start":{"line":384,"column":27},"end":{"line":405,"column":7}},"107":{"start":{"line":407,"column":6},"end":{"line":420,"column":9}},"108":{"start":{"line":408,"column":24},"end":{"line":408,"column":51}},"109":{"start":{"line":409,"column":8},"end":{"line":419,"column":9}},"110":{"start":{"line":410,"column":33},"end":{"line":410,"column":54}},"111":{"start":{"line":411,"column":10},"end":{"line":411,"column":44}},"112":{"start":{"line":413,"column":10},"end":{"line":413,"column":22}},"113":{"start":{"line":414,"column":10},"end":{"line":414,"column":62}},"114":{"start":{"line":414,"column":45},"end":{"line":414,"column":60}},"115":{"start":{"line":416,"column":10},"end":{"line":418,"column":12}},"116":{"start":{"line":430,"column":6},"end":{"line":454,"column":7}},"117":{"start":{"line":431,"column":25},"end":{"line":447,"column":9}},"118":{"start":{"line":449,"column":8},"end":{"line":451,"column":11}},"119":{"start":{"line":450,"column":10},"end":{"line":450,"column":45}},"120":{"start":{"line":453,"column":8},"end":{"line":453,"column":54}},"121":{"start":{"line":458,"column":6},"end":{"line":480,"column":7}},"122":{"start":{"line":459,"column":8},"end":{"line":462,"column":10}},"123":{"start":{"line":463,"column":8},"end":{"line":465,"column":62}},"124":{"start":{"line":468,"column":8},"end":{"line":468,"column":84}},"125":{"start":{"line":469,"column":8},"end":{"line":469,"column":78}},"126":{"start":{"line":471,"column":29},"end":{"line":471,"column":77}},"127":{"start":{"line":472,"column":8},"end":{"line":473,"column":53}},"128":{"start":{"line":473,"column":10},"end":{"line":473,"column":53}},"129":{"start":{"line":475,"column":8},"end":{"line":475,"column":45}},"130":{"start":{"line":477,"column":8},"end":{"line":477,"column":75}},"131":{"start":{"line":479,"column":8},"end":{"line":479,"column":54}},"132":{"start":{"line":490,"column":6},"end":{"line":490,"column":35}},"133":{"start":{"line":494,"column":6},"end":{"line":494,"column":18}},"134":{"start":{"line":498,"column":6},"end":{"line":498,"column":42}},"135":{"start":{"line":499,"column":6},"end":{"line":499,"column":18}},"136":{"start":{"line":509,"column":27},"end":{"line":509,"column":54}},"137":{"start":{"line":511,"column":6},"end":{"line":514,"column":7}},"138":{"start":{"line":512,"column":8},"end":{"line":512,"column":50}},"139":{"start":{"line":513,"column":8},"end":{"line":513,"column":15}},"140":{"start":{"line":516,"column":6},"end":{"line":524,"column":7}},"141":{"start":{"line":520,"column":8},"end":{"line":522,"column":9}},"142":{"start":{"line":521,"column":10},"end":{"line":521,"column":52}},"143":{"start":{"line":523,"column":8},"end":{"line":523,"column":15}},"144":{"start":{"line":526,"column":6},"end":{"line":526,"column":33}},"145":{"start":{"line":530,"column":6},"end":{"line":530,"column":33}},"146":{"start":{"line":531,"column":27},"end":{"line":531,"column":53}},"147":{"start":{"line":533,"column":6},"end":{"line":542,"column":7}},"148":{"start":{"line":534,"column":8},"end":{"line":539,"column":10}},"149":{"start":{"line":541,"column":8},"end":{"line":541,"column":47}},"150":{"start":{"line":546,"column":6},"end":{"line":559,"column":7}},"151":{"start":{"line":550,"column":27},"end":{"line":550,"column":50}},"152":{"start":{"line":551,"column":8},"end":{"line":558,"column":9}},"153":{"start":{"line":552,"column":10},"end":{"line":557,"column":12}},"154":{"start":{"line":561,"column":6},"end":{"line":574,"column":7}},"155":{"start":{"line":565,"column":32},"end":{"line":565,"column":60}},"156":{"start":{"line":566,"column":8},"end":{"line":573,"column":9}},"157":{"start":{"line":567,"column":10},"end":{"line":572,"column":12}},"158":{"start":{"line":578,"column":26},"end":{"line":578,"column":69}},"159":{"start":{"line":580,"column":6},"end":{"line":607,"column":7}},"160":{"start":{"line":584,"column":8},"end":{"line":584,"column":44}},"161":{"start":{"line":586,"column":8},"end":{"line":597,"column":9}},"162":{"start":{"line":590,"column":34},"end":{"line":590,"column":62}},"163":{"start":{"line":591,"column":10},"end":{"line":596,"column":11}},"164":{"start":{"line":592,"column":12},"end":{"line":592,"column":63}},"165":{"start":{"line":593,"column":12},"end":{"line":593,"column":41}},"166":{"start":{"line":594,"column":12},"end":{"line":594,"column":43}},"167":{"start":{"line":595,"column":12},"end":{"line":595,"column":19}},"168":{"start":{"line":599,"column":8},"end":{"line":606,"column":9}},"169":{"start":{"line":600,"column":29},"end":{"line":600,"column":52}},"170":{"start":{"line":601,"column":10},"end":{"line":605,"column":11}},"171":{"start":{"line":602,"column":12},"end":{"line":602,"column":58}},"172":{"start":{"line":603,"column":12},"end":{"line":603,"column":41}},"173":{"start":{"line":604,"column":12},"end":{"line":604,"column":41}},"174":{"start":{"line":609,"column":6},"end":{"line":609,"column":59}},"175":{"start":{"line":613,"column":6},"end":{"line":619,"column":7}},"176":{"start":{"line":618,"column":8},"end":{"line":618,"column":15}},"177":{"start":{"line":621,"column":27},"end":{"line":621,"column":48}},"178":{"start":{"line":623,"column":6},"end":{"line":637,"column":7}},"179":{"start":{"line":624,"column":8},"end":{"line":626,"column":9}},"180":{"start":{"line":625,"column":10},"end":{"line":625,"column":19}},"181":{"start":{"line":628,"column":29},"end":{"line":628,"column":60}},"182":{"start":{"line":629,"column":8},"end":{"line":636,"column":9}},"183":{"start":{"line":630,"column":10},"end":{"line":630,"column":58}},"184":{"start":{"line":632,"column":23},"end":{"line":632,"column":66}},"185":{"start":{"line":633,"column":10},"end":{"line":635,"column":11}},"186":{"start":{"line":634,"column":12},"end":{"line":634,"column":24}},"187":{"start":{"line":639,"column":6},"end":{"line":639,"column":19}},"188":{"start":{"line":643,"column":6},"end":{"line":673,"column":7}},"189":{"start":{"line":644,"column":25},"end":{"line":644,"column":65}},"190":{"start":{"line":645,"column":8},"end":{"line":648,"column":9}},"191":{"start":{"line":646,"column":10},"end":{"line":646,"column":31}},"192":{"start":{"line":647,"column":10},"end":{"line":647,"column":23}},"193":{"start":{"line":650,"column":8},"end":{"line":650,"column":34}},"194":{"start":{"line":651,"column":8},"end":{"line":651,"column":25}},"195":{"start":{"line":652,"column":8},"end":{"line":652,"column":61}},"196":{"start":{"line":653,"column":8},"end":{"line":653,"column":57}},"197":{"start":{"line":655,"column":27},"end":{"line":655,"column":62}},"198":{"start":{"line":656,"column":8},"end":{"line":667,"column":9}},"199":{"start":{"line":657,"column":10},"end":{"line":657,"column":47}},"200":{"start":{"line":659,"column":32},"end":{"line":665,"column":12}},"201":{"start":{"line":666,"column":10},"end":{"line":666,"column":48}},"202":{"start":{"line":669,"column":8},"end":{"line":669,"column":20}},"203":{"start":{"line":671,"column":8},"end":{"line":671,"column":48}},"204":{"start":{"line":672,"column":8},"end":{"line":672,"column":21}},"205":{"start":{"line":677,"column":6},"end":{"line":677,"column":58}},"206":{"start":{"line":679,"column":28},"end":{"line":679,"column":76}},"207":{"start":{"line":680,"column":6},"end":{"line":680,"column":39}},"208":{"start":{"line":680,"column":26},"end":{"line":680,"column":39}},"209":{"start":{"line":682,"column":29},"end":{"line":684,"column":7}},"210":{"start":{"line":685,"column":6},"end":{"line":685,"column":39}},"211":{"start":{"line":689,"column":6},"end":{"line":724,"column":7}},"212":{"start":{"line":690,"column":24},"end":{"line":690,"column":62}},"213":{"start":{"line":691,"column":8},"end":{"line":694,"column":9}},"214":{"start":{"line":692,"column":10},"end":{"line":692,"column":37}},"215":{"start":{"line":693,"column":10},"end":{"line":693,"column":23}},"216":{"start":{"line":695,"column":8},"end":{"line":695,"column":42}},"217":{"start":{"line":696,"column":8},"end":{"line":696,"column":74}},"218":{"start":{"line":697,"column":8},"end":{"line":697,"column":48}},"219":{"start":{"line":699,"column":25},"end":{"line":699,"column":76}},"220":{"start":{"line":700,"column":8},"end":{"line":703,"column":9}},"221":{"start":{"line":701,"column":10},"end":{"line":701,"column":35}},"222":{"start":{"line":702,"column":10},"end":{"line":702,"column":23}},"223":{"start":{"line":705,"column":26},"end":{"line":705,"column":57}},"224":{"start":{"line":706,"column":8},"end":{"line":709,"column":9}},"225":{"start":{"line":707,"column":10},"end":{"line":707,"column":36}},"226":{"start":{"line":708,"column":10},"end":{"line":708,"column":23}},"227":{"start":{"line":711,"column":8},"end":{"line":718,"column":9}},"228":{"start":{"line":711,"column":21},"end":{"line":711,"column":22}},"229":{"start":{"line":712,"column":23},"end":{"line":712,"column":35}},"230":{"start":{"line":713,"column":10},"end":{"line":715,"column":12}},"231":{"start":{"line":716,"column":10},"end":{"line":716,"column":41}},"232":{"start":{"line":717,"column":10},"end":{"line":717,"column":62}},"233":{"start":{"line":720,"column":8},"end":{"line":720,"column":20}},"234":{"start":{"line":722,"column":8},"end":{"line":722,"column":46}},"235":{"start":{"line":723,"column":8},"end":{"line":723,"column":21}},"236":{"start":{"line":728,"column":6},"end":{"line":753,"column":7}},"237":{"start":{"line":729,"column":34},"end":{"line":729,"column":60}},"238":{"start":{"line":730,"column":32},"end":{"line":730,"column":78}},"239":{"start":{"line":732,"column":8},"end":{"line":747,"column":9}},"240":{"start":{"line":733,"column":10},"end":{"line":746,"column":11}},"241":{"start":{"line":734,"column":38},"end":{"line":734,"column":72}},"242":{"start":{"line":735,"column":12},"end":{"line":735,"column":45}},"243":{"start":{"line":735,"column":36},"end":{"line":735,"column":45}},"244":{"start":{"line":737,"column":31},"end":{"line":739,"column":28}},"245":{"start":{"line":741,"column":12},"end":{"line":745,"column":13}},"246":{"start":{"line":742,"column":37},"end":{"line":742,"column":73}},"247":{"start":{"line":743,"column":14},"end":{"line":743,"column":69}},"248":{"start":{"line":744,"column":14},"end":{"line":744,"column":26}},"249":{"start":{"line":749,"column":8},"end":{"line":749,"column":20}},"250":{"start":{"line":751,"column":8},"end":{"line":751,"column":45}},"251":{"start":{"line":752,"column":8},"end":{"line":752,"column":20}},"252":{"start":{"line":757,"column":6},"end":{"line":865,"column":7}},"253":{"start":{"line":758,"column":26},"end":{"line":762,"column":10}},"254":{"start":{"line":759,"column":10},"end":{"line":761,"column":12}},"255":{"start":{"line":760,"column":20},"end":{"line":760,"column":51}},"256":{"start":{"line":764,"column":8},"end":{"line":767,"column":9}},"257":{"start":{"line":765,"column":10},"end":{"line":765,"column":38}},"258":{"start":{"line":766,"column":10},"end":{"line":766,"column":23}},"259":{"start":{"line":769,"column":8},"end":{"line":772,"column":9}},"260":{"start":{"line":770,"column":10},"end":{"line":770,"column":36}},"261":{"start":{"line":771,"column":10},"end":{"line":771,"column":23}},"262":{"start":{"line":774,"column":27},"end":{"line":774,"column":29}},"263":{"start":{"line":775,"column":8},"end":{"line":791,"column":9}},"264":{"start":{"line":777,"column":12},"end":{"line":782,"column":13}},"265":{"start":{"line":784,"column":10},"end":{"line":788,"column":11}},"266":{"start":{"line":785,"column":12},"end":{"line":785,"column":66}},"267":{"start":{"line":787,"column":12},"end":{"line":787,"column":34}},"268":{"start":{"line":790,"column":10},"end":{"line":790,"column":45}},"269":{"start":{"line":793,"column":8},"end":{"line":793,"column":44}},"270":{"start":{"line":794,"column":8},"end":{"line":794,"column":74}},"271":{"start":{"line":795,"column":8},"end":{"line":795,"column":50}},"272":{"start":{"line":797,"column":30},"end":{"line":799,"column":9}},"273":{"start":{"line":800,"column":8},"end":{"line":811,"column":9}},"274":{"start":{"line":801,"column":10},"end":{"line":801,"column":32}},"275":{"start":{"line":803,"column":29},"end":{"line":803,"column":72}},"276":{"start":{"line":804,"column":10},"end":{"line":807,"column":11}},"277":{"start":{"line":805,"column":12},"end":{"line":805,"column":32}},"278":{"start":{"line":806,"column":12},"end":{"line":806,"column":25}},"279":{"start":{"line":809,"column":10},"end":{"line":809,"column":47}},"280":{"start":{"line":810,"column":10},"end":{"line":810,"column":22}},"281":{"start":{"line":813,"column":27},"end":{"line":813,"column":70}},"282":{"start":{"line":814,"column":8},"end":{"line":817,"column":9}},"283":{"start":{"line":815,"column":10},"end":{"line":815,"column":30}},"284":{"start":{"line":816,"column":10},"end":{"line":816,"column":23}},"285":{"start":{"line":819,"column":28},"end":{"line":821,"column":9}},"286":{"start":{"line":822,"column":8},"end":{"line":825,"column":9}},"287":{"start":{"line":823,"column":10},"end":{"line":823,"column":31}},"288":{"start":{"line":824,"column":10},"end":{"line":824,"column":23}},"289":{"start":{"line":827,"column":33},"end":{"line":827,"column":37}},"290":{"start":{"line":828,"column":8},"end":{"line":833,"column":9}},"291":{"start":{"line":829,"column":10},"end":{"line":832,"column":12}},"292":{"start":{"line":835,"column":8},"end":{"line":841,"column":9}},"293":{"start":{"line":836,"column":10},"end":{"line":836,"column":46}},"294":{"start":{"line":837,"column":29},"end":{"line":839,"column":31}},"295":{"start":{"line":840,"column":10},"end":{"line":840,"column":52}},"296":{"start":{"line":843,"column":8},"end":{"line":843,"column":53}},"297":{"start":{"line":844,"column":8},"end":{"line":844,"column":74}},"298":{"start":{"line":845,"column":8},"end":{"line":845,"column":48}},"299":{"start":{"line":847,"column":24},"end":{"line":849,"column":9}},"300":{"start":{"line":850,"column":8},"end":{"line":853,"column":9}},"301":{"start":{"line":851,"column":10},"end":{"line":851,"column":30}},"302":{"start":{"line":852,"column":10},"end":{"line":852,"column":23}},"303":{"start":{"line":855,"column":8},"end":{"line":858,"column":9}},"304":{"start":{"line":856,"column":10},"end":{"line":856,"column":40}},"305":{"start":{"line":857,"column":10},"end":{"line":857,"column":23}},"306":{"start":{"line":860,"column":8},"end":{"line":860,"column":42}},"307":{"start":{"line":861,"column":8},"end":{"line":861,"column":20}},"308":{"start":{"line":863,"column":8},"end":{"line":863,"column":45}},"309":{"start":{"line":864,"column":8},"end":{"line":864,"column":21}},"310":{"start":{"line":869,"column":6},"end":{"line":893,"column":7}},"311":{"start":{"line":870,"column":34},"end":{"line":870,"column":60}},"312":{"start":{"line":872,"column":8},"end":{"line":874,"column":9}},"313":{"start":{"line":873,"column":10},"end":{"line":873,"column":48}},"314":{"start":{"line":876,"column":32},"end":{"line":876,"column":78}},"315":{"start":{"line":878,"column":8},"end":{"line":887,"column":9}},"316":{"start":{"line":879,"column":10},"end":{"line":886,"column":11}},"317":{"start":{"line":880,"column":36},"end":{"line":880,"column":61}},"318":{"start":{"line":882,"column":12},"end":{"line":885,"column":13}},"319":{"start":{"line":883,"column":14},"end":{"line":883,"column":66}},"320":{"start":{"line":884,"column":14},"end":{"line":884,"column":28}},"321":{"start":{"line":889,"column":8},"end":{"line":889,"column":46}},"322":{"start":{"line":891,"column":8},"end":{"line":891,"column":47}},"323":{"start":{"line":892,"column":8},"end":{"line":892,"column":54}},"324":{"start":{"line":897,"column":6},"end":{"line":966,"column":7}},"325":{"start":{"line":898,"column":8},"end":{"line":904,"column":9}},"326":{"start":{"line":903,"column":10},"end":{"line":903,"column":23}},"327":{"start":{"line":906,"column":27},"end":{"line":906,"column":29}},"328":{"start":{"line":907,"column":8},"end":{"line":925,"column":9}},"329":{"start":{"line":909,"column":12},"end":{"line":914,"column":13}},"330":{"start":{"line":916,"column":10},"end":{"line":921,"column":11}},"331":{"start":{"line":917,"column":12},"end":{"line":917,"column":66}},"332":{"start":{"line":919,"column":12},"end":{"line":919,"column":34}},"333":{"start":{"line":920,"column":12},"end":{"line":920,"column":30}},"334":{"start":{"line":923,"column":10},"end":{"line":923,"column":45}},"335":{"start":{"line":924,"column":10},"end":{"line":924,"column":28}},"336":{"start":{"line":927,"column":31},"end":{"line":927,"column":67}},"337":{"start":{"line":929,"column":8},"end":{"line":932,"column":9}},"338":{"start":{"line":930,"column":10},"end":{"line":930,"column":35}},"339":{"start":{"line":931,"column":10},"end":{"line":931,"column":23}},"340":{"start":{"line":934,"column":29},"end":{"line":936,"column":9}},"341":{"start":{"line":937,"column":8},"end":{"line":940,"column":9}},"342":{"start":{"line":938,"column":10},"end":{"line":938,"column":32}},"343":{"start":{"line":939,"column":10},"end":{"line":939,"column":23}},"344":{"start":{"line":942,"column":31},"end":{"line":942,"column":70}},"345":{"start":{"line":943,"column":28},"end":{"line":943,"column":60}},"346":{"start":{"line":944,"column":8},"end":{"line":946,"column":9}},"347":{"start":{"line":944,"column":21},"end":{"line":944,"column":22}},"348":{"start":{"line":945,"column":10},"end":{"line":945,"column":56}},"349":{"start":{"line":947,"column":26},"end":{"line":947,"column":53}},"350":{"start":{"line":948,"column":21},"end":{"line":948,"column":66}},"351":{"start":{"line":950,"column":21},"end":{"line":953,"column":10}},"352":{"start":{"line":955,"column":29},"end":{"line":955,"column":47}},"353":{"start":{"line":956,"column":8},"end":{"line":956,"column":37}},"354":{"start":{"line":958,"column":8},"end":{"line":958,"column":48}},"355":{"start":{"line":960,"column":22},"end":{"line":960,"column":60}},"356":{"start":{"line":961,"column":8},"end":{"line":961,"column":42}},"357":{"start":{"line":962,"column":8},"end":{"line":962,"column":20}},"358":{"start":{"line":964,"column":8},"end":{"line":964,"column":45}},"359":{"start":{"line":965,"column":8},"end":{"line":965,"column":21}},"360":{"start":{"line":974,"column":13},"end":{"line":1771,"column":3}},"361":{"start":{"line":983,"column":6},"end":{"line":985,"column":35}},"362":{"start":{"line":986,"column":6},"end":{"line":986,"column":25}},"363":{"start":{"line":987,"column":6},"end":{"line":987,"column":32}},"364":{"start":{"line":988,"column":6},"end":{"line":988,"column":28}},"365":{"start":{"line":990,"column":6},"end":{"line":994,"column":7}},"366":{"start":{"line":991,"column":8},"end":{"line":993,"column":16}},"367":{"start":{"line":992,"column":10},"end":{"line":992,"column":46}},"368":{"start":{"line":996,"column":6},"end":{"line":996,"column":39}},"369":{"start":{"line":1000,"column":6},"end":{"line":1009,"column":7}},"370":{"start":{"line":1001,"column":8},"end":{"line":1008,"column":11}},"371":{"start":{"line":1002,"column":26},"end":{"line":1002,"column":61}},"372":{"start":{"line":1003,"column":10},"end":{"line":1007,"column":11}},"373":{"start":{"line":1004,"column":12},"end":{"line":1006,"column":20}},"374":{"start":{"line":1005,"column":14},"end":{"line":1005,"column":50}},"375":{"start":{"line":1013,"column":6},"end":{"line":1015,"column":7}},"376":{"start":{"line":1014,"column":8},"end":{"line":1014,"column":59}},"377":{"start":{"line":1017,"column":6},"end":{"line":1017,"column":43}},"378":{"start":{"line":1019,"column":21},"end":{"line":1019,"column":41}},"379":{"start":{"line":1020,"column":23},"end":{"line":1020,"column":49}},"380":{"start":{"line":1021,"column":6},"end":{"line":1021,"column":42}},"381":{"start":{"line":1022,"column":21},"end":{"line":1022,"column":41}},"382":{"start":{"line":1024,"column":6},"end":{"line":1024,"column":68}},"383":{"start":{"line":1025,"column":6},"end":{"line":1025,"column":48}},"384":{"start":{"line":1026,"column":6},"end":{"line":1026,"column":42}},"385":{"start":{"line":1030,"column":6},"end":{"line":1033,"column":29}},"386":{"start":{"line":1035,"column":6},"end":{"line":1038,"column":8}},"387":{"start":{"line":1039,"column":6},"end":{"line":1042,"column":8}},"388":{"start":{"line":1043,"column":6},"end":{"line":1046,"column":8}},"389":{"start":{"line":1047,"column":6},"end":{"line":1050,"column":8}},"390":{"start":{"line":1069,"column":20},"end":{"line":1069,"column":49}},"391":{"start":{"line":1070,"column":6},"end":{"line":1070,"column":34}},"392":{"start":{"line":1071,"column":6},"end":{"line":1074,"column":30}},"393":{"start":{"line":1076,"column":25},"end":{"line":1092,"column":9}},"394":{"start":{"line":1094,"column":6},"end":{"line":1094,"column":39}},"395":{"start":{"line":1096,"column":23},"end":{"line":1096,"column":60}},"396":{"start":{"line":1097,"column":6},"end":{"line":1097,"column":76}},"397":{"start":{"line":1099,"column":6},"end":{"line":1099,"column":19}},"398":{"start":{"line":1103,"column":21},"end":{"line":1103,"column":50}},"399":{"start":{"line":1104,"column":6},"end":{"line":1107,"column":31}},"400":{"start":{"line":1109,"column":6},"end":{"line":1116,"column":10}},"401":{"start":{"line":1118,"column":20},"end":{"line":1118,"column":39}},"402":{"start":{"line":1120,"column":30},"end":{"line":1120,"column":59}},"403":{"start":{"line":1121,"column":6},"end":{"line":1124,"column":10}},"404":{"start":{"line":1127,"column":8},"end":{"line":1137,"column":11}},"405":{"start":{"line":1139,"column":29},"end":{"line":1141,"column":1308}},"406":{"start":{"line":1142,"column":28},"end":{"line":1148,"column":7}},"407":{"start":{"line":1145,"column":10},"end":{"line":1145,"column":33}},"408":{"start":{"line":1150,"column":6},"end":{"line":1153,"column":7}},"409":{"start":{"line":1151,"column":8},"end":{"line":1151,"column":43}},"410":{"start":{"line":1152,"column":8},"end":{"line":1152,"column":38}},"411":{"start":{"line":1155,"column":26},"end":{"line":1161,"column":7}},"412":{"start":{"line":1158,"column":10},"end":{"line":1158,"column":31}},"413":{"start":{"line":1163,"column":23},"end":{"line":1171,"column":7}},"414":{"start":{"line":1166,"column":10},"end":{"line":1166,"column":35}},"415":{"start":{"line":1167,"column":10},"end":{"line":1167,"column":62}},"416":{"start":{"line":1168,"column":10},"end":{"line":1168,"column":51}},"417":{"start":{"line":1173,"column":6},"end":{"line":1173,"column":67}},"418":{"start":{"line":1174,"column":6},"end":{"line":1174,"column":44}},"419":{"start":{"line":1175,"column":6},"end":{"line":1175,"column":20}},"420":{"start":{"line":1179,"column":20},"end":{"line":1179,"column":49}},"421":{"start":{"line":1180,"column":6},"end":{"line":1180,"column":35}},"422":{"start":{"line":1181,"column":6},"end":{"line":1181,"column":40}},"423":{"start":{"line":1182,"column":6},"end":{"line":1182,"column":31}},"424":{"start":{"line":1184,"column":24},"end":{"line":1189,"column":5}},"425":{"start":{"line":1192,"column":8},"end":{"line":1200,"column":11}},"426":{"start":{"line":1202,"column":6},"end":{"line":1233,"column":6}},"427":{"start":{"line":1235,"column":6},"end":{"line":1235,"column":19}},"428":{"start":{"line":1239,"column":6},"end":{"line":1243,"column":7}},"429":{"start":{"line":1240,"column":8},"end":{"line":1240,"column":45}},"430":{"start":{"line":1242,"column":8},"end":{"line":1242,"column":42}},"431":{"start":{"line":1247,"column":24},"end":{"line":1247,"column":53}},"432":{"start":{"line":1248,"column":6},"end":{"line":1248,"column":52}},"433":{"start":{"line":1249,"column":6},"end":{"line":1249,"column":44}},"434":{"start":{"line":1250,"column":6},"end":{"line":1250,"column":41}},"435":{"start":{"line":1252,"column":30},"end":{"line":1252,"column":59}},"436":{"start":{"line":1254,"column":6},"end":{"line":1254,"column":40}},"437":{"start":{"line":1255,"column":6},"end":{"line":1255,"column":23}},"438":{"start":{"line":1259,"column":24},"end":{"line":1259,"column":53}},"439":{"start":{"line":1260,"column":6},"end":{"line":1260,"column":49}},"440":{"start":{"line":1261,"column":6},"end":{"line":1268,"column":10}},"441":{"start":{"line":1270,"column":24},"end":{"line":1270,"column":53}},"442":{"start":{"line":1271,"column":6},"end":{"line":1275,"column":10}},"443":{"start":{"line":1277,"column":38},"end":{"line":1281,"column":7}},"444":{"start":{"line":1283,"column":35},"end":{"line":1290,"column":7}},"445":{"start":{"line":1292,"column":6},"end":{"line":1293,"column":55}},"446":{"start":{"line":1294,"column":6},"end":{"line":1295,"column":53}},"447":{"start":{"line":1296,"column":6},"end":{"line":1296,"column":70}},"448":{"start":{"line":1298,"column":6},"end":{"line":1301,"column":9}},"449":{"start":{"line":1299,"column":8},"end":{"line":1299,"column":52}},"450":{"start":{"line":1300,"column":8},"end":{"line":1300,"column":23}},"451":{"start":{"line":1303,"column":6},"end":{"line":1306,"column":9}},"452":{"start":{"line":1304,"column":8},"end":{"line":1304,"column":63}},"453":{"start":{"line":1305,"column":8},"end":{"line":1305,"column":23}},"454":{"start":{"line":1308,"column":6},"end":{"line":1314,"column":8}},"455":{"start":{"line":1312,"column":10},"end":{"line":1312,"column":30}},"456":{"start":{"line":1316,"column":6},"end":{"line":1316,"column":55}},"457":{"start":{"line":1317,"column":6},"end":{"line":1317,"column":23}},"458":{"start":{"line":1321,"column":30},"end":{"line":1321,"column":59}},"459":{"start":{"line":1322,"column":6},"end":{"line":1327,"column":10}},"460":{"start":{"line":1329,"column":24},"end":{"line":1329,"column":53}},"461":{"start":{"line":1330,"column":6},"end":{"line":1334,"column":10}},"462":{"start":{"line":1336,"column":31},"end":{"line":1340,"column":7}},"463":{"start":{"line":1341,"column":32},"end":{"line":1345,"column":7}},"464":{"start":{"line":1347,"column":6},"end":{"line":1347,"column":70}},"465":{"start":{"line":1348,"column":6},"end":{"line":1348,"column":72}},"466":{"start":{"line":1350,"column":6},"end":{"line":1350,"column":60}},"467":{"start":{"line":1353,"column":25},"end":{"line":1353,"column":54}},"468":{"start":{"line":1354,"column":6},"end":{"line":1358,"column":10}},"469":{"start":{"line":1360,"column":31},"end":{"line":1364,"column":7}},"470":{"start":{"line":1365,"column":28},"end":{"line":1369,"column":7}},"471":{"start":{"line":1371,"column":6},"end":{"line":1371,"column":70}},"472":{"start":{"line":1372,"column":6},"end":{"line":1372,"column":64}},"473":{"start":{"line":1374,"column":6},"end":{"line":1374,"column":57}},"474":{"start":{"line":1376,"column":6},"end":{"line":1382,"column":8}},"475":{"start":{"line":1380,"column":10},"end":{"line":1380,"column":26}},"476":{"start":{"line":1384,"column":6},"end":{"line":1384,"column":73}},"477":{"start":{"line":1385,"column":6},"end":{"line":1385,"column":29}},"478":{"start":{"line":1389,"column":25},"end":{"line":1389,"column":54}},"479":{"start":{"line":1390,"column":6},"end":{"line":1390,"column":44}},"480":{"start":{"line":1392,"column":20},"end":{"line":1392,"column":51}},"481":{"start":{"line":1393,"column":6},"end":{"line":1393,"column":36}},"482":{"start":{"line":1394,"column":6},"end":{"line":1395,"column":94}},"483":{"start":{"line":1397,"column":20},"end":{"line":1397,"column":51}},"484":{"start":{"line":1398,"column":6},"end":{"line":1398,"column":20}},"485":{"start":{"line":1399,"column":6},"end":{"line":1399,"column":38}},"486":{"start":{"line":1400,"column":6},"end":{"line":1408,"column":10}},"487":{"start":{"line":1410,"column":6},"end":{"line":1410,"column":38}},"488":{"start":{"line":1411,"column":6},"end":{"line":1411,"column":24}},"489":{"start":{"line":1415,"column":25},"end":{"line":1415,"column":54}},"490":{"start":{"line":1416,"column":6},"end":{"line":1416,"column":44}},"491":{"start":{"line":1418,"column":20},"end":{"line":1418,"column":51}},"492":{"start":{"line":1419,"column":6},"end":{"line":1419,"column":36}},"493":{"start":{"line":1420,"column":6},"end":{"line":1421,"column":94}},"494":{"start":{"line":1423,"column":21},"end":{"line":1423,"column":53}},"495":{"start":{"line":1424,"column":6},"end":{"line":1424,"column":21}},"496":{"start":{"line":1425,"column":6},"end":{"line":1435,"column":10}},"497":{"start":{"line":1437,"column":6},"end":{"line":1442,"column":9}},"498":{"start":{"line":1438,"column":20},"end":{"line":1438,"column":52}},"499":{"start":{"line":1439,"column":8},"end":{"line":1439,"column":33}},"500":{"start":{"line":1440,"column":8},"end":{"line":1440,"column":38}},"501":{"start":{"line":1441,"column":8},"end":{"line":1441,"column":32}},"502":{"start":{"line":1444,"column":6},"end":{"line":1444,"column":39}},"503":{"start":{"line":1445,"column":6},"end":{"line":1445,"column":24}},"504":{"start":{"line":1449,"column":18},"end":{"line":1449,"column":47}},"505":{"start":{"line":1450,"column":6},"end":{"line":1450,"column":25}},"506":{"start":{"line":1451,"column":6},"end":{"line":1454,"column":28}},"507":{"start":{"line":1457,"column":8},"end":{"line":1457,"column":77}},"508":{"start":{"line":1459,"column":6},"end":{"line":1474,"column":10}},"509":{"start":{"line":1476,"column":6},"end":{"line":1490,"column":10}},"510":{"start":{"line":1492,"column":6},"end":{"line":1492,"column":17}},"511":{"start":{"line":1496,"column":21},"end":{"line":1496,"column":50}},"512":{"start":{"line":1497,"column":6},"end":{"line":1500,"column":31}},"513":{"start":{"line":1502,"column":6},"end":{"line":1510,"column":10}},"514":{"start":{"line":1512,"column":29},"end":{"line":1512,"column":58}},"515":{"start":{"line":1513,"column":6},"end":{"line":1517,"column":10}},"516":{"start":{"line":1519,"column":6},"end":{"line":1522,"column":8}},"517":{"start":{"line":1523,"column":6},"end":{"line":1523,"column":20}},"518":{"start":{"line":1527,"column":18},"end":{"line":1527,"column":50}},"519":{"start":{"line":1528,"column":6},"end":{"line":1528,"column":33}},"520":{"start":{"line":1529,"column":6},"end":{"line":1529,"column":29}},"521":{"start":{"line":1530,"column":6},"end":{"line":1547,"column":10}},"522":{"start":{"line":1549,"column":6},"end":{"line":1549,"column":39}},"523":{"start":{"line":1550,"column":6},"end":{"line":1550,"column":45}},"524":{"start":{"line":1552,"column":6},"end":{"line":1552,"column":17}},"525":{"start":{"line":1556,"column":18},"end":{"line":1556,"column":50}},"526":{"start":{"line":1557,"column":6},"end":{"line":1557,"column":38}},"527":{"start":{"line":1558,"column":6},"end":{"line":1558,"column":27}},"528":{"start":{"line":1559,"column":6},"end":{"line":1559,"column":24}},"529":{"start":{"line":1562,"column":30},"end":{"line":1562,"column":46}},"530":{"start":{"line":1563,"column":26},"end":{"line":1563,"column":54}},"531":{"start":{"line":1566,"column":6},"end":{"line":1569,"column":7}},"532":{"start":{"line":1567,"column":8},"end":{"line":1567,"column":28}},"533":{"start":{"line":1568,"column":8},"end":{"line":1568,"column":28}},"534":{"start":{"line":1571,"column":6},"end":{"line":1590,"column":10}},"535":{"start":{"line":1592,"column":6},"end":{"line":1594,"column":7}},"536":{"start":{"line":1593,"column":8},"end":{"line":1593,"column":34}},"537":{"start":{"line":1597,"column":6},"end":{"line":1599,"column":7}},"538":{"start":{"line":1598,"column":8},"end":{"line":1598,"column":47}},"539":{"start":{"line":1602,"column":28},"end":{"line":1602,"column":32}},"540":{"start":{"line":1603,"column":6},"end":{"line":1611,"column":7}},"541":{"start":{"line":1604,"column":27},"end":{"line":1604,"column":51}},"542":{"start":{"line":1605,"column":8},"end":{"line":1610,"column":9}},"543":{"start":{"line":1606,"column":30},"end":{"line":1606,"column":62}},"544":{"start":{"line":1607,"column":10},"end":{"line":1609,"column":11}},"545":{"start":{"line":1608,"column":12},"end":{"line":1608,"column":63}},"546":{"start":{"line":1613,"column":6},"end":{"line":1631,"column":9}},"547":{"start":{"line":1615,"column":8},"end":{"line":1630,"column":9}},"548":{"start":{"line":1616,"column":10},"end":{"line":1616,"column":61}},"549":{"start":{"line":1617,"column":10},"end":{"line":1617,"column":35}},"550":{"start":{"line":1618,"column":10},"end":{"line":1618,"column":45}},"551":{"start":{"line":1621,"column":10},"end":{"line":1629,"column":11}},"552":{"start":{"line":1622,"column":31},"end":{"line":1622,"column":55}},"553":{"start":{"line":1623,"column":12},"end":{"line":1628,"column":13}},"554":{"start":{"line":1624,"column":34},"end":{"line":1624,"column":66}},"555":{"start":{"line":1625,"column":14},"end":{"line":1627,"column":15}},"556":{"start":{"line":1626,"column":16},"end":{"line":1626,"column":57}},"557":{"start":{"line":1633,"column":6},"end":{"line":1654,"column":9}},"558":{"start":{"line":1635,"column":8},"end":{"line":1653,"column":9}},"559":{"start":{"line":1636,"column":10},"end":{"line":1639,"column":38}},"560":{"start":{"line":1640,"column":10},"end":{"line":1640,"column":51}},"561":{"start":{"line":1641,"column":10},"end":{"line":1641,"column":43}},"562":{"start":{"line":1644,"column":10},"end":{"line":1652,"column":11}},"563":{"start":{"line":1645,"column":31},"end":{"line":1645,"column":55}},"564":{"start":{"line":1646,"column":12},"end":{"line":1651,"column":13}},"565":{"start":{"line":1647,"column":34},"end":{"line":1647,"column":66}},"566":{"start":{"line":1648,"column":14},"end":{"line":1650,"column":15}},"567":{"start":{"line":1649,"column":16},"end":{"line":1649,"column":66}},"568":{"start":{"line":1656,"column":6},"end":{"line":1656,"column":17}},"569":{"start":{"line":1660,"column":6},"end":{"line":1662,"column":9}},"570":{"start":{"line":1661,"column":8},"end":{"line":1661,"column":73}},"571":{"start":{"line":1664,"column":6},"end":{"line":1666,"column":9}},"572":{"start":{"line":1665,"column":8},"end":{"line":1665,"column":59}},"573":{"start":{"line":1670,"column":21},"end":{"line":1670,"column":75}},"574":{"start":{"line":1672,"column":6},"end":{"line":1672,"column":26}},"575":{"start":{"line":1672,"column":19},"end":{"line":1672,"column":26}},"576":{"start":{"line":1674,"column":6},"end":{"line":1674,"column":35}},"577":{"start":{"line":1676,"column":23},"end":{"line":1676,"column":28}},"578":{"start":{"line":1677,"column":19},"end":{"line":1677,"column":20}},"579":{"start":{"line":1678,"column":17},"end":{"line":1678,"column":18}},"580":{"start":{"line":1679,"column":21},"end":{"line":1679,"column":37}},"581":{"start":{"line":1680,"column":19},"end":{"line":1680,"column":34}},"582":{"start":{"line":1682,"column":6},"end":{"line":1690,"column":9}},"583":{"start":{"line":1683,"column":8},"end":{"line":1683,"column":26}},"584":{"start":{"line":1684,"column":8},"end":{"line":1684,"column":27}},"585":{"start":{"line":1685,"column":8},"end":{"line":1685,"column":27}},"586":{"start":{"line":1686,"column":8},"end":{"line":1686,"column":36}},"587":{"start":{"line":1687,"column":8},"end":{"line":1687,"column":35}},"588":{"start":{"line":1688,"column":8},"end":{"line":1688,"column":40}},"589":{"start":{"line":1689,"column":8},"end":{"line":1689,"column":42}},"590":{"start":{"line":1692,"column":6},"end":{"line":1701,"column":9}},"591":{"start":{"line":1693,"column":8},"end":{"line":1693,"column":32}},"592":{"start":{"line":1693,"column":25},"end":{"line":1693,"column":32}},"593":{"start":{"line":1695,"column":19},"end":{"line":1695,"column":37}},"594":{"start":{"line":1696,"column":19},"end":{"line":1696,"column":37}},"595":{"start":{"line":1698,"column":8},"end":{"line":1698,"column":48}},"596":{"start":{"line":1699,"column":8},"end":{"line":1699,"column":47}},"597":{"start":{"line":1700,"column":8},"end":{"line":1700,"column":35}},"598":{"start":{"line":1703,"column":6},"end":{"line":1709,"column":9}},"599":{"start":{"line":1704,"column":8},"end":{"line":1708,"column":9}},"600":{"start":{"line":1705,"column":10},"end":{"line":1705,"column":29}},"601":{"start":{"line":1706,"column":10},"end":{"line":1706,"column":51}},"602":{"start":{"line":1707,"column":10},"end":{"line":1707,"column":44}},"603":{"start":{"line":1713,"column":6},"end":{"line":1713,"column":56}},"604":{"start":{"line":1714,"column":6},"end":{"line":1732,"column":6}},"605":{"start":{"line":1734,"column":24},"end":{"line":1739,"column":5}},"606":{"start":{"line":1741,"column":6},"end":{"line":1741,"column":46}},"607":{"start":{"line":1743,"column":6},"end":{"line":1746,"column":9}},"608":{"start":{"line":1744,"column":8},"end":{"line":1744,"column":57}},"609":{"start":{"line":1745,"column":8},"end":{"line":1745,"column":87}},"610":{"start":{"line":1748,"column":6},"end":{"line":1751,"column":9}},"611":{"start":{"line":1749,"column":8},"end":{"line":1749,"column":55}},"612":{"start":{"line":1750,"column":8},"end":{"line":1750,"column":87}},"613":{"start":{"line":1753,"column":6},"end":{"line":1757,"column":9}},"614":{"start":{"line":1754,"column":8},"end":{"line":1754,"column":34}},"615":{"start":{"line":1755,"column":8},"end":{"line":1755,"column":57}},"616":{"start":{"line":1756,"column":8},"end":{"line":1756,"column":49}},"617":{"start":{"line":1759,"column":6},"end":{"line":1759,"column":51}},"618":{"start":{"line":1763,"column":6},"end":{"line":1763,"column":33}},"619":{"start":{"line":1765,"column":16},"end":{"line":1765,"column":49}},"620":{"start":{"line":1766,"column":16},"end":{"line":1766,"column":49}},"621":{"start":{"line":1767,"column":16},"end":{"line":1767,"column":49}},"622":{"start":{"line":1769,"column":6},"end":{"line":1769,"column":32}},"623":{"start":{"line":1777,"column":19},"end":{"line":1806,"column":3}},"624":{"start":{"line":1809,"column":4},"end":{"line":1812,"column":6}},"625":{"start":{"line":1813,"column":4},"end":{"line":1813,"column":79}},"626":{"start":{"line":1814,"column":4},"end":{"line":1814,"column":53}},"627":{"start":{"line":1816,"column":4},"end":{"line":1816,"column":69}},"628":{"start":{"line":1818,"column":4},"end":{"line":1821,"column":6}},"629":{"start":{"line":1823,"column":4},"end":{"line":1828,"column":5}},"630":{"start":{"line":1824,"column":6},"end":{"line":1827,"column":8}},"631":{"start":{"line":1830,"column":4},"end":{"line":1834,"column":5}},"632":{"start":{"line":1831,"column":6},"end":{"line":1831,"column":72}},"633":{"start":{"line":1833,"column":6},"end":{"line":1833,"column":49}},"634":{"start":{"line":1836,"column":4},"end":{"line":1839,"column":6}},"635":{"start":{"line":1841,"column":4},"end":{"line":1844,"column":6}},"636":{"start":{"line":1846,"column":4},"end":{"line":1848,"column":5}},"637":{"start":{"line":1847,"column":6},"end":{"line":1847,"column":46}},"638":{"start":{"line":1852,"column":19},"end":{"line":1852,"column":48}},"639":{"start":{"line":1853,"column":4},"end":{"line":1853,"column":39}},"640":{"start":{"line":1854,"column":4},"end":{"line":1870,"column":6}},"641":{"start":{"line":1872,"column":4},"end":{"line":1941,"column":6}},"642":{"start":{"line":1943,"column":25},"end":{"line":1943,"column":58}},"643":{"start":{"line":1945,"column":26},"end":{"line":1945,"column":55}},"644":{"start":{"line":1946,"column":4},"end":{"line":1952,"column":6}},"645":{"start":{"line":1954,"column":4},"end":{"line":1976,"column":6}},"646":{"start":{"line":1978,"column":26},"end":{"line":1978,"column":55}},"647":{"start":{"line":1979,"column":4},"end":{"line":1983,"column":6}},"648":{"start":{"line":1985,"column":18},"end":{"line":1985,"column":50}},"649":{"start":{"line":1986,"column":4},"end":{"line":1986,"column":31}},"650":{"start":{"line":1987,"column":4},"end":{"line":1987,"column":44}},"651":{"start":{"line":1988,"column":4},"end":{"line":1998,"column":6}},"652":{"start":{"line":2000,"column":24},"end":{"line":2000,"column":56}},"653":{"start":{"line":2001,"column":4},"end":{"line":2001,"column":37}},"654":{"start":{"line":2002,"column":4},"end":{"line":2002,"column":43}},"655":{"start":{"line":2003,"column":4},"end":{"line":2013,"column":6}},"656":{"start":{"line":2015,"column":4},"end":{"line":2015,"column":45}},"657":{"start":{"line":2017,"column":28},"end":{"line":2017,"column":57}},"658":{"start":{"line":2018,"column":4},"end":{"line":2018,"column":45}},"659":{"start":{"line":2020,"column":30},"end":{"line":2024,"column":5}},"660":{"start":{"line":2023,"column":12},"end":{"line":2023,"column":52}},"661":{"start":{"line":2026,"column":24},"end":{"line":2026,"column":53}},"662":{"start":{"line":2028,"column":22},"end":{"line":2028,"column":56}},"663":{"start":{"line":2029,"column":4},"end":{"line":2029,"column":35}},"664":{"start":{"line":2030,"column":4},"end":{"line":2030,"column":23}},"665":{"start":{"line":2031,"column":4},"end":{"line":2042,"column":6}},"666":{"start":{"line":2044,"column":4},"end":{"line":2044,"column":35}},"667":{"start":{"line":2045,"column":4},"end":{"line":2045,"column":34}},"668":{"start":{"line":2046,"column":4},"end":{"line":2046,"column":40}},"669":{"start":{"line":2048,"column":40},"end":{"line":2052,"column":5}},"670":{"start":{"line":2051,"column":12},"end":{"line":2051,"column":64}},"671":{"start":{"line":2054,"column":34},"end":{"line":2054,"column":73}},"672":{"start":{"line":2055,"column":36},"end":{"line":2055,"column":65}},"673":{"start":{"line":2056,"column":4},"end":{"line":2056,"column":61}},"674":{"start":{"line":2057,"column":4},"end":{"line":2062,"column":6}},"675":{"start":{"line":2064,"column":31},"end":{"line":2064,"column":60}},"676":{"start":{"line":2065,"column":4},"end":{"line":2065,"column":51}},"677":{"start":{"line":2066,"column":4},"end":{"line":2073,"column":6}},"678":{"start":{"line":2075,"column":26},"end":{"line":2075,"column":58}},"679":{"start":{"line":2076,"column":4},"end":{"line":2076,"column":44}},"680":{"start":{"line":2077,"column":4},"end":{"line":2089,"column":6}},"681":{"start":{"line":2091,"column":4},"end":{"line":2093,"column":7}},"682":{"start":{"line":2092,"column":6},"end":{"line":2092,"column":69}},"683":{"start":{"line":2095,"column":4},"end":{"line":2097,"column":7}},"684":{"start":{"line":2096,"column":6},"end":{"line":2096,"column":69}},"685":{"start":{"line":2099,"column":4},"end":{"line":2105,"column":7}},"686":{"start":{"line":2100,"column":6},"end":{"line":2103,"column":7}},"687":{"start":{"line":2101,"column":8},"end":{"line":2101,"column":53}},"688":{"start":{"line":2102,"column":8},"end":{"line":2102,"column":15}},"689":{"start":{"line":2104,"column":6},"end":{"line":2104,"column":28}},"690":{"start":{"line":2107,"column":4},"end":{"line":2107,"column":70}},"691":{"start":{"line":2108,"column":4},"end":{"line":2108,"column":58}},"692":{"start":{"line":2109,"column":4},"end":{"line":2109,"column":50}},"693":{"start":{"line":2111,"column":34},"end":{"line":2111,"column":63}},"694":{"start":{"line":2112,"column":4},"end":{"line":2112,"column":57}},"695":{"start":{"line":2113,"column":4},"end":{"line":2113,"column":49}},"696":{"start":{"line":2115,"column":35},"end":{"line":2119,"column":5}},"697":{"start":{"line":2118,"column":12},"end":{"line":2118,"column":67}},"698":{"start":{"line":2121,"column":29},"end":{"line":2121,"column":63}},"699":{"start":{"line":2123,"column":6},"end":{"line":2123,"column":49}},"700":{"start":{"line":2125,"column":28},"end":{"line":2132,"column":5}},"701":{"start":{"line":2129,"column":8},"end":{"line":2129,"column":37}},"702":{"start":{"line":2134,"column":4},"end":{"line":2134,"column":58}},"703":{"start":{"line":2136,"column":40},"end":{"line":2140,"column":5}},"704":{"start":{"line":2139,"column":12},"end":{"line":2139,"column":68}},"705":{"start":{"line":2142,"column":34},"end":{"line":2142,"column":73}},"706":{"start":{"line":2144,"column":6},"end":{"line":2144,"column":54}},"707":{"start":{"line":2146,"column":33},"end":{"line":2153,"column":5}},"708":{"start":{"line":2150,"column":8},"end":{"line":2150,"column":45}},"709":{"start":{"line":2155,"column":4},"end":{"line":2155,"column":68}},"710":{"start":{"line":2157,"column":44},"end":{"line":2161,"column":5}},"711":{"start":{"line":2160,"column":12},"end":{"line":2160,"column":71}},"712":{"start":{"line":2164,"column":6},"end":{"line":2164,"column":49}},"713":{"start":{"line":2166,"column":6},"end":{"line":2166,"column":58}},"714":{"start":{"line":2168,"column":37},"end":{"line":2175,"column":5}},"715":{"start":{"line":2172,"column":8},"end":{"line":2172,"column":46}},"716":{"start":{"line":2177,"column":4},"end":{"line":2177,"column":76}},"717":{"start":{"line":2179,"column":37},"end":{"line":2183,"column":5}},"718":{"start":{"line":2182,"column":12},"end":{"line":2182,"column":74}},"719":{"start":{"line":2185,"column":31},"end":{"line":2185,"column":67}},"720":{"start":{"line":2187,"column":6},"end":{"line":2187,"column":51}},"721":{"start":{"line":2189,"column":4},"end":{"line":2191,"column":5}},"722":{"start":{"line":2190,"column":6},"end":{"line":2190,"column":39}},"723":{"start":{"line":2193,"column":31},"end":{"line":2193,"column":60}},"724":{"start":{"line":2194,"column":4},"end":{"line":2200,"column":6}},"725":{"start":{"line":2202,"column":25},"end":{"line":2202,"column":57}},"726":{"start":{"line":2203,"column":4},"end":{"line":2203,"column":45}},"727":{"start":{"line":2204,"column":4},"end":{"line":2204,"column":40}},"728":{"start":{"line":2205,"column":4},"end":{"line":2216,"column":6}},"729":{"start":{"line":2218,"column":28},"end":{"line":2218,"column":57}},"730":{"start":{"line":2219,"column":4},"end":{"line":2219,"column":49}},"731":{"start":{"line":2220,"column":4},"end":{"line":2231,"column":6}},"732":{"start":{"line":2232,"column":24},"end":{"line":2234,"column":9}},"733":{"start":{"line":2235,"column":4},"end":{"line":2236,"column":59}},"734":{"start":{"line":2238,"column":38},"end":{"line":2273,"column":8}},"735":{"start":{"line":2240,"column":8},"end":{"line":2240,"column":77}},"736":{"start":{"line":2241,"column":27},"end":{"line":2241,"column":77}},"737":{"start":{"line":2242,"column":6},"end":{"line":2242,"column":68}},"738":{"start":{"line":2242,"column":28},"end":{"line":2242,"column":68}},"739":{"start":{"line":2244,"column":6},"end":{"line":2272,"column":8}},"740":{"start":{"line":2248,"column":10},"end":{"line":2267,"column":11}},"741":{"start":{"line":2253,"column":12},"end":{"line":2253,"column":50}},"742":{"start":{"line":2255,"column":27},"end":{"line":2257,"column":13}},"743":{"start":{"line":2258,"column":30},"end":{"line":2260,"column":13}},"744":{"start":{"line":2262,"column":12},"end":{"line":2262,"column":56}},"745":{"start":{"line":2263,"column":12},"end":{"line":2263,"column":53}},"746":{"start":{"line":2264,"column":12},"end":{"line":2266,"column":30}},"747":{"start":{"line":2268,"column":10},"end":{"line":2268,"column":52}},"748":{"start":{"line":2269,"column":10},"end":{"line":2269,"column":22}},"749":{"start":{"line":2275,"column":28},"end":{"line":2275,"column":59}},"750":{"start":{"line":2276,"column":4},"end":{"line":2276,"column":46}},"751":{"start":{"line":2277,"column":4},"end":{"line":2277,"column":34}},"752":{"start":{"line":2278,"column":4},"end":{"line":2278,"column":39}},"753":{"start":{"line":2279,"column":4},"end":{"line":2279,"column":43}},"754":{"start":{"line":2281,"column":37},"end":{"line":2281,"column":66}},"755":{"start":{"line":2282,"column":4},"end":{"line":2282,"column":63}},"756":{"start":{"line":2283,"column":4},"end":{"line":2288,"column":6}},"757":{"start":{"line":2291,"column":25},"end":{"line":2291,"column":54}},"758":{"start":{"line":2292,"column":6},"end":{"line":2300,"column":10}},"759":{"start":{"line":2302,"column":27},"end":{"line":2302,"column":57}},"760":{"start":{"line":2303,"column":6},"end":{"line":2303,"column":45}},"761":{"start":{"line":2304,"column":6},"end":{"line":2310,"column":10}},"762":{"start":{"line":2312,"column":24},"end":{"line":2312,"column":56}},"763":{"start":{"line":2313,"column":6},"end":{"line":2313,"column":35}},"764":{"start":{"line":2314,"column":6},"end":{"line":2322,"column":10}},"765":{"start":{"line":2324,"column":6},"end":{"line":2346,"column":9}},"766":{"start":{"line":2325,"column":8},"end":{"line":2325,"column":53}},"767":{"start":{"line":2327,"column":8},"end":{"line":2327,"column":28}},"768":{"start":{"line":2329,"column":8},"end":{"line":2338,"column":9}},"769":{"start":{"line":2330,"column":10},"end":{"line":2330,"column":56}},"770":{"start":{"line":2331,"column":30},"end":{"line":2333,"column":11}},"771":{"start":{"line":2334,"column":10},"end":{"line":2337,"column":11}},"772":{"start":{"line":2335,"column":12},"end":{"line":2335,"column":40}},"773":{"start":{"line":2336,"column":12},"end":{"line":2336,"column":59}},"774":{"start":{"line":2340,"column":8},"end":{"line":2345,"column":9}},"775":{"start":{"line":2344,"column":10},"end":{"line":2344,"column":39}},"776":{"start":{"line":2348,"column":6},"end":{"line":2348,"column":43}},"777":{"start":{"line":2349,"column":6},"end":{"line":2349,"column":40}},"778":{"start":{"line":2351,"column":6},"end":{"line":2351,"column":24}},"779":{"start":{"line":2354,"column":4},"end":{"line":2359,"column":5}},"780":{"start":{"line":2355,"column":6},"end":{"line":2358,"column":9}},"781":{"start":{"line":2356,"column":27},"end":{"line":2356,"column":58}},"782":{"start":{"line":2357,"column":8},"end":{"line":2357,"column":57}},"783":{"start":{"line":2361,"column":4},"end":{"line":2363,"column":7}},"784":{"start":{"line":2362,"column":6},"end":{"line":2362,"column":30}},"785":{"start":{"line":2365,"column":4},"end":{"line":2414,"column":7}},"786":{"start":{"line":2366,"column":6},"end":{"line":2413,"column":7}},"787":{"start":{"line":2367,"column":21},"end":{"line":2367,"column":38}},"788":{"start":{"line":2369,"column":28},"end":{"line":2371,"column":9}},"789":{"start":{"line":2370,"column":22},"end":{"line":2370,"column":47}},"790":{"start":{"line":2372,"column":8},"end":{"line":2379,"column":9}},"791":{"start":{"line":2373,"column":10},"end":{"line":2377,"column":11}},"792":{"start":{"line":2374,"column":12},"end":{"line":2374,"column":49}},"793":{"start":{"line":2376,"column":12},"end":{"line":2376,"column":29}},"794":{"start":{"line":2378,"column":10},"end":{"line":2378,"column":17}},"795":{"start":{"line":2381,"column":23},"end":{"line":2381,"column":39}},"796":{"start":{"line":2382,"column":8},"end":{"line":2411,"column":10}},"797":{"start":{"line":2383,"column":28},"end":{"line":2386,"column":11}},"798":{"start":{"line":2388,"column":10},"end":{"line":2388,"column":54}},"799":{"start":{"line":2390,"column":24},"end":{"line":2390,"column":62}},"800":{"start":{"line":2391,"column":29},"end":{"line":2391,"column":63}},"801":{"start":{"line":2392,"column":10},"end":{"line":2392,"column":59}},"802":{"start":{"line":2394,"column":10},"end":{"line":2403,"column":11}},"803":{"start":{"line":2395,"column":12},"end":{"line":2395,"column":57}},"804":{"start":{"line":2396,"column":32},"end":{"line":2398,"column":13}},"805":{"start":{"line":2399,"column":12},"end":{"line":2402,"column":13}},"806":{"start":{"line":2400,"column":14},"end":{"line":2400,"column":41}},"807":{"start":{"line":2401,"column":14},"end":{"line":2401,"column":61}},"808":{"start":{"line":2405,"column":10},"end":{"line":2410,"column":11}},"809":{"start":{"line":2409,"column":12},"end":{"line":2409,"column":41}},"810":{"start":{"line":2412,"column":8},"end":{"line":2412,"column":35}},"811":{"start":{"line":2416,"column":4},"end":{"line":2420,"column":6}},"812":{"start":{"line":2421,"column":4},"end":{"line":2421,"column":70}},"813":{"start":{"line":2422,"column":4},"end":{"line":2422,"column":50}},"814":{"start":{"line":2424,"column":41},"end":{"line":2428,"column":5}},"815":{"start":{"line":2427,"column":12},"end":{"line":2427,"column":77}},"816":{"start":{"line":2430,"column":35},"end":{"line":2430,"column":75}},"817":{"start":{"line":2432,"column":25},"end":{"line":2432,"column":54}},"818":{"start":{"line":2433,"column":4},"end":{"line":2433,"column":48}},"819":{"start":{"line":2434,"column":4},"end":{"line":2434,"column":45}},"820":{"start":{"line":2435,"column":4},"end":{"line":2439,"column":6}},"821":{"start":{"line":2441,"column":25},"end":{"line":2441,"column":54}},"822":{"start":{"line":2442,"column":4},"end":{"line":2442,"column":45}},"823":{"start":{"line":2443,"column":4},"end":{"line":2455,"column":6}},"824":{"start":{"line":2457,"column":26},"end":{"line":2457,"column":55}},"825":{"start":{"line":2458,"column":4},"end":{"line":2458,"column":45}},"826":{"start":{"line":2459,"column":4},"end":{"line":2467,"column":6}},"827":{"start":{"line":2468,"column":4},"end":{"line":2468,"column":55}},"828":{"start":{"line":2470,"column":23},"end":{"line":2470,"column":52}},"829":{"start":{"line":2471,"column":4},"end":{"line":2471,"column":41}},"830":{"start":{"line":2472,"column":4},"end":{"line":2472,"column":37}},"831":{"start":{"line":2473,"column":4},"end":{"line":2477,"column":6}},"832":{"start":{"line":2479,"column":24},"end":{"line":2479,"column":56}},"833":{"start":{"line":2480,"column":4},"end":{"line":2480,"column":43}},"834":{"start":{"line":2481,"column":4},"end":{"line":2481,"column":32}},"835":{"start":{"line":2482,"column":4},"end":{"line":2491,"column":6}},"836":{"start":{"line":2493,"column":4},"end":{"line":2493,"column":64}},"837":{"start":{"line":2495,"column":26},"end":{"line":2495,"column":55}},"838":{"start":{"line":2496,"column":4},"end":{"line":2496,"column":47}},"839":{"start":{"line":2497,"column":4},"end":{"line":2513,"column":6}},"840":{"start":{"line":2515,"column":4},"end":{"line":2532,"column":6}},"841":{"start":{"line":2534,"column":30},"end":{"line":2543,"column":5}},"842":{"start":{"line":2545,"column":4},"end":{"line":2591,"column":7}},"843":{"start":{"line":2546,"column":27},"end":{"line":2546,"column":56}},"844":{"start":{"line":2547,"column":6},"end":{"line":2553,"column":16}},"845":{"start":{"line":2554,"column":6},"end":{"line":2554,"column":48}},"846":{"start":{"line":2555,"column":6},"end":{"line":2563,"column":10}},"847":{"start":{"line":2565,"column":24},"end":{"line":2565,"column":54}},"848":{"start":{"line":2566,"column":6},"end":{"line":2566,"column":41}},"849":{"start":{"line":2567,"column":6},"end":{"line":2567,"column":32}},"850":{"start":{"line":2568,"column":6},"end":{"line":2578,"column":10}},"851":{"start":{"line":2580,"column":23},"end":{"line":2580,"column":53}},"852":{"start":{"line":2581,"column":6},"end":{"line":2581,"column":41}},"853":{"start":{"line":2583,"column":6},"end":{"line":2583,"column":47}},"854":{"start":{"line":2585,"column":6},"end":{"line":2588,"column":9}},"855":{"start":{"line":2586,"column":8},"end":{"line":2586,"column":28}},"856":{"start":{"line":2587,"column":8},"end":{"line":2587,"column":41}},"857":{"start":{"line":2590,"column":6},"end":{"line":2590,"column":46}},"858":{"start":{"line":2593,"column":4},"end":{"line":2604,"column":7}},"859":{"start":{"line":2594,"column":6},"end":{"line":2597,"column":7}},"860":{"start":{"line":2595,"column":8},"end":{"line":2595,"column":49}},"861":{"start":{"line":2596,"column":8},"end":{"line":2596,"column":15}},"862":{"start":{"line":2598,"column":6},"end":{"line":2599,"column":67}},"863":{"start":{"line":2600,"column":6},"end":{"line":2603,"column":24}},"864":{"start":{"line":2606,"column":4},"end":{"line":2610,"column":7}},"865":{"start":{"line":2607,"column":6},"end":{"line":2607,"column":26}},"866":{"start":{"line":2608,"column":6},"end":{"line":2608,"column":44}},"867":{"start":{"line":2609,"column":6},"end":{"line":2609,"column":28}},"868":{"start":{"line":2612,"column":4},"end":{"line":2617,"column":7}},"869":{"start":{"line":2613,"column":6},"end":{"line":2616,"column":7}},"870":{"start":{"line":2614,"column":8},"end":{"line":2614,"column":45}},"871":{"start":{"line":2615,"column":8},"end":{"line":2615,"column":49}},"872":{"start":{"line":2619,"column":4},"end":{"line":2622,"column":7}},"873":{"start":{"line":2620,"column":6},"end":{"line":2620,"column":64}},"874":{"start":{"line":2621,"column":6},"end":{"line":2621,"column":72}},"875":{"start":{"line":2624,"column":4},"end":{"line":2629,"column":7}},"876":{"start":{"line":2625,"column":6},"end":{"line":2628,"column":7}},"877":{"start":{"line":2626,"column":8},"end":{"line":2626,"column":51}},"878":{"start":{"line":2627,"column":8},"end":{"line":2627,"column":71}},"879":{"start":{"line":2631,"column":4},"end":{"line":2634,"column":7}},"880":{"start":{"line":2632,"column":6},"end":{"line":2632,"column":64}},"881":{"start":{"line":2633,"column":6},"end":{"line":2633,"column":72}},"882":{"start":{"line":2636,"column":4},"end":{"line":2639,"column":7}},"883":{"start":{"line":2637,"column":6},"end":{"line":2637,"column":49}},"884":{"start":{"line":2638,"column":6},"end":{"line":2638,"column":69}},"885":{"start":{"line":2641,"column":4},"end":{"line":2641,"column":53}},"886":{"start":{"line":2642,"column":4},"end":{"line":2642,"column":48}},"887":{"start":{"line":2644,"column":4},"end":{"line":2650,"column":6}},"888":{"start":{"line":2652,"column":4},"end":{"line":2654,"column":7}},"889":{"start":{"line":2653,"column":6},"end":{"line":2653,"column":43}},"890":{"start":{"line":2656,"column":4},"end":{"line":2658,"column":7}},"891":{"start":{"line":2657,"column":6},"end":{"line":2657,"column":55}},"892":{"start":{"line":2660,"column":25},"end":{"line":2660,"column":54}},"893":{"start":{"line":2661,"column":4},"end":{"line":2668,"column":6}},"894":{"start":{"line":2670,"column":22},"end":{"line":2672,"column":6}},"895":{"start":{"line":2671,"column":6},"end":{"line":2671,"column":36}},"896":{"start":{"line":2674,"column":20},"end":{"line":2691,"column":5}},"897":{"start":{"line":2678,"column":8},"end":{"line":2689,"column":9}},"898":{"start":{"line":2679,"column":30},"end":{"line":2679,"column":70}},"899":{"start":{"line":2680,"column":10},"end":{"line":2680,"column":66}},"900":{"start":{"line":2682,"column":10},"end":{"line":2682,"column":25}},"901":{"start":{"line":2684,"column":10},"end":{"line":2684,"column":36}},"902":{"start":{"line":2685,"column":10},"end":{"line":2685,"column":40}},"903":{"start":{"line":2687,"column":10},"end":{"line":2687,"column":62}},"904":{"start":{"line":2688,"column":10},"end":{"line":2688,"column":42}},"905":{"start":{"line":2693,"column":4},"end":{"line":2693,"column":44}},"906":{"start":{"line":2695,"column":4},"end":{"line":2699,"column":6}},"907":{"start":{"line":2700,"column":4},"end":{"line":2700,"column":61}},"908":{"start":{"line":2702,"column":4},"end":{"line":2706,"column":7}},"909":{"start":{"line":2703,"column":6},"end":{"line":2705,"column":7}},"910":{"start":{"line":2704,"column":8},"end":{"line":2704,"column":38}},"911":{"start":{"line":2708,"column":4},"end":{"line":2708,"column":18}},"912":{"start":{"line":2712,"column":17},"end":{"line":2712,"column":64}},"913":{"start":{"line":2713,"column":4},"end":{"line":2716,"column":5}},"914":{"start":{"line":2714,"column":6},"end":{"line":2714,"column":38}},"915":{"start":{"line":2715,"column":6},"end":{"line":2715,"column":40}},"916":{"start":{"line":2718,"column":4},"end":{"line":2718,"column":34}},"917":{"start":{"line":2720,"column":4},"end":{"line":2723,"column":11}},"918":{"start":{"line":2721,"column":6},"end":{"line":2721,"column":37}},"919":{"start":{"line":2722,"column":6},"end":{"line":2722,"column":42}},"920":{"start":{"line":2727,"column":4},"end":{"line":2745,"column":5}},"921":{"start":{"line":2728,"column":6},"end":{"line":2729,"column":70}},"922":{"start":{"line":2731,"column":6},"end":{"line":2744,"column":7}},"923":{"start":{"line":2732,"column":8},"end":{"line":2732,"column":51}},"924":{"start":{"line":2734,"column":8},"end":{"line":2739,"column":9}},"925":{"start":{"line":2735,"column":10},"end":{"line":2736,"column":72}},"926":{"start":{"line":2736,"column":59},"end":{"line":2736,"column":70}},"927":{"start":{"line":2738,"column":10},"end":{"line":2738,"column":55}},"928":{"start":{"line":2741,"column":8},"end":{"line":2743,"column":9}},"929":{"start":{"line":2742,"column":10},"end":{"line":2742,"column":52}},"930":{"start":{"line":2747,"column":4},"end":{"line":2749,"column":5}},"931":{"start":{"line":2748,"column":6},"end":{"line":2748,"column":80}},"932":{"start":{"line":2751,"column":4},"end":{"line":2751,"column":26}},"933":{"start":{"line":2755,"column":20},"end":{"line":2757,"column":5}},"934":{"start":{"line":2758,"column":4},"end":{"line":2780,"column":7}},"935":{"start":{"line":2759,"column":25},"end":{"line":2761,"column":7}},"936":{"start":{"line":2762,"column":6},"end":{"line":2762,"column":75}},"937":{"start":{"line":2763,"column":6},"end":{"line":2765,"column":17}},"938":{"start":{"line":2767,"column":6},"end":{"line":2779,"column":7}},"939":{"start":{"line":2768,"column":8},"end":{"line":2775,"column":9}},"940":{"start":{"line":2769,"column":10},"end":{"line":2774,"column":13}},"941":{"start":{"line":2770,"column":12},"end":{"line":2773,"column":13}},"942":{"start":{"line":2771,"column":14},"end":{"line":2771,"column":46}},"943":{"start":{"line":2772,"column":14},"end":{"line":2772,"column":70}},"944":{"start":{"line":2776,"column":13},"end":{"line":2779,"column":7}},"945":{"start":{"line":2777,"column":8},"end":{"line":2777,"column":67}},"946":{"start":{"line":2778,"column":8},"end":{"line":2778,"column":43}},"947":{"start":{"line":2782,"column":4},"end":{"line":2784,"column":43}},"948":{"start":{"line":2786,"column":4},"end":{"line":2792,"column":17}},"949":{"start":{"line":2794,"column":4},"end":{"line":2796,"column":5}},"950":{"start":{"line":2795,"column":6},"end":{"line":2795,"column":80}},"951":{"start":{"line":2800,"column":4},"end":{"line":2802,"column":5}},"952":{"start":{"line":2801,"column":6},"end":{"line":2801,"column":18}},"953":{"start":{"line":2804,"column":4},"end":{"line":2806,"column":5}},"954":{"start":{"line":2805,"column":6},"end":{"line":2805,"column":19}},"955":{"start":{"line":2808,"column":4},"end":{"line":2810,"column":5}},"956":{"start":{"line":2809,"column":6},"end":{"line":2809,"column":56}},"957":{"start":{"line":2812,"column":4},"end":{"line":2812,"column":135}},"958":{"start":{"line":2816,"column":24},"end":{"line":2816,"column":64}},"959":{"start":{"line":2817,"column":4},"end":{"line":2819,"column":5}},"960":{"start":{"line":2818,"column":6},"end":{"line":2818,"column":43}},"961":{"start":{"line":2821,"column":27},"end":{"line":2823,"column":5}},"962":{"start":{"line":2824,"column":4},"end":{"line":2826,"column":5}},"963":{"start":{"line":2825,"column":6},"end":{"line":2825,"column":50}},"964":{"start":{"line":2828,"column":32},"end":{"line":2830,"column":5}},"965":{"start":{"line":2831,"column":4},"end":{"line":2833,"column":5}},"966":{"start":{"line":2832,"column":6},"end":{"line":2832,"column":63}},"967":{"start":{"line":2835,"column":36},"end":{"line":2837,"column":5}},"968":{"start":{"line":2838,"column":4},"end":{"line":2840,"column":5}},"969":{"start":{"line":2839,"column":6},"end":{"line":2839,"column":68}},"970":{"start":{"line":2842,"column":37},"end":{"line":2844,"column":5}},"971":{"start":{"line":2845,"column":4},"end":{"line":2850,"column":5}},"972":{"start":{"line":2846,"column":6},"end":{"line":2849,"column":41}},"973":{"start":{"line":2852,"column":38},"end":{"line":2854,"column":5}},"974":{"start":{"line":2855,"column":4},"end":{"line":2857,"column":5}},"975":{"start":{"line":2856,"column":6},"end":{"line":2856,"column":67}},"976":{"start":{"line":2859,"column":4},"end":{"line":2862,"column":5}},"977":{"start":{"line":2860,"column":6},"end":{"line":2861,"column":52}},"978":{"start":{"line":2864,"column":4},"end":{"line":2864,"column":26}},"979":{"start":{"line":2868,"column":19},"end":{"line":2868,"column":48}},"980":{"start":{"line":2869,"column":4},"end":{"line":2880,"column":6}},"981":{"start":{"line":2882,"column":25},"end":{"line":2882,"column":54}},"982":{"start":{"line":2883,"column":4},"end":{"line":2883,"column":37}},"983":{"start":{"line":2884,"column":4},"end":{"line":2884,"column":42}},"984":{"start":{"line":2886,"column":21},"end":{"line":2886,"column":53}},"985":{"start":{"line":2887,"column":4},"end":{"line":2887,"column":29}},"986":{"start":{"line":2888,"column":4},"end":{"line":2888,"column":26}},"987":{"start":{"line":2889,"column":4},"end":{"line":2903,"column":6}},"988":{"start":{"line":2905,"column":4},"end":{"line":2908,"column":7}},"989":{"start":{"line":2906,"column":6},"end":{"line":2906,"column":66}},"990":{"start":{"line":2907,"column":6},"end":{"line":2907,"column":46}},"991":{"start":{"line":2910,"column":4},"end":{"line":2913,"column":7}},"992":{"start":{"line":2911,"column":6},"end":{"line":2911,"column":66}},"993":{"start":{"line":2912,"column":6},"end":{"line":2912,"column":44}},"994":{"start":{"line":2915,"column":4},"end":{"line":2920,"column":7}},"995":{"start":{"line":2916,"column":21},"end":{"line":2916,"column":54}},"996":{"start":{"line":2917,"column":6},"end":{"line":2919,"column":7}},"997":{"start":{"line":2918,"column":8},"end":{"line":2918,"column":38}},"998":{"start":{"line":2922,"column":4},"end":{"line":2922,"column":42}},"999":{"start":{"line":2923,"column":4},"end":{"line":2923,"column":18}},"1000":{"start":{"line":2927,"column":4},"end":{"line":2930,"column":6}},"1001":{"start":{"line":2932,"column":17},"end":{"line":2932,"column":66}},"1002":{"start":{"line":2933,"column":4},"end":{"line":2936,"column":5}},"1003":{"start":{"line":2934,"column":6},"end":{"line":2934,"column":40}},"1004":{"start":{"line":2935,"column":6},"end":{"line":2935,"column":40}},"1005":{"start":{"line":2938,"column":4},"end":{"line":2938,"column":34}},"1006":{"start":{"line":2940,"column":4},"end":{"line":2942,"column":11}},"1007":{"start":{"line":2941,"column":6},"end":{"line":2941,"column":37}},"1008":{"start":{"line":2946,"column":19},"end":{"line":2946,"column":48}},"1009":{"start":{"line":2947,"column":4},"end":{"line":2947,"column":41}},"1010":{"start":{"line":2948,"column":4},"end":{"line":2963,"column":6}},"1011":{"start":{"line":2965,"column":4},"end":{"line":3025,"column":6}},"1012":{"start":{"line":3027,"column":4},"end":{"line":3073,"column":12}},"1013":{"start":{"line":3028,"column":26},"end":{"line":3028,"column":65}},"1014":{"start":{"line":3029,"column":24},"end":{"line":3029,"column":72}},"1015":{"start":{"line":3031,"column":6},"end":{"line":3072,"column":7}},"1016":{"start":{"line":3032,"column":8},"end":{"line":3071,"column":11}},"1017":{"start":{"line":3033,"column":23},"end":{"line":3033,"column":45}},"1018":{"start":{"line":3034,"column":10},"end":{"line":3037,"column":11}},"1019":{"start":{"line":3035,"column":12},"end":{"line":3035,"column":28}},"1020":{"start":{"line":3036,"column":12},"end":{"line":3036,"column":19}},"1021":{"start":{"line":3039,"column":10},"end":{"line":3042,"column":11}},"1022":{"start":{"line":3040,"column":12},"end":{"line":3040,"column":37}},"1023":{"start":{"line":3041,"column":12},"end":{"line":3041,"column":19}},"1024":{"start":{"line":3044,"column":10},"end":{"line":3044,"column":38}},"1025":{"start":{"line":3045,"column":10},"end":{"line":3045,"column":45}},"1026":{"start":{"line":3047,"column":10},"end":{"line":3070,"column":11}},"1027":{"start":{"line":3048,"column":28},"end":{"line":3048,"column":77}},"1028":{"start":{"line":3049,"column":12},"end":{"line":3060,"column":13}},"1029":{"start":{"line":3050,"column":14},"end":{"line":3050,"column":29}},"1030":{"start":{"line":3051,"column":14},"end":{"line":3051,"column":44}},"1031":{"start":{"line":3052,"column":36},"end":{"line":3054,"column":15}},"1032":{"start":{"line":3055,"column":14},"end":{"line":3058,"column":15}},"1033":{"start":{"line":3056,"column":16},"end":{"line":3056,"column":45}},"1034":{"start":{"line":3057,"column":16},"end":{"line":3057,"column":50}},"1035":{"start":{"line":3059,"column":14},"end":{"line":3059,"column":32}},"1036":{"start":{"line":3062,"column":12},"end":{"line":3066,"column":13}},"1037":{"start":{"line":3063,"column":14},"end":{"line":3063,"column":39}},"1038":{"start":{"line":3065,"column":14},"end":{"line":3065,"column":35}},"1039":{"start":{"line":3068,"column":12},"end":{"line":3068,"column":41}},"1040":{"start":{"line":3069,"column":12},"end":{"line":3069,"column":45}},"1041":{"start":{"line":3075,"column":4},"end":{"line":3075,"column":18}},"1042":{"start":{"line":3079,"column":24},"end":{"line":3079,"column":53}},"1043":{"start":{"line":3080,"column":4},"end":{"line":3080,"column":43}},"1044":{"start":{"line":3081,"column":4},"end":{"line":3090,"column":6}},"1045":{"start":{"line":3092,"column":25},"end":{"line":3092,"column":53}},"1046":{"start":{"line":3093,"column":4},"end":{"line":3093,"column":37}},"1047":{"start":{"line":3094,"column":4},"end":{"line":3099,"column":6}},"1048":{"start":{"line":3101,"column":24},"end":{"line":3101,"column":51}},"1049":{"start":{"line":3102,"column":4},"end":{"line":3102,"column":42}},"1050":{"start":{"line":3103,"column":4},"end":{"line":3108,"column":6}},"1051":{"start":{"line":3110,"column":33},"end":{"line":3110,"column":62}},"1052":{"start":{"line":3111,"column":4},"end":{"line":3116,"column":6}},"1053":{"start":{"line":3118,"column":26},"end":{"line":3118,"column":55}},"1054":{"start":{"line":3119,"column":4},"end":{"line":3119,"column":52}},"1055":{"start":{"line":3121,"column":4},"end":{"line":3121,"column":47}},"1056":{"start":{"line":3123,"column":4},"end":{"line":3123,"column":45}},"1057":{"start":{"line":3125,"column":4},"end":{"line":3130,"column":7}},"1058":{"start":{"line":3126,"column":22},"end":{"line":3126,"column":37}},"1059":{"start":{"line":3127,"column":6},"end":{"line":3129,"column":7}},"1060":{"start":{"line":3128,"column":8},"end":{"line":3128,"column":24}},"1061":{"start":{"line":3132,"column":4},"end":{"line":3135,"column":6}},"1062":{"start":{"line":3144,"column":22},"end":{"line":3144,"column":51}},"1063":{"start":{"line":3145,"column":4},"end":{"line":3145,"column":45}},"1064":{"start":{"line":3146,"column":4},"end":{"line":3147,"column":76}},"1065":{"start":{"line":3149,"column":28},"end":{"line":3149,"column":57}},"1066":{"start":{"line":3150,"column":4},"end":{"line":3150,"column":48}},"1067":{"start":{"line":3152,"column":23},"end":{"line":3152,"column":74}},"1068":{"start":{"line":3154,"column":4},"end":{"line":3163,"column":6}},"1069":{"start":{"line":3165,"column":21},"end":{"line":3165,"column":52}},"1070":{"start":{"line":3166,"column":4},"end":{"line":3166,"column":31}},"1071":{"start":{"line":3167,"column":4},"end":{"line":3167,"column":33}},"1072":{"start":{"line":3168,"column":4},"end":{"line":3168,"column":33}},"1073":{"start":{"line":3169,"column":4},"end":{"line":3169,"column":36}},"1074":{"start":{"line":3171,"column":19},"end":{"line":3171,"column":49}},"1075":{"start":{"line":3172,"column":4},"end":{"line":3172,"column":39}},"1076":{"start":{"line":3173,"column":4},"end":{"line":3183,"column":6}},"1077":{"start":{"line":3185,"column":26},"end":{"line":3193,"column":5}},"1078":{"start":{"line":3186,"column":6},"end":{"line":3186,"column":29}},"1079":{"start":{"line":3186,"column":22},"end":{"line":3186,"column":29}},"1080":{"start":{"line":3188,"column":6},"end":{"line":3188,"column":33}},"1081":{"start":{"line":3189,"column":6},"end":{"line":3191,"column":20}},"1082":{"start":{"line":3192,"column":6},"end":{"line":3192,"column":51}},"1083":{"start":{"line":3195,"column":4},"end":{"line":3213,"column":7}},"1084":{"start":{"line":3196,"column":6},"end":{"line":3199,"column":7}},"1085":{"start":{"line":3197,"column":8},"end":{"line":3197,"column":41}},"1086":{"start":{"line":3198,"column":8},"end":{"line":3198,"column":15}},"1087":{"start":{"line":3201,"column":24},"end":{"line":3201,"column":28}},"1088":{"start":{"line":3203,"column":6},"end":{"line":3205,"column":7}},"1089":{"start":{"line":3204,"column":8},"end":{"line":3204,"column":59}},"1090":{"start":{"line":3207,"column":6},"end":{"line":3210,"column":7}},"1091":{"start":{"line":3208,"column":8},"end":{"line":3208,"column":41}},"1092":{"start":{"line":3209,"column":8},"end":{"line":3209,"column":15}},"1093":{"start":{"line":3212,"column":6},"end":{"line":3212,"column":38}},"1094":{"start":{"line":3215,"column":4},"end":{"line":3230,"column":7}},"1095":{"start":{"line":3216,"column":6},"end":{"line":3219,"column":7}},"1096":{"start":{"line":3217,"column":8},"end":{"line":3217,"column":31}},"1097":{"start":{"line":3218,"column":8},"end":{"line":3218,"column":15}},"1098":{"start":{"line":3221,"column":23},"end":{"line":3221,"column":40}},"1099":{"start":{"line":3223,"column":6},"end":{"line":3229,"column":7}},"1100":{"start":{"line":3224,"column":8},"end":{"line":3226,"column":9}},"1101":{"start":{"line":3225,"column":10},"end":{"line":3225,"colu
[...]
ons":[{"start":{"line":968,"column":20},"end":{"line":973,"column":21}},{"start":{},"end":{}}],"line":968},"106":{"loc":{"start":{"line":1006,"column":16},"end":{"line":1018,"column":17}},"type":"if","locations":[{"start":{"line":1006,"column":16},"end":{"line":1018,"column":17}},{"start":{"line":1010,"column":23},"end":{"line":1018,"column":17}}],"line":1006},"107":{"loc":{"start":{"line":1006,"column":20},"end":{"line":1006,"column":91}},"type":"binary-expr","locations":[{"start":{"line":1006,"column":20},"end":{"line":1006,"column":49}},{"start":{"line":1006,"column":53},"end":{"line":1006,"column":91}}],"line":1006},"108":{"loc":{"start":{"line":1014,"column":20},"end":{"line":1017,"column":21}},"type":"if","locations":[{"start":{"line":1014,"column":20},"end":{"line":1017,"column":21}},{"start":{},"end":{}}],"line":1014},"109":{"loc":{"start":{"line":1036,"column":16},"end":{"line":1039,"column":17}},"type":"if","locations":[{"start":{"line":1036,"column":16},"end":{"line":1039,"column":17}},{"start":{},"end":{}}],"line":1036},"110":{"loc":{"start":{"line":1036,"column":20},"end":{"line":1036,"column":91}},"type":"binary-expr","locations":[{"start":{"line":1036,"column":20},"end":{"line":1036,"column":23}},{"start":{"line":1036,"column":27},"end":{"line":1036,"column":52}},{"start":{"line":1036,"column":56},"end":{"line":1036,"column":91}}],"line":1036},"111":{"loc":{"start":{"line":1043,"column":12},"end":{"line":1048,"column":13}},"type":"if","locations":[{"start":{"line":1043,"column":12},"end":{"line":1048,"column":13}},{"start":{},"end":{}}],"line":1043},"112":{"loc":{"start":{"line":1045,"column":16},"end":{"line":1047,"column":17}},"type":"if","locations":[{"start":{"line":1045,"column":16},"end":{"line":1047,"column":17}},{"start":{},"end":{}}],"line":1045},"113":{"loc":{"start":{"line":1045,"column":20},"end":{"line":1045,"column":89}},"type":"binary-expr","locations":[{"start":{"line":1045,"column":20},"end":{"line":1045,"column":29}},{"start":{"line":1045,"column":33},"end":{"line":1045,"column":89}}],"line":1045},"114":{"loc":{"start":{"line":1050,"column":12},"end":{"line":1075,"column":13}},"type":"if","locations":[{"start":{"line":1050,"column":12},"end":{"line":1075,"column":13}},{"start":{},"end":{}}],"line":1050},"115":{"loc":{"start":{"line":1051,"column":37},"end":{"line":1051,"column":73}},"type":"binary-expr","locations":[{"start":{"line":1051,"column":37},"end":{"line":1051,"column":54}},{"start":{"line":1051,"column":58},"end":{"line":1051,"column":73}}],"line":1051},"116":{"loc":{"start":{"line":1056,"column":32},"end":{"line":1056,"column":116}},"type":"cond-expr","locations":[{"start":{"line":1056,"column":45},"end":{"line":1056,"column":108}},{"start":{"line":1056,"column":112},"end":{"line":1056,"column":116}}],"line":1056},"117":{"loc":{"start":{"line":1056,"column":45},"end":{"line":1056,"column":108}},"type":"binary-expr","locations":[{"start":{"line":1056,"column":45},"end":{"line":1056,"column":68}},{"start":{"line":1056,"column":72},"end":{"line":1056,"column":108}}],"line":1056},"118":{"loc":{"start":{"line":1065,"column":35},"end":{"line":1065,"column":128}},"type":"cond-expr","locations":[{"start":{"line":1065,"column":51},"end":{"line":1065,"column":120}},{"start":{"line":1065,"column":124},"end":{"line":1065,"column":128}}],"line":1065},"119":{"loc":{"start":{"line":1065,"column":51},"end":{"line":1065,"column":120}},"type":"binary-expr","locations":[{"start":{"line":1065,"column":51},"end":{"line":1065,"column":77}},{"start":{"line":1065,"column":81},"end":{"line":1065,"column":120}}],"line":1065},"120":{"loc":{"start":{"line":1067,"column":16},"end":{"line":1072,"column":17}},"type":"if","locations":[{"start":{"line":1067,"column":16},"end":{"line":1072,"column":17}},{"start":{"line":1069,"column":23},"end":{"line":1072,"column":17}}],"line":1067},"121":{"loc":{"start":{"line":1067,"column":20},"end":{"line":1067,"column":67}},"type":"binary-expr","locations":[{"start":{"line":1067,"column":20},"end":{"line":1067,"column":27}},{"start":{"line":1067,"column":31},"end":{"line":1067,"column":41}},{"start":{"line":1067,"column":45},"end":{"line":1067,"column":67}}],"line":1067},"122":{"loc":{"start":{"line":1092,"column":12},"end":{"line":1092,"column":33}},"type":"if","locations":[{"start":{"line":1092,"column":12},"end":{"line":1092,"column":33}},{"start":{},"end":{}}],"line":1092},"123":{"loc":{"start":{"line":1096,"column":12},"end":{"line":1098,"column":13}},"type":"if","locations":[{"start":{"line":1096,"column":12},"end":{"line":1098,"column":13}},{"start":{},"end":{}}],"line":1096},"124":{"loc":{"start":{"line":1096,"column":16},"end":{"line":1096,"column":104}},"type":"binary-expr","locations":[{"start":{"line":1096,"column":16},"end":{"line":1096,"column":63}},{"start":{"line":1096,"column":67},"end":{"line":1096,"column":104}}],"line":1096},"125":{"loc":{"start":{"line":1100,"column":12},"end":{"line":1100,"column":50}},"type":"if","locations":[{"start":{"line":1100,"column":12},"end":{"line":1100,"column":50}},{"start":{},"end":{}}],"line":1100},"126":{"loc":{"start":{"line":1113,"column":29},"end":{"line":1115,"column":87}},"type":"cond-expr","locations":[{"start":{"line":1114,"column":18},"end":{"line":1114,"column":73}},{"start":{"line":1115,"column":18},"end":{"line":1115,"column":87}}],"line":1113},"127":{"loc":{"start":{"line":1115,"column":26},"end":{"line":1115,"column":46}},"type":"binary-expr","locations":[{"start":{"line":1115,"column":26},"end":{"line":1115,"column":40}},{"start":{"line":1115,"column":44},"end":{"line":1115,"column":46}}],"line":1115},"128":{"loc":{"start":{"line":1115,"column":60},"end":{"line":1115,"column":82}},"type":"binary-expr","locations":[{"start":{"line":1115,"column":60},"end":{"line":1115,"column":76}},{"start":{"line":1115,"column":80},"end":{"line":1115,"column":82}}],"line":1115},"129":{"loc":{"start":{"line":1151,"column":33},"end":{"line":1151,"column":62}},"type":"cond-expr","locations":[{"start":{"line":1151,"column":51},"end":{"line":1151,"column":55}},{"start":{"line":1151,"column":58},"end":{"line":1151,"column":62}}],"line":1151},"130":{"loc":{"start":{"line":1152,"column":27},"end":{"line":1152,"column":70}},"type":"cond-expr","locations":[{"start":{"line":1152,"column":45},"end":{"line":1152,"column":56}},{"start":{"line":1152,"column":59},"end":{"line":1152,"column":70}}],"line":1152},"131":{"loc":{"start":{"line":1159,"column":37},"end":{"line":1159,"column":63}},"type":"cond-expr","locations":[{"start":{"line":1159,"column":52},"end":{"line":1159,"column":56}},{"start":{"line":1159,"column":59},"end":{"line":1159,"column":63}}],"line":1159},"132":{"loc":{"start":{"line":1160,"column":31},"end":{"line":1160,"column":71}},"type":"cond-expr","locations":[{"start":{"line":1160,"column":46},"end":{"line":1160,"column":57}},{"start":{"line":1160,"column":60},"end":{"line":1160,"column":71}}],"line":1160},"133":{"loc":{"start":{"line":1161,"column":25},"end":{"line":1161,"column":59}},"type":"cond-expr","locations":[{"start":{"line":1161,"column":40},"end":{"line":1161,"column":47}},{"start":{"line":1161,"column":50},"end":{"line":1161,"column":59}}],"line":1161},"134":{"loc":{"start":{"line":1194,"column":41},"end":{"line":1194,"column":80}},"type":"binary-expr","locations":[{"start":{"line":1194,"column":41},"end":{"line":1194,"column":71}},{"start":{"line":1194,"column":75},"end":{"line":1194,"column":80}}],"line":1194},"135":{"loc":{"start":{"line":1195,"column":12},"end":{"line":1220,"column":13}},"type":"if","locations":[{"start":{"line":1195,"column":12},"end":{"line":1220,"column":13}},{"start":{"line":1218,"column":19},"end":{"line":1220,"column":13}}],"line":1195},"136":{"loc":{"start":{"line":1197,"column":16},"end":{"line":1217,"column":17}},"type":"if","locations":[{"start":{"line":1197,"column":16},"end":{"line":1217,"column":17}},{"start":{},"end":{}}],"line":1197},"137":{"loc":{"start":{"line":1199,"column":46},"end":{"line":1199,"column":83}},"type":"cond-expr","locations":[{"start":{"line":1199,"column":56},"end":{"line":1199,"column":76}},{"start":{"line":1199,"column":79},"end":{"line":1199,"column":83}}],"line":1199},"138":{"loc":{"start":{"line":1200,"column":20},"end":{"line":1216,"column":21}},"type":"if","locations":[{"start":{"line":1200,"column":20},"end":{"line":1216,"column":21}},{"start":{},"end":{}}],"line":1200},"139":{"loc":{"start":{"line":1203,"column":24},"end":{"line":1211,"column":25}},"type":"if","locations":[{"start":{"line":1203,"column":24},"end":{"line":1211,"column":25}},{"start":{},"end":{}}],"line":1203},"140":{"loc":{"start":{"line":1209,"column":28},"end":{"line":1209,"column":83}},"type":"if","locations":[{"start":{"line":1209,"column":28},"end":{"line":1209,"column":83}},{"start":{},"end":{}}],"line":1209},"141":{"loc":{"start":{"line":1223,"column":12},"end":{"line":1251,"column":13}},"type":"if","locations":[{"start":{"line":1223,"column":12},"end":{"line":1251,"column":13}},{"start":{"line":1246,"column":19},"end":{"line":1251,"column":13}}],"line":1223},"142":{"loc":{"start":{"line":1227,"column":16},"end":{"line":1227,"column":92}},"type":"if","locations":[{"start":{"line":1227,"column":16},"end":{"line":1227,"column":92}},{"start":{},"end":{}}],"line":1227},"143":{"loc":{"start":{"line":1228,"column":16},"end":{"line":1228,"column":83}},"type":"if","locations":[{"start":{"line":1228,"column":16},"end":{"line":1228,"column":83}},{"start":{},"end":{}}],"line":1228},"144":{"loc":{"start":{"line":1229,"column":16},"end":{"line":1229,"column":105}},"type":"if","locations":[{"start":{"line":1229,"column":16},"end":{"line":1229,"column":105}},{"start":{},"end":{}}],"line":1229},"145":{"loc":{"start":{"line":1230,"column":16},"end":{"line":1233,"column":17}},"type":"if","locations":[{"start":{"line":1230,"column":16},"end":{"line":1233,"column":17}},{"start":{},"end":{}}],"line":1230},"146":{"loc":{"start":{"line":1239,"column":16},"end":{"line":1239,"column":51}},"type":"if","locations":[{"start":{"line":1239,"column":16},"end":{"line":1239,"column":51}},{"start":{},"end":{}}],"line":1239},"147":{"loc":{"start":{"line":1245,"column":16},"end":{"line":1245,"column":71}},"type":"if","locations":[{"start":{"line":1245,"column":16},"end":{"line":1245,"column":71}},{"start":{},"end":{}}],"line":1245},"148":{"loc":{"start":{"line":1259,"column":20},"end":{"line":1262,"column":21}},"type":"if","locations":[{"start":{"line":1259,"column":20},"end":{"line":1262,"column":21}},{"start":{},"end":{}}],"line":1259},"149":{"loc":{"start":{"line":1259,"column":24},"end":{"line":1259,"column":70}},"type":"binary-expr","locations":[{"start":{"line":1259,"column":24},"end":{"line":1259,"column":26}},{"start":{"line":1259,"column":30},"end":{"line":1259,"column":42}},{"start":{"line":1259,"column":46},"end":{"line":1259,"column":70}}],"line":1259},"150":{"loc":{"start":{"line":1276,"column":23},"end":{"line":1276,"column":106}},"type":"binary-expr","locations":[{"start":{"line":1276,"column":24},"end":{"line":1276,"column":42}},{"start":{"line":1276,"column":46},"end":{"line":1276,"column":64}},{"start":{"line":1276,"column":68},"end":{"line":1276,"column":85}},{"start":{"line":1276,"column":90},"end":{"line":1276,"column":106}}],"line":1276},"151":{"loc":{"start":{"line":1283,"column":12},"end":{"line":1292,"column":13}},"type":"if","locations":[{"start":{"line":1283,"column":12},"end":{"line":1292,"column":13}},{"start":{},"end":{}}],"line":1283},"152":{"loc":{"start":{"line":1303,"column":8},"end":{"line":1308,"column":9}},"type":"if","locations":[{"start":{"line":1303,"column":8},"end":{"line":1308,"column":9}},{"start":{},"end":{}}],"line":1303},"153":{"loc":{"start":{"line":1313,"column":12},"end":{"line":1313,"column":36}},"type":"if","locations":[{"start":{"line":1313,"column":12},"end":{"line":1313,"column":36}},{"start":{},"end":{}}],"line":1313},"154":{"loc":{"start":{"line":1315,"column":12},"end":{"line":1325,"column":13}},"type":"if","locations":[{"start":{"line":1315,"column":12},"end":{"line":1325,"column":13}},{"start":{"line":1319,"column":19},"end":{"line":1325,"column":13}}],"line":1315},"155":{"loc":{"start":{"line":1319,"column":19},"end":{"line":1325,"column":13}},"type":"if","locations":[{"start":{"line":1319,"column":19},"end":{"line":1325,"column":13}},{"start":{},"end":{}}],"line":1319},"156":{"loc":{"start":{"line":1319,"column":23},"end":{"line":1319,"column":87}},"type":"binary-expr","locations":[{"start":{"line":1319,"column":23},"end":{"line":1319,"column":54}},{"start":{"line":1319,"column":58},"end":{"line":1319,"column":87}}],"line":1319},"157":{"loc":{"start":{"line":1333,"column":12},"end":{"line":1335,"column":13}},"type":"if","locations":[{"start":{"line":1333,"column":12},"end":{"line":1335,"column":13}},{"start":{},"end":{}}],"line":1333}},"s":{"0":0,"1":0,"2":0,"3":0,"4":0,"5":0,"6":0,"7":0,"8":0,"9":0,"10":0,"11":0,"12":0,"13":0,"14":0,"15":0,"16":0,"17":0,"18":0,"19":0,"20":0,"21":0,"22":0,"23":0,"24":0,"25":0,"26":0,"27":0,"28":0,"29":0,"30":0,"31":0,"32":0,"33":0,"34":0,"35":0,"36":0,"37":0,"38":0,"39":0,"40":0,"41":0,"42":0,"43":0,"44":0,"45":0,"46":0,"47":0,"48":0,"49":0,"50":0,"51":0,"52":0,"53":0,"54":0,"55":0,"56":0,"57":0,"58":0,"59":0,"60":0,"61":0,"62":0,"63":0,"64":0,"65":0,"66":0,"67":0,"68":0,"69":0,"70":0,"71":0,"72":0,"73":0,"74":0,"75":0,"76":0,"77":0,"78":0,"79":0,"80":0,"81":0,"82":0,"83":0,"84":0,"85":0,"86":0,"87":0,"88":0,"89":0,"90":0,"91":0,"92":0,"93":0,"94":0,"95":0,"96":0,"97":0,"98":0,"99":0,"100":0,"101":0,"102":0,"103":0,"104":0,"105":0,"106":0,"107":0,"108":0,"109":0,"110":0,"111":0,"112":0,"113":0,"114":0,"115":0,"116":0,"117":0,"118":0,"119":0,"120":0,"121":0,"122":0,"123":0,"124":0,"125":0,"126":0,"127":0,"128":0,"129":0,"130":0,"131":0,"132":0,"133":0,"134":0,"135":0,"136":0,"137":0,"138":0,"139":0,"140":0,"141":0,"142":0,"143":0,"144":0,"145":0,"146":0,"147":0,"148":0,"149":0,"150":0,"151":0,"152":0,"153":0,"154":0,"155":0,"156":0,"157":0,"158":0,"159":0,"160":0,"161":0,"162":0,"163":0,"164":0,"165":0,"166":0,"167":0,"168":0,"169":0,"170":0,"171":0,"172":0,"173":0,"174":0,"175":0,"176":0,"177":0,"178":0,"179":0,"180":0,"181":0,"182":0,"183":0,"184":0,"185":0,"186":0,"187":0,"188":0,"189":0,"190":0,"191":0,"192":0,"193":0,"194":0,"195":0,"196":0,"197":0,"198":0,"199":0,"200":0,"201":0,"202":0,"203":0,"204":0,"205":0,"206":0,"207":0,"208":0,"209":0,"210":0,"211":0,"212":0,"213":0,"214":0,"215":0,"216":0,"217":0,"218":0,"219":0,"220":0,"221":0,"222":0,"223":0,"224":0,"225":0,"226":0,"227":0,"228":0,"229":0,"230":0,"231":0,"232":0,"233":0,"234":0,"235":0,"236":0,"237":0,"238":0,"239":0,"240":0,"241":0,"242":0,"243":0,"244":0,"245":0,"246":0,"247":0,"248":0,"249":0,"250":0,"251":0,"252":0,"253":0,"254":0,"255":0,"256":0,"257":0,"258":0,"259":0,"260":0,"261":0,"262":0,"263":0,"264":0,"265":0,"266":0,"267":0,"268":0,"269":0,"270":0,"271":0,"272":0,"273":0,"274":0,"275":0,"276":0,"277":0,"278":0,"279":0,"280":0,"281":0,"282":0,"283":0,"284":0,"285":0,"286":0,"287":0,"288":0,"289":0,"290":0,"291":0,"292":0,"293":0,"294":0,"295":0,"296":0,"297":0,"298":0,"299":0,"300":0,"301":0,"302":0,"303":0,"304":0,"305":0,"306":0,"307":0,"308":0,"309":0,"310":0,"311":0,"312":0,"313":0,"314":0,"315":0,"316":0,"317":0,"318":0,"319":0,"320":0,"321":0,"322":0,"323":0,"324":0,"325":0,"326":0,"327":0,"328":0,"329":0,"330":0,"331":0,"332":0,"333":0,"334":0,"335":0,"336":0,"337":0,"338":0,"339":0,"340":0,"341":0,"342":0,"343":0,"344":0,"345":0,"346":0,"347":0,"348":0,"349":0,"350":0,"351":0,"352":0,"353":0,"354":0,"355":0,"356":0,"357":0,"358":0,"359":0,"360":0,"361":0,"362":0,"363":0,"364":0,"365":0,"366":0,"367":0,"368":0,"369":0,"370":0,"371":0,"372":0,"373":0,"374":0,"375":0,"376":0,"377":0,"378":0,"379":0,"380":0,"381":0,"382":0,"383":0,"384":0,"385":0,"386":0,"387":0,"388":0,"389":0,"390":0,"391":0,"392":0,"393":0,"394":0,"395":0,"396":0,"397":0,"398":0,"399":0,"400":0,"401":0,"402":0,"403":0,"404":0,"405":0,"406":0,"407":0,"408":0,"409":0,"410":0,"411":0,"412":0,"413":0,"414":0,"415":0,"416":0,"417":0,"418":0,"419":0,"420":0,"421":0,"422":0,"423":0,"424":0,"425":0,"426":0,"427":0,"428":0,"429":0,"430":0,"431":0,"432":0,"433":0,"434":0,"435":0,"436":0,"437":0,"438":0,"439":0,"440":0,"441":0,"442":0,"443":0,"444":0,"445":0,"446":0,"447":0,"448":0,"449":0,"450":0,"451":0,"452":0,"453":0,"454":0,"455":0,"456":0,"457":0,"458":0,"459":0,"460":0,"461":0,"462":0,"463":0,"464":0,"465":0,"466":0,"467":0,"468":0,"469":0,"470":0,"471":0,"472":0,"473":0,"474":0,"475":0,"476":0,"477":0,"478":0,"479":0,"480":0,"481":0,"482":0,"483":0,"484":0,"485":0,"486":0,"487":0,"488":0,"489":0,"490":0,"491":0,"492":0,"493":0,"494":0,"495":0,"496":0,"497":0,"498":0,"499":0,"500":0,"501":0,"502":0,"503":0,"504":0,"505":0,"506":0,"507":0,"508":0,"509":0,"510":0,"511":0,"512":0,"513":0,"514":0,"515":0,"516":0,"517":0,"518":0,"519":0,"520":0,"521":0,"522":0,"523":0,"524":0,"525":0,"526":0,"527":0,"528":0,"529":0,"530":0,"531":0,"532":0,"533":0,"534":0,"535":0,"536":0,"537":0,"538":0,"539":0,"540":0,"541":0,"542":0,"543":0,"544":0,"545":0,"546":0,"547":0,"548":0,"549":0,"550":0,"551":0,"552":0,"553":0,"554":0,"555":0,"556":0,"557":0,"558":0,"559":0,"560":0,"561":0,"562":0,"563":0,"564":0,"565":0,"566":0,"567":0,"568":0,"569":0,"570":0,"571":0,"572":0,"573":0,"574":0,"575":0,"576":0,"577":0,"578":0,"579":0,"580":0,"581":0,"582":0,"583":0,"584":0,"585":0,"586":0,"587":0,"588":0,"589":0,"590":0,"591":0,"592":0,"593":0,"594":0,"595":0,"596":0,"597":0,"598":0,"599":0,"600":0,"601":0,"602":0,"603":0,"604":0,"605":0,"606":0,"607":0,"608":0,"609":0,"610":0,"611":0,"612":0,"613":0},"f":{"0":0,"1":0,"2":0,"3":0,"4":0,"5":0,"6":0,"7":0,"8":0,"9":0,"10":0,"11":0,"12":0,"13":0,"14":0,"15":0,"16":0,"17":0,"18":0,"19":0,"20":0,"21":0,"22":0,"23":0,"24":0,"25":0,"26":0,"27":0,"28":0,"29":0,"30":0,"31":0,"32":0,"33":0,"34":0,"35":0,"36":0,"37":0,"38":0,"39":0,"40":0,"41":0,"42":0,"43":0,"44":0,"45":0,"46":0,"47":0,"48":0,"49":0,"50":0,"51":0,"52":0,"53":0,"54":0,"55":0,"56":0,"57":0,"58":0,"59":0,"60":0,"61":0,"62":0,"63":0,"64":0,"65":0,"66":0,"67":0,"68":0,"69":0,"70":0,"71":0,"72":0,"73":0,"74":0,"75":0},"b":{"0":[0],"1":[0,0],"2":[0,0],"3":[0,0],"4":[0,0],"5":[0,0],"6":[0,0],"7":[0,0],"8":[0,0],"9":[0,0],"10":[0],"11":[0,0],"12":[0,0],"13":[0,0],"14":[0,0],"15":[0,0],"16":[0,0],"17":[0,0],"18":[0,0],"19":[0,0],"20":[0,0],"21":[0,0],"22":[0,0],"23":[0,0],"24":[0,0],"25":[0,0],"26":[0,0],"27":[0,0],"28":[0,0],"29":[0,0],"30":[0,0],"31":[0,0],"32":[0,0],"33":[0,0],"34":[0,0],"35":[0,0],"36":[0,0],"37":[0,0],"38":[0],"39":[0,0],"40":[0,0],"41":[0,0],"42":[0,0],"43":[0,0],"44":[0,0],"45":[0,0],"46":[0,0],"47":[0,0],"48":[0,0,0,0,0],"49":[0,0],"50":[0,0],"51":[0,0],"52":[0,0],"53":[0,0],"54":[0,0],"55":[0,0],"56":[0,0],"57":[0,0],"58":[0,0],"59":[0,0],"60":[0,0],"61":[0,0],"62":[0,0],"63":[0,0],"64":[0,0],"65":[0,0],"66":[0,0],"67":[0,0],"68":[0,0],"69":[0,0],"70":[0,0],"71":[0,0],"72":[0,0],"73":[0,0],"74":[0,0],"75":[0,0],"76":[0,0],"77":[0,0],"78":[0,0],"79":[0,0],"80":[0,0],"81":[0,0],"82":[0,0],"83":[0,0],"84":[0,0],"85":[0,0],"86":[0,0],"87":[0,0],"88":[0,0],"89":[0,0],"90":[0,0],"91":[0,0],"92":[0,0],"93":[0,0],"94":[0,0],"95":[0,0],"96":[0,0],"97":[0,0],"98":[0,0],"99":[0,0],"100":[0,0],"101":[0,0],"102":[0,0],"103":[0,0],"104":[0,0],"105":[0,0],"106":[0,0],"107":[0,0],"108":[0,0],"109":[0,0],"110":[0,0,0],"111":[0,0],"112":[0,0],"113":[0,0],"114":[0,0],"115":[0,0],"116":[0,0],"117":[0,0],"118":[0,0],"119":[0,0],"120":[0,0],"121":[0,0,0],"122":[0,0],"123":[0,0],"124":[0,0],"125":[0,0],"126":[0,0],"127":[0,0],"128":[0,0],"129":[0,0],"130":[0,0],"131":[0,0],"132":[0,0],"133":[0,0],"134":[0,0],"135":[0,0],"136":[0,0],"137":[0,0],"138":[0,0],"139":[0,0],"140":[0,0],"141":[0,0],"142":[0,0],"143":[0,0],"144":[0,0],"145":[0,0],"146":[0,0],"147":[0,0],"148":[0,0],"149":[0,0,0],"150":[0,0,0,0],"151":[0,0],"152":[0,0],"153":[0,0],"154":[0,0],"155":[0,0],"156":[0,0],"157":[0,0]}}
}
