TN:
SF:Boss_helper.js
FN:21,(anonymous_0)
FN:161,(anonymous_1)
FN:191,(anonymous_2)
FN:192,(anonymous_3)
FN:195,(anonymous_4)
FN:205,(anonymous_5)
FN:211,(anonymous_6)
FN:212,(anonymous_7)
FN:214,(anonymous_8)
FN:222,(anonymous_9)
FN:231,(anonymous_10)
FN:240,(anonymous_11)
FN:247,(anonymous_12)
FN:270,(anonymous_13)
FN:280,(anonymous_14)
FN:283,(anonymous_15)
FN:285,(anonymous_16)
FN:291,(anonymous_17)
FN:315,(anonymous_18)
FN:319,(anonymous_19)
FN:324,(anonymous_20)
FN:337,(anonymous_21)
FN:347,(anonymous_22)
FN:373,(anonymous_23)
FN:383,(anonymous_24)
FN:407,(anonymous_25)
FN:414,(anonymous_26)
FN:429,(anonymous_27)
FN:449,(anonymous_28)
FN:457,(anonymous_29)
FN:489,(anonymous_30)
FN:493,(anonymous_31)
FN:497,(anonymous_32)
FN:508,(anonymous_33)
FN:529,(anonymous_34)
FN:545,(anonymous_35)
FN:577,(anonymous_36)
FN:612,(anonymous_37)
FN:642,(anonymous_38)
FN:676,(anonymous_39)
FN:688,(anonymous_40)
FN:727,(anonymous_41)
FN:756,(anonymous_42)
FN:758,(anonymous_43)
FN:760,(anonymous_44)
FN:868,(anonymous_45)
FN:896,(anonymous_46)
FN:982,(anonymous_47)
FN:991,(anonymous_48)
FN:999,(anonymous_49)
FN:1001,(anonymous_50)
FN:1004,(anonymous_51)
FN:1012,(anonymous_52)
FN:1029,(anonymous_53)
FN:1068,(anonymous_54)
FN:1102,(anonymous_55)
FN:1144,(anonymous_56)
FN:1157,(anonymous_57)
FN:1165,(anonymous_58)
FN:1178,(anonymous_59)
FN:1238,(anonymous_60)
FN:1246,(anonymous_61)
FN:1258,(anonymous_62)
FN:1298,(anonymous_63)
FN:1303,(anonymous_64)
FN:1311,(anonymous_65)
FN:1320,(anonymous_66)
FN:1379,(anonymous_67)
FN:1388,(anonymous_68)
FN:1414,(anonymous_69)
FN:1437,(anonymous_70)
FN:1448,(anonymous_71)
FN:1495,(anonymous_72)
FN:1526,(anonymous_73)
FN:1555,(anonymous_74)
FN:1613,(anonymous_75)
FN:1633,(anonymous_76)
FN:1659,(anonymous_77)
FN:1660,(anonymous_78)
FN:1664,(anonymous_79)
FN:1669,(anonymous_80)
FN:1682,(anonymous_81)
FN:1692,(anonymous_82)
FN:1703,(anonymous_83)
FN:1712,(anonymous_84)
FN:1743,(anonymous_85)
FN:1748,(anonymous_86)
FN:1753,(anonymous_87)
FN:1762,(anonymous_88)
FN:1808,saveSettings
FN:1851,createSettingsDialog
FN:2023,(anonymous_91)
FN:2051,(anonymous_92)
FN:2091,(anonymous_93)
FN:2095,(anonymous_94)
FN:2099,(anonymous_95)
FN:2118,(anonymous_96)
FN:2128,(anonymous_97)
FN:2139,(anonymous_98)
FN:2149,(anonymous_99)
FN:2160,(anonymous_100)
FN:2171,(anonymous_101)
FN:2182,(anonymous_102)
FN:2238,(anonymous_103)
FN:2247,(anonymous_104)
FN:2290,renderResumeItem
FN:2324,(anonymous_106)
FN:2355,(anonymous_107)
FN:2361,(anonymous_108)
FN:2365,(anonymous_109)
FN:2370,(anonymous_110)
FN:2382,(anonymous_111)
FN:2427,(anonymous_112)
FN:2545,(anonymous_113)
FN:2585,(anonymous_114)
FN:2593,(anonymous_115)
FN:2606,(anonymous_116)
FN:2612,(anonymous_117)
FN:2619,(anonymous_118)
FN:2624,(anonymous_119)
FN:2631,(anonymous_120)
FN:2636,(anonymous_121)
FN:2652,(anonymous_122)
FN:2656,(anonymous_123)
FN:2670,(anonymous_124)
FN:2677,(anonymous_125)
FN:2702,(anonymous_126)
FN:2711,showSettingsDialog
FN:2720,(anonymous_128)
FN:2726,toggleStatusOption
FN:2736,(anonymous_130)
FN:2754,updateStatusOptions
FN:2758,(anonymous_132)
FN:2769,(anonymous_133)
FN:2799,getStatusDisplayText
FN:2815,loadSettingsIntoUI
FN:2867,createDialogHeader
FN:2905,(anonymous_137)
FN:2910,(anonymous_138)
FN:2915,(anonymous_139)
FN:2926,showActivationDialog
FN:2940,(anonymous_141)
FN:2945,createActivationDialog
FN:3027,(anonymous_143)
FN:3032,(anonymous_144)
FN:3078,createSettingItem
FN:3125,(anonymous_146)
FN:3138,createToggleSwitch
FN:3185,(anonymous_148)
FN:3195,(anonymous_149)
FN:3215,(anonymous_150)
FN:3238,createTextButton
FN:3258,addFocusBlurEffects
FN:3259,(anonymous_153)
FN:3264,(anonymous_154)
FN:3270,setActiveTab
FN:3277,(anonymous_156)
FN:3283,(anonymous_157)
FN:3294,showNotification
FN:3317,(anonymous_159)
FN:3318,(anonymous_160)
FN:3320,(anonymous_161)
FN:3337,(anonymous_162)
FN:3344,(anonymous_163)
FN:3351,(anonymous_164)
FN:3355,(anonymous_165)
FN:3366,(anonymous_166)
FN:3367,(anonymous_167)
FN:3374,(anonymous_168)
FN:3403,(anonymous_169)
FN:3410,(anonymous_170)
FN:3424,(anonymous_171)
FN:3441,(anonymous_172)
FN:3449,(anonymous_173)
FN:3468,(anonymous_174)
FN:3481,(anonymous_175)
FN:3492,(anonymous_176)
FN:3541,(anonymous_177)
FN:3591,(anonymous_178)
FN:3596,(anonymous_179)
FN:3604,(anonymous_180)
FN:3634,(anonymous_181)
FN:3635,(anonymous_182)
FN:3638,(anonymous_183)
FN:3667,(anonymous_184)
FN:3700,(anonymous_185)
FN:3705,(anonymous_186)
FN:3709,(anonymous_187)
FN:3713,(anonymous_188)
FN:3731,(anonymous_189)
FN:3800,(anonymous_190)
FN:3811,(anonymous_191)
FN:3817,(anonymous_192)
FN:3841,(anonymous_193)
FN:3903,(anonymous_194)
FN:3904,(anonymous_195)
FN:3911,(anonymous_196)
FN:3914,(anonymous_197)
FN:3917,(anonymous_198)
FN:3936,(anonymous_199)
FN:3945,(anonymous_200)
FN:3964,(anonymous_201)
FN:3969,(anonymous_202)
FN:3988,(anonymous_203)
FN:3992,(anonymous_204)
FN:3996,(anonymous_205)
FN:4000,(anonymous_206)
FN:4004,(anonymous_207)
FN:4008,(anonymous_208)
FN:4012,(anonymous_209)
FN:4018,(anonymous_210)
FN:4022,(anonymous_211)
FN:4026,(anonymous_212)
FN:4030,(anonymous_213)
FN:4064,(anonymous_214)
FN:4065,(anonymous_215)
FN:4080,(anonymous_216)
FN:4093,(anonymous_217)
FN:4097,(anonymous_218)
FN:4105,(anonymous_219)
FN:4106,(anonymous_220)
FN:4132,(anonymous_221)
FN:4144,(anonymous_222)
FN:4147,(anonymous_223)
FN:4154,(anonymous_224)
FN:4187,(anonymous_225)
FN:4226,(anonymous_226)
FN:4258,(anonymous_227)
FN:4261,(anonymous_228)
FN:4268,(anonymous_229)
FN:4271,(anonymous_230)
FN:4275,(anonymous_231)
FN:4306,(anonymous_232)
FN:4335,toggleProcess
FN:4345,(anonymous_234)
FN:4350,(anonymous_235)
FN:4376,(anonymous_236)
FN:4383,toggleChatProcess
FN:4411,(anonymous_238)
FN:4486,(anonymous_239)
FN:4488,(anonymous_240)
FN:4600,(anonymous_241)
FN:4603,(anonymous_242)
FN:4692,(anonymous_243)
FN:4727,(anonymous_244)
FN:4730,(anonymous_245)
FN:4736,(anonymous_246)
FN:4808,(anonymous_247)
FN:4812,(anonymous_248)
FN:4815,(anonymous_249)
FN:4820,(anonymous_250)
FN:4828,(anonymous_251)
FN:4837,(anonymous_252)
FN:4845,(anonymous_253)
FN:4851,(anonymous_254)
FN:4854,(anonymous_255)
FN:4863,(anonymous_256)
FN:4898,(anonymous_257)
FN:4914,(anonymous_258)
FN:4928,(anonymous_259)
FN:4934,(anonymous_260)
FN:4935,(anonymous_261)
FN:4939,(anonymous_262)
FN:4946,(anonymous_263)
FN:4962,(anonymous_264)
FN:5017,getToday
FN:5021,init
FN:5028,(anonymous_267)
FN:5057,(anonymous_268)
FN:5083,(anonymous_269)
FN:5088,(anonymous_270)
FN:5095,addKeywordReplyRule
FN:5101,(anonymous_272)
FN:5119,renderKeywordRepliesList
FN:5134,(anonymous_274)
FN:5184,attachKeywordRuleEventListeners
FN:5185,(anonymous_276)
FN:5186,(anonymous_277)
FN:5189,(anonymous_278)
FN:5196,(anonymous_279)
FN:5197,(anonymous_280)
FN:5199,(anonymous_281)
FN:5207,(anonymous_282)
FN:5208,(anonymous_283)
FN:5210,(anonymous_284)
FN:5219,loadKeywordReplies
FN:5226,loadSettingsIntoUI
FNF:287
FNH:0
FNDA:0,(anonymous_0)
FNDA:0,(anonymous_1)
FNDA:0,(anonymous_2)
FNDA:0,(anonymous_3)
FNDA:0,(anonymous_4)
FNDA:0,(anonymous_5)
FNDA:0,(anonymous_6)
FNDA:0,(anonymous_7)
FNDA:0,(anonymous_8)
FNDA:0,(anonymous_9)
FNDA:0,(anonymous_10)
FNDA:0,(anonymous_11)
FNDA:0,(anonymous_12)
FNDA:0,(anonymous_13)
FNDA:0,(anonymous_14)
FNDA:0,(anonymous_15)
FNDA:0,(anonymous_16)
FNDA:0,(anonymous_17)
FNDA:0,(anonymous_18)
FNDA:0,(anonymous_19)
FNDA:0,(anonymous_20)
FNDA:0,(anonymous_21)
FNDA:0,(anonymous_22)
FNDA:0,(anonymous_23)
FNDA:0,(anonymous_24)
FNDA:0,(anonymous_25)
FNDA:0,(anonymous_26)
FNDA:0,(anonymous_27)
FNDA:0,(anonymous_28)
FNDA:0,(anonymous_29)
FNDA:0,(anonymous_30)
FNDA:0,(anonymous_31)
FNDA:0,(anonymous_32)
FNDA:0,(anonymous_33)
FNDA:0,(anonymous_34)
FNDA:0,(anonymous_35)
FNDA:0,(anonymous_36)
FNDA:0,(anonymous_37)
FNDA:0,(anonymous_38)
FNDA:0,(anonymous_39)
FNDA:0,(anonymous_40)
FNDA:0,(anonymous_41)
FNDA:0,(anonymous_42)
FNDA:0,(anonymous_43)
FNDA:0,(anonymous_44)
FNDA:0,(anonymous_45)
FNDA:0,(anonymous_46)
FNDA:0,(anonymous_47)
FNDA:0,(anonymous_48)
FNDA:0,(anonymous_49)
FNDA:0,(anonymous_50)
FNDA:0,(anonymous_51)
FNDA:0,(anonymous_52)
FNDA:0,(anonymous_53)
FNDA:0,(anonymous_54)
FNDA:0,(anonymous_55)
FNDA:0,(anonymous_56)
FNDA:0,(anonymous_57)
FNDA:0,(anonymous_58)
FNDA:0,(anonymous_59)
FNDA:0,(anonymous_60)
FNDA:0,(anonymous_61)
FNDA:0,(anonymous_62)
FNDA:0,(anonymous_63)
FNDA:0,(anonymous_64)
FNDA:0,(anonymous_65)
FNDA:0,(anonymous_66)
FNDA:0,(anonymous_67)
FNDA:0,(anonymous_68)
FNDA:0,(anonymous_69)
FNDA:0,(anonymous_70)
FNDA:0,(anonymous_71)
FNDA:0,(anonymous_72)
FNDA:0,(anonymous_73)
FNDA:0,(anonymous_74)
FNDA:0,(anonymous_75)
FNDA:0,(anonymous_76)
FNDA:0,(anonymous_77)
FNDA:0,(anonymous_78)
FNDA:0,(anonymous_79)
FNDA:0,(anonymous_80)
FNDA:0,(anonymous_81)
FNDA:0,(anonymous_82)
FNDA:0,(anonymous_83)
FNDA:0,(anonymous_84)
FNDA:0,(anonymous_85)
FNDA:0,(anonymous_86)
FNDA:0,(anonymous_87)
FNDA:0,(anonymous_88)
FNDA:0,saveSettings
FNDA:0,createSettingsDialog
FNDA:0,(anonymous_91)
FNDA:0,(anonymous_92)
FNDA:0,(anonymous_93)
FNDA:0,(anonymous_94)
FNDA:0,(anonymous_95)
FNDA:0,(anonymous_96)
FNDA:0,(anonymous_97)
FNDA:0,(anonymous_98)
FNDA:0,(anonymous_99)
FNDA:0,(anonymous_100)
FNDA:0,(anonymous_101)
FNDA:0,(anonymous_102)
FNDA:0,(anonymous_103)
FNDA:0,(anonymous_104)
FNDA:0,renderResumeItem
FNDA:0,(anonymous_106)
FNDA:0,(anonymous_107)
FNDA:0,(anonymous_108)
FNDA:0,(anonymous_109)
FNDA:0,(anonymous_110)
FNDA:0,(anonymous_111)
FNDA:0,(anonymous_112)
FNDA:0,(anonymous_113)
FNDA:0,(anonymous_114)
FNDA:0,(anonymous_115)
FNDA:0,(anonymous_116)
FNDA:0,(anonymous_117)
FNDA:0,(anonymous_118)
FNDA:0,(anonymous_119)
FNDA:0,(anonymous_120)
FNDA:0,(anonymous_121)
FNDA:0,(anonymous_122)
FNDA:0,(anonymous_123)
FNDA:0,(anonymous_124)
FNDA:0,(anonymous_125)
FNDA:0,(anonymous_126)
FNDA:0,showSettingsDialog
FNDA:0,(anonymous_128)
FNDA:0,toggleStatusOption
FNDA:0,(anonymous_130)
FNDA:0,updateStatusOptions
FNDA:0,(anonymous_132)
FNDA:0,(anonymous_133)
FNDA:0,getStatusDisplayText
FNDA:0,loadSettingsIntoUI
FNDA:0,createDialogHeader
FNDA:0,(anonymous_137)
FNDA:0,(anonymous_138)
FNDA:0,(anonymous_139)
FNDA:0,showActivationDialog
FNDA:0,(anonymous_141)
FNDA:0,createActivationDialog
FNDA:0,(anonymous_143)
FNDA:0,(anonymous_144)
FNDA:0,createSettingItem
FNDA:0,(anonymous_146)
FNDA:0,createToggleSwitch
FNDA:0,(anonymous_148)
FNDA:0,(anonymous_149)
FNDA:0,(anonymous_150)
FNDA:0,createTextButton
FNDA:0,addFocusBlurEffects
FNDA:0,(anonymous_153)
FNDA:0,(anonymous_154)
FNDA:0,setActiveTab
FNDA:0,(anonymous_156)
FNDA:0,(anonymous_157)
FNDA:0,showNotification
FNDA:0,(anonymous_159)
FNDA:0,(anonymous_160)
FNDA:0,(anonymous_161)
FNDA:0,(anonymous_162)
FNDA:0,(anonymous_163)
FNDA:0,(anonymous_164)
FNDA:0,(anonymous_165)
FNDA:0,(anonymous_166)
FNDA:0,(anonymous_167)
FNDA:0,(anonymous_168)
FNDA:0,(anonymous_169)
FNDA:0,(anonymous_170)
FNDA:0,(anonymous_171)
FNDA:0,(anonymous_172)
FNDA:0,(anonymous_173)
FNDA:0,(anonymous_174)
FNDA:0,(anonymous_175)
FNDA:0,(anonymous_176)
FNDA:0,(anonymous_177)
FNDA:0,(anonymous_178)
FNDA:0,(anonymous_179)
FNDA:0,(anonymous_180)
FNDA:0,(anonymous_181)
FNDA:0,(anonymous_182)
FNDA:0,(anonymous_183)
FNDA:0,(anonymous_184)
FNDA:0,(anonymous_185)
FNDA:0,(anonymous_186)
FNDA:0,(anonymous_187)
FNDA:0,(anonymous_188)
FNDA:0,(anonymous_189)
FNDA:0,(anonymous_190)
FNDA:0,(anonymous_191)
FNDA:0,(anonymous_192)
FNDA:0,(anonymous_193)
FNDA:0,(anonymous_194)
FNDA:0,(anonymous_195)
FNDA:0,(anonymous_196)
FNDA:0,(anonymous_197)
FNDA:0,(anonymous_198)
FNDA:0,(anonymous_199)
FNDA:0,(anonymous_200)
FNDA:0,(anonymous_201)
FNDA:0,(anonymous_202)
FNDA:0,(anonymous_203)
FNDA:0,(anonymous_204)
FNDA:0,(anonymous_205)
FNDA:0,(anonymous_206)
FNDA:0,(anonymous_207)
FNDA:0,(anonymous_208)
FNDA:0,(anonymous_209)
FNDA:0,(anonymous_210)
FNDA:0,(anonymous_211)
FNDA:0,(anonymous_212)
FNDA:0,(anonymous_213)
FNDA:0,(anonymous_214)
FNDA:0,(anonymous_215)
FNDA:0,(anonymous_216)
FNDA:0,(anonymous_217)
FNDA:0,(anonymous_218)
FNDA:0,(anonymous_219)
FNDA:0,(anonymous_220)
FNDA:0,(anonymous_221)
FNDA:0,(anonymous_222)
FNDA:0,(anonymous_223)
FNDA:0,(anonymous_224)
FNDA:0,(anonymous_225)
FNDA:0,(anonymous_226)
FNDA:0,(anonymous_227)
FNDA:0,(anonymous_228)
FNDA:0,(anonymous_229)
FNDA:0,(anonymous_230)
FNDA:0,(anonymous_231)
FNDA:0,(anonymous_232)
FNDA:0,toggleProcess
FNDA:0,(anonymous_234)
FNDA:0,(anonymous_235)
FNDA:0,(anonymous_236)
FNDA:0,toggleChatProcess
FNDA:0,(anonymous_238)
FNDA:0,(anonymous_239)
FNDA:0,(anonymous_240)
FNDA:0,(anonymous_241)
FNDA:0,(anonymous_242)
FNDA:0,(anonymous_243)
FNDA:0,(anonymous_244)
FNDA:0,(anonymous_245)
FNDA:0,(anonymous_246)
FNDA:0,(anonymous_247)
FNDA:0,(anonymous_248)
FNDA:0,(anonymous_249)
FNDA:0,(anonymous_250)
FNDA:0,(anonymous_251)
FNDA:0,(anonymous_252)
FNDA:0,(anonymous_253)
FNDA:0,(anonymous_254)
FNDA:0,(anonymous_255)
FNDA:0,(anonymous_256)
FNDA:0,(anonymous_257)
FNDA:0,(anonymous_258)
FNDA:0,(anonymous_259)
FNDA:0,(anonymous_260)
FNDA:0,(anonymous_261)
FNDA:0,(anonymous_262)
FNDA:0,(anonymous_263)
FNDA:0,(anonymous_264)
FNDA:0,getToday
FNDA:0,init
FNDA:0,(anonymous_267)
FNDA:0,(anonymous_268)
FNDA:0,(anonymous_269)
FNDA:0,(anonymous_270)
FNDA:0,addKeywordReplyRule
FNDA:0,(anonymous_272)
FNDA:0,renderKeywordRepliesList
FNDA:0,(anonymous_274)
FNDA:0,attachKeywordRuleEventListeners
FNDA:0,(anonymous_276)
FNDA:0,(anonymous_277)
FNDA:0,(anonymous_278)
FNDA:0,(anonymous_279)
FNDA:0,(anonymous_280)
FNDA:0,(anonymous_281)
FNDA:0,(anonymous_282)
FNDA:0,(anonymous_283)
FNDA:0,(anonymous_284)
FNDA:0,loadKeywordReplies
FNDA:0,loadSettingsIntoUI
DA:21,0
DA:24,0
DA:60,0
DA:69,0
DA:157,0
DA:162,0
DA:163,0
DA:164,0
DA:167,0
DA:170,0
DA:171,0
DA:172,0
DA:173,0
DA:176,0
DA:177,0
DA:178,0
DA:185,0
DA:186,0
DA:187,0
DA:192,0
DA:196,0
DA:202,0
DA:206,0
DA:207,0
DA:208,0
DA:212,0
DA:214,0
DA:215,0
DA:216,0
DA:219,0
DA:220,0
DA:222,0
DA:223,0
DA:224,0
DA:225,0
DA:226,0
DA:227,0
DA:231,0
DA:232,0
DA:233,0
DA:236,0
DA:241,0
DA:243,0
DA:244,0
DA:245,0
DA:247,0
DA:248,0
DA:256,0
DA:259,0
DA:260,0
DA:261,0
DA:262,0
DA:263,0
DA:264,0
DA:265,0
DA:266,0
DA:267,0
DA:271,0
DA:272,0
DA:273,0
DA:274,0
DA:276,0
DA:281,0
DA:282,0
DA:283,0
DA:284,0
DA:286,0
DA:292,0
DA:293,0
DA:294,0
DA:295,0
DA:300,0
DA:316,0
DA:320,0
DA:325,0
DA:326,0
DA:330,0
DA:332,0
DA:333,0
DA:338,0
DA:339,0
DA:340,0
DA:342,0
DA:343,0
DA:348,0
DA:349,0
DA:350,0
DA:353,0
DA:354,0
DA:356,0
DA:357,0
DA:360,0
DA:361,0
DA:362,0
DA:364,0
DA:369,0
DA:374,0
DA:375,0
DA:376,0
DA:378,0
DA:379,0
DA:384,0
DA:407,0
DA:408,0
DA:409,0
DA:410,0
DA:411,0
DA:413,0
DA:414,0
DA:416,0
DA:430,0
DA:431,0
DA:449,0
DA:450,0
DA:453,0
DA:458,0
DA:459,0
DA:463,0
DA:468,0
DA:469,0
DA:471,0
DA:472,0
DA:473,0
DA:475,0
DA:477,0
DA:479,0
DA:490,0
DA:494,0
DA:498,0
DA:499,0
DA:509,0
DA:511,0
DA:512,0
DA:513,0
DA:516,0
DA:520,0
DA:521,0
DA:523,0
DA:526,0
DA:530,0
DA:531,0
DA:533,0
DA:534,0
DA:541,0
DA:546,0
DA:550,0
DA:551,0
DA:552,0
DA:561,0
DA:565,0
DA:566,0
DA:567,0
DA:578,0
DA:580,0
DA:584,0
DA:586,0
DA:590,0
DA:591,0
DA:592,0
DA:593,0
DA:594,0
DA:595,0
DA:599,0
DA:600,0
DA:601,0
DA:602,0
DA:603,0
DA:604,0
DA:609,0
DA:613,0
DA:618,0
DA:621,0
DA:623,0
DA:624,0
DA:625,0
DA:628,0
DA:629,0
DA:630,0
DA:632,0
DA:633,0
DA:634,0
DA:639,0
DA:643,0
DA:644,0
DA:645,0
DA:646,0
DA:647,0
DA:650,0
DA:651,0
DA:652,0
DA:653,0
DA:655,0
DA:656,0
DA:657,0
DA:659,0
DA:666,0
DA:669,0
DA:671,0
DA:672,0
DA:677,0
DA:679,0
DA:680,0
DA:682,0
DA:685,0
DA:689,0
DA:690,0
DA:691,0
DA:692,0
DA:693,0
DA:695,0
DA:696,0
DA:697,0
DA:699,0
DA:700,0
DA:701,0
DA:702,0
DA:705,0
DA:706,0
DA:707,0
DA:708,0
DA:711,0
DA:712,0
DA:713,0
DA:716,0
DA:717,0
DA:720,0
DA:722,0
DA:723,0
DA:728,0
DA:729,0
DA:730,0
DA:732,0
DA:733,0
DA:734,0
DA:735,0
DA:737,0
DA:741,0
DA:742,0
DA:743,0
DA:744,0
DA:749,0
DA:751,0
DA:752,0
DA:757,0
DA:758,0
DA:759,0
DA:760,0
DA:764,0
DA:765,0
DA:766,0
DA:769,0
DA:770,0
DA:771,0
DA:774,0
DA:775,0
DA:777,0
DA:784,0
DA:785,0
DA:787,0
DA:790,0
DA:793,0
DA:794,0
DA:795,0
DA:797,0
DA:800,0
DA:801,0
DA:803,0
DA:804,0
DA:805,0
DA:806,0
DA:809,0
DA:810,0
DA:813,0
DA:814,0
DA:815,0
DA:816,0
DA:819,0
DA:822,0
DA:823,0
DA:824,0
DA:827,0
DA:828,0
DA:829,0
DA:835,0
DA:836,0
DA:837,0
DA:840,0
DA:843,0
DA:844,0
DA:845,0
DA:847,0
DA:850,0
DA:851,0
DA:852,0
DA:855,0
DA:856,0
DA:857,0
DA:860,0
DA:861,0
DA:863,0
DA:864,0
DA:869,0
DA:870,0
DA:872,0
DA:873,0
DA:876,0
DA:878,0
DA:879,0
DA:880,0
DA:882,0
DA:883,0
DA:884,0
DA:889,0
DA:891,0
DA:892,0
DA:897,0
DA:898,0
DA:903,0
DA:906,0
DA:907,0
DA:909,0
DA:916,0
DA:917,0
DA:919,0
DA:920,0
DA:923,0
DA:924,0
DA:927,0
DA:929,0
DA:930,0
DA:931,0
DA:934,0
DA:937,0
DA:938,0
DA:939,0
DA:942,0
DA:943,0
DA:944,0
DA:945,0
DA:947,0
DA:948,0
DA:950,0
DA:955,0
DA:956,0
DA:958,0
DA:960,0
DA:961,0
DA:962,0
DA:964,0
DA:965,0
DA:974,0
DA:983,0
DA:986,0
DA:987,0
DA:988,0
DA:990,0
DA:991,0
DA:992,0
DA:996,0
DA:1000,0
DA:1001,0
DA:1002,0
DA:1003,0
DA:1004,0
DA:1005,0
DA:1013,0
DA:1014,0
DA:1017,0
DA:1019,0
DA:1020,0
DA:1021,0
DA:1022,0
DA:1024,0
DA:1025,0
DA:1026,0
DA:1030,0
DA:1035,0
DA:1039,0
DA:1043,0
DA:1047,0
DA:1069,0
DA:1070,0
DA:1071,0
DA:1076,0
DA:1094,0
DA:1096,0
DA:1097,0
DA:1099,0
DA:1103,0
DA:1104,0
DA:1109,0
DA:1118,0
DA:1120,0
DA:1121,0
DA:1127,0
DA:1139,0
DA:1142,0
DA:1145,0
DA:1150,0
DA:1151,0
DA:1152,0
DA:1155,0
DA:1158,0
DA:1163,0
DA:1166,0
DA:1167,0
DA:1168,0
DA:1173,0
DA:1174,0
DA:1175,0
DA:1179,0
DA:1180,0
DA:1181,0
DA:1182,0
DA:1184,0
DA:1192,0
DA:1202,0
DA:1235,0
DA:1239,0
DA:1240,0
DA:1242,0
DA:1247,0
DA:1248,0
DA:1249,0
DA:1250,0
DA:1252,0
DA:1254,0
DA:1255,0
DA:1259,0
DA:1260,0
DA:1261,0
DA:1270,0
DA:1271,0
DA:1277,0
DA:1283,0
DA:1292,0
DA:1294,0
DA:1296,0
DA:1298,0
DA:1299,0
DA:1300,0
DA:1303,0
DA:1304,0
DA:1305,0
DA:1308,0
DA:1312,0
DA:1316,0
DA:1317,0
DA:1321,0
DA:1322,0
DA:1329,0
DA:1330,0
DA:1336,0
DA:1341,0
DA:1347,0
DA:1348,0
DA:1350,0
DA:1353,0
DA:1354,0
DA:1360,0
DA:1365,0
DA:1371,0
DA:1372,0
DA:1374,0
DA:1376,0
DA:1380,0
DA:1384,0
DA:1385,0
DA:1389,0
DA:1390,0
DA:1392,0
DA:1393,0
DA:1394,0
DA:1397,0
DA:1398,0
DA:1399,0
DA:1400,0
DA:1410,0
DA:1411,0
DA:1415,0
DA:1416,0
DA:1418,0
DA:1419,0
DA:1420,0
DA:1423,0
DA:1424,0
DA:1425,0
DA:1437,0
DA:1438,0
DA:1439,0
DA:1440,0
DA:1441,0
DA:1444,0
DA:1445,0
DA:1449,0
DA:1450,0
DA:1451,0
DA:1457,0
DA:1459,0
DA:1476,0
DA:1492,0
DA:1496,0
DA:1497,0
DA:1502,0
DA:1512,0
DA:1513,0
DA:1519,0
DA:1523,0
DA:1527,0
DA:1528,0
DA:1529,0
DA:1530,0
DA:1549,0
DA:1550,0
DA:1552,0
DA:1556,0
DA:1557,0
DA:1558,0
DA:1559,0
DA:1562,0
DA:1563,0
DA:1566,0
DA:1567,0
DA:1568,0
DA:1571,0
DA:1592,0
DA:1593,0
DA:1597,0
DA:1598,0
DA:1602,0
DA:1603,0
DA:1604,0
DA:1605,0
DA:1606,0
DA:1607,0
DA:1608,0
DA:1613,0
DA:1615,0
DA:1616,0
DA:1617,0
DA:1618,0
DA:1621,0
DA:1622,0
DA:1623,0
DA:1624,0
DA:1625,0
DA:1626,0
DA:1633,0
DA:1635,0
DA:1636,0
DA:1640,0
DA:1641,0
DA:1644,0
DA:1645,0
DA:1646,0
DA:1647,0
DA:1648,0
DA:1649,0
DA:1656,0
DA:1660,0
DA:1661,0
DA:1664,0
DA:1665,0
DA:1670,0
DA:1672,0
DA:1674,0
DA:1676,0
DA:1677,0
DA:1678,0
DA:1679,0
DA:1680,0
DA:1682,0
DA:1683,0
DA:1684,0
DA:1685,0
DA:1686,0
DA:1687,0
DA:1688,0
DA:1689,0
DA:1692,0
DA:1693,0
DA:1695,0
DA:1696,0
DA:1698,0
DA:1699,0
DA:1700,0
DA:1703,0
DA:1704,0
DA:1705,0
DA:1706,0
DA:1707,0
DA:1713,0
DA:1714,0
DA:1734,0
DA:1741,0
DA:1743,0
DA:1744,0
DA:1745,0
DA:1748,0
DA:1749,0
DA:1750,0
DA:1753,0
DA:1754,0
DA:1755,0
DA:1756,0
DA:1759,0
DA:1763,0
DA:1765,0
DA:1766,0
DA:1767,0
DA:1769,0
DA:1777,0
DA:1809,0
DA:1813,0
DA:1814,0
DA:1816,0
DA:1818,0
DA:1823,0
DA:1824,0
DA:1830,0
DA:1831,0
DA:1833,0
DA:1836,0
DA:1841,0
DA:1846,0
DA:1847,0
DA:1852,0
DA:1853,0
DA:1854,0
DA:1872,0
DA:1943,0
DA:1945,0
DA:1946,0
DA:1954,0
DA:1978,0
DA:1979,0
DA:1985,0
DA:1986,0
DA:1987,0
DA:1988,0
DA:2000,0
DA:2001,0
DA:2002,0
DA:2003,0
DA:2015,0
DA:2017,0
DA:2018,0
DA:2020,0
DA:2023,0
DA:2026,0
DA:2028,0
DA:2029,0
DA:2030,0
DA:2031,0
DA:2044,0
DA:2045,0
DA:2046,0
DA:2048,0
DA:2051,0
DA:2054,0
DA:2055,0
DA:2056,0
DA:2057,0
DA:2064,0
DA:2065,0
DA:2066,0
DA:2075,0
DA:2076,0
DA:2077,0
DA:2091,0
DA:2092,0
DA:2095,0
DA:2096,0
DA:2099,0
DA:2100,0
DA:2101,0
DA:2102,0
DA:2104,0
DA:2107,0
DA:2108,0
DA:2109,0
DA:2111,0
DA:2112,0
DA:2113,0
DA:2115,0
DA:2118,0
DA:2121,0
DA:2123,0
DA:2125,0
DA:2129,0
DA:2134,0
DA:2136,0
DA:2139,0
DA:2142,0
DA:2144,0
DA:2146,0
DA:2150,0
DA:2155,0
DA:2157,0
DA:2160,0
DA:2164,0
DA:2166,0
DA:2168,0
DA:2172,0
DA:2177,0
DA:2179,0
DA:2182,0
DA:2185,0
DA:2187,0
DA:2189,0
DA:2190,0
DA:2193,0
DA:2194,0
DA:2202,0
DA:2203,0
DA:2204,0
DA:2205,0
DA:2218,0
DA:2219,0
DA:2220,0
DA:2232,0
DA:2235,0
DA:2238,0
DA:2240,0
DA:2241,0
DA:2242,0
DA:2244,0
DA:2248,0
DA:2253,0
DA:2255,0
DA:2258,0
DA:2262,0
DA:2263,0
DA:2264,0
DA:2268,0
DA:2269,0
DA:2275,0
DA:2276,0
DA:2277,0
DA:2278,0
DA:2279,0
DA:2281,0
DA:2282,0
DA:2283,0
DA:2291,0
DA:2292,0
DA:2302,0
DA:2303,0
DA:2304,0
DA:2312,0
DA:2313,0
DA:2314,0
DA:2324,0
DA:2325,0
DA:2327,0
DA:2329,0
DA:2330,0
DA:2331,0
DA:2334,0
DA:2335,0
DA:2336,0
DA:2340,0
DA:2344,0
DA:2348,0
DA:2349,0
DA:2351,0
DA:2354,0
DA:2355,0
DA:2356,0
DA:2357,0
DA:2361,0
DA:2362,0
DA:2365,0
DA:2366,0
DA:2367,0
DA:2369,0
DA:2370,0
DA:2372,0
DA:2373,0
DA:2374,0
DA:2376,0
DA:2378,0
DA:2381,0
DA:2382,0
DA:2383,0
DA:2388,0
DA:2390,0
DA:2391,0
DA:2392,0
DA:2394,0
DA:2395,0
DA:2396,0
DA:2399,0
DA:2400,0
DA:2401,0
DA:2405,0
DA:2409,0
DA:2412,0
DA:2416,0
DA:2421,0
DA:2422,0
DA:2424,0
DA:2427,0
DA:2430,0
DA:2432,0
DA:2433,0
DA:2434,0
DA:2435,0
DA:2441,0
DA:2442,0
DA:2443,0
DA:2457,0
DA:2458,0
DA:2459,0
DA:2468,0
DA:2470,0
DA:2471,0
DA:2472,0
DA:2473,0
DA:2479,0
DA:2480,0
DA:2481,0
DA:2482,0
DA:2493,0
DA:2495,0
DA:2496,0
DA:2497,0
DA:2515,0
DA:2534,0
DA:2545,0
DA:2546,0
DA:2547,0
DA:2554,0
DA:2555,0
DA:2565,0
DA:2566,0
DA:2567,0
DA:2568,0
DA:2580,0
DA:2581,0
DA:2583,0
DA:2585,0
DA:2586,0
DA:2587,0
DA:2590,0
DA:2593,0
DA:2594,0
DA:2595,0
DA:2596,0
DA:2598,0
DA:2600,0
DA:2606,0
DA:2607,0
DA:2608,0
DA:2609,0
DA:2612,0
DA:2613,0
DA:2614,0
DA:2615,0
DA:2619,0
DA:2620,0
DA:2621,0
DA:2624,0
DA:2625,0
DA:2626,0
DA:2627,0
DA:2631,0
DA:2632,0
DA:2633,0
DA:2636,0
DA:2637,0
DA:2638,0
DA:2641,0
DA:2642,0
DA:2644,0
DA:2652,0
DA:2653,0
DA:2656,0
DA:2657,0
DA:2660,0
DA:2661,0
DA:2670,0
DA:2671,0
DA:2674,0
DA:2678,0
DA:2679,0
DA:2680,0
DA:2682,0
DA:2684,0
DA:2685,0
DA:2687,0
DA:2688,0
DA:2693,0
DA:2695,0
DA:2700,0
DA:2702,0
DA:2703,0
DA:2704,0
DA:2708,0
DA:2712,0
DA:2713,0
DA:2714,0
DA:2715,0
DA:2718,0
DA:2720,0
DA:2721,0
DA:2722,0
DA:2727,0
DA:2728,0
DA:2731,0
DA:2732,0
DA:2734,0
DA:2735,0
DA:2736,0
DA:2738,0
DA:2741,0
DA:2742,0
DA:2747,0
DA:2748,0
DA:2751,0
DA:2755,0
DA:2758,0
DA:2759,0
DA:2762,0
DA:2763,0
DA:2767,0
DA:2768,0
DA:2769,0
DA:2770,0
DA:2771,0
DA:2772,0
DA:2776,0
DA:2777,0
DA:2778,0
DA:2782,0
DA:2786,0
DA:2794,0
DA:2795,0
DA:2800,0
DA:2801,0
DA:2804,0
DA:2805,0
DA:2808,0
DA:2809,0
DA:2812,0
DA:2816,0
DA:2817,0
DA:2818,0
DA:2821,0
DA:2824,0
DA:2825,0
DA:2828,0
DA:2831,0
DA:2832,0
DA:2835,0
DA:2838,0
DA:2839,0
DA:2842,0
DA:2845,0
DA:2846,0
DA:2852,0
DA:2855,0
DA:2856,0
DA:2859,0
DA:2860,0
DA:2864,0
DA:2868,0
DA:2869,0
DA:2882,0
DA:2883,0
DA:2884,0
DA:2886,0
DA:2887,0
DA:2888,0
DA:2889,0
DA:2905,0
DA:2906,0
DA:2907,0
DA:2910,0
DA:2911,0
DA:2912,0
DA:2915,0
DA:2916,0
DA:2917,0
DA:2918,0
DA:2922,0
DA:2923,0
DA:2927,0
DA:2932,0
DA:2933,0
DA:2934,0
DA:2935,0
DA:2938,0
DA:2940,0
DA:2941,0
DA:2946,0
DA:2947,0
DA:2948,0
DA:2965,0
DA:3027,0
DA:3028,0
DA:3029,0
DA:3031,0
DA:3032,0
DA:3033,0
DA:3034,0
DA:3035,0
DA:3036,0
DA:3039,0
DA:3040,0
DA:3041,0
DA:3044,0
DA:3045,0
DA:3047,0
DA:3048,0
DA:3049,0
DA:3050,0
DA:3051,0
DA:3052,0
DA:3055,0
DA:3056,0
DA:3057,0
DA:3059,0
DA:3062,0
DA:3063,0
DA:3065,0
DA:3068,0
DA:3069,0
DA:3075,0
DA:3079,0
DA:3080,0
DA:3081,0
DA:3092,0
DA:3093,0
DA:3094,0
DA:3101,0
DA:3102,0
DA:3103,0
DA:3110,0
DA:3111,0
DA:3118,0
DA:3119,0
DA:3121,0
DA:3123,0
DA:3125,0
DA:3126,0
DA:3127,0
DA:3128,0
DA:3132,0
DA:3144,0
DA:3145,0
DA:3146,0
DA:3149,0
DA:3150,0
DA:3152,0
DA:3154,0
DA:3165,0
DA:3166,0
DA:3167,0
DA:3168,0
DA:3169,0
DA:3171,0
DA:3172,0
DA:3173,0
DA:3185,0
DA:3186,0
DA:3188,0
DA:3189,0
DA:3192,0
DA:3195,0
DA:3196,0
DA:3197,0
DA:3198,0
DA:3201,0
DA:3203,0
DA:3204,0
DA:3207,0
DA:3208,0
DA:3209,0
DA:3212,0
DA:3215,0
DA:3216,0
DA:3217,0
DA:3218,0
DA:3221,0
DA:3223,0
DA:3224,0
DA:3225,0
DA:3228,0
DA:3232,0
DA:3233,0
DA:3235,0
DA:3239,0
DA:3240,0
DA:3241,0
DA:3253,0
DA:3255,0
DA:3259,0
DA:3260,0
DA:3261,0
DA:3264,0
DA:3265,0
DA:3266,0
DA:3271,0
DA:3272,0
DA:3277,0
DA:3278,0
DA:3279,0
DA:3280,0
DA:3283,0
DA:3284,0
DA:3287,0
DA:3288,0
DA:3289,0
DA:3291,0
DA:3295,0
DA:3297,0
DA:3299,0
DA:3314,0
DA:3315,0
DA:3317,0
DA:3318,0
DA:3319,0
DA:3320,0
DA:3328,0
DA:3338,0
DA:3339,0
DA:3341,0
DA:3345,0
DA:3346,0
DA:3348,0
DA:3352,0
DA:3356,0
DA:3358,0
DA:3359,0
DA:3360,0
DA:3361,0
DA:3362,0
DA:3367,0
DA:3368,0
DA:3369,0
DA:3370,0
DA:3371,0
DA:3372,0
DA:3374,0
DA:3375,0
DA:3377,0
DA:3381,0
DA:3383,0
DA:3384,0
DA:3385,0
DA:3387,0
DA:3389,0
DA:3393,0
DA:3394,0
DA:3395,0
DA:3398,0
DA:3401,0
DA:3403,0
DA:3404,0
DA:3405,0
DA:3411,0
DA:3413,0
DA:3414,0
DA:3415,0
DA:3416,0
DA:3417,0
DA:3418,0
DA:3422,0
DA:3423,0
DA:3424,0
DA:3426,0
DA:3429,0
DA:3430,0
DA:3431,0
DA:3432,0
DA:3433,0
DA:3434,0
DA:3437,0
DA:3438,0
DA:3442,0
DA:3443,0
DA:3447,0
DA:3451,0
DA:3453,0
DA:3461,0
DA:3462,0
DA:3465,0
DA:3466,0
DA:3467,0
DA:3468,0
DA:3469,0
DA:3470,0
DA:3471,0
DA:3472,0
DA:3474,0
DA:3478,0
DA:3479,0
DA:3480,0
DA:3481,0
DA:3482,0
DA:3483,0
DA:3484,0
DA:3485,0
DA:3487,0
DA:3491,0
DA:3492,0
DA:3493,0
DA:3494,0
DA:3495,0
DA:3497,0
DA:3502,0
DA:3503,0
DA:3504,0
DA:3505,0
DA:3508,0
DA:3511,0
DA:3512,0
DA:3513,0
DA:3514,0
DA:3517,0
DA:3519,0
DA:3520,0
DA:3521,0
DA:3522,0
DA:3523,0
DA:3526,0
DA:3527,0
DA:3530,0
DA:3531,0
DA:3532,0
DA:3534,0
DA:3537,0
DA:3538,0
DA:3539,0
DA:3540,0
DA:3541,0
DA:3542,0
DA:3543,0
DA:3544,0
DA:3545,0
DA:3547,0
DA:3551,0
DA:3552,0
DA:3553,0
DA:3554,0
DA:3556,0
DA:3557,0
DA:3561,0
DA:3564,0
DA:3565,0
DA:3566,0
DA:3567,0
DA:3570,0
DA:3573,0
DA:3576,0
DA:3581,0
DA:3582,0
DA:3583,0
DA:3584,0
DA:3585,0
DA:3586,0
DA:3592,0
DA:3594,0
DA:3596,0
DA:3598,0
DA:3599,0
DA:3600,0
DA:3605,0
DA:3607,0
DA:3608,0
DA:3609,0
DA:3612,0
DA:3613,0
DA:3615,0
DA:3616,0
DA:3619,0
DA:3620,0
DA:3621,0
DA:3623,0
DA:3627,0
DA:3628,0
DA:3630,0
DA:3631,0
DA:3634,0
DA:3635,0
DA:3637,0
DA:3638,0
DA:3639,0
DA:3642,0
DA:3643,0
DA:3645,0
DA:3646,0
DA:3648,0
DA:3652,0
DA:3653,0
DA:3654,0
DA:3656,0
DA:3657,0
DA:3659,0
DA:3660,0
DA:3664,0
DA:3668,0
DA:3669,0
DA:3670,0
DA:3671,0
DA:3672,0
DA:3674,0
DA:3675,0
DA:3678,0
DA:3680,0
DA:3681,0
DA:3683,0
DA:3688,0
DA:3689,0
DA:3692,0
DA:3693,0
DA:3701,0
DA:3702,0
DA:3706,0
DA:3707,0
DA:3709,0
DA:3710,0
DA:3711,0
DA:3712,0
DA:3713,0
DA:3714,0
DA:3716,0
DA:3720,0
DA:3721,0
DA:3725,0
DA:3732,0
DA:3733,0
DA:3735,0
DA:3737,0
DA:3738,0
DA:3740,0
DA:3741,0
DA:3743,0
DA:3744,0
DA:3746,0
DA:3748,0
DA:3749,0
DA:3751,0
DA:3752,0
DA:3753,0
DA:3757,0
DA:3758,0
DA:3761,0
DA:3762,0
DA:3765,0
DA:3768,0
DA:3770,0
DA:3774,0
DA:3775,0
DA:3776,0
DA:3780,0
DA:3781,0
DA:3782,0
DA:3783,0
DA:3784,0
DA:3785,0
DA:3786,0
DA:3788,0
DA:3789,0
DA:3792,0
DA:3794,0
DA:3796,0
DA:3801,0
DA:3803,0
DA:3804,0
DA:3808,0
DA:3812,0
DA:3818,0
DA:3820,0
DA:3829,0
DA:3830,0
DA:3832,0
DA:3833,0
DA:3836,0
DA:3837,0
DA:3842,0
DA:3843,0
DA:3844,0
DA:3847,0
DA:3848,0
DA:3851,0
DA:3852,0
DA:3854,0
DA:3855,0
DA:3856,0
DA:3857,0
DA:3858,0
DA:3861,0
DA:3862,0
DA:3863,0
DA:3864,0
DA:3867,0
DA:3868,0
DA:3870,0
DA:3871,0
DA:3872,0
DA:3874,0
DA:3875,0
DA:3877,0
DA:3878,0
DA:3879,0
DA:3880,0
DA:3882,0
DA:3883,0
DA:3884,0
DA:3886,0
DA:3893,0
DA:3896,0
DA:3898,0
DA:3899,0
DA:3904,0
DA:3905,0
DA:3911,0
DA:3914,0
DA:3916,0
DA:3917,0
DA:3920,0
DA:3936,0
DA:3937,0
DA:3946,0
DA:3947,0
DA:3948,0
DA:3949,0
DA:3952,0
DA:3954,0
DA:3964,0
DA:3970,0
DA:3971,0
DA:3972,0
DA:3974,0
DA:3977,0
DA:3979,0
DA:3980,0
DA:3981,0
DA:3983,0
DA:3984,0
DA:3989,0
DA:3993,0
DA:3997,0
DA:4001,0
DA:4005,0
DA:4009,0
DA:4013,0
DA:4014,0
DA:4015,0
DA:4019,0
DA:4023,0
DA:4027,0
DA:4031,0
DA:4032,0
DA:4033,0
DA:4034,0
DA:4036,0
DA:4037,0
DA:4038,0
DA:4039,0
DA:4040,0
DA:4041,0
DA:4042,0
DA:4043,0
DA:4044,0
DA:4045,0
DA:4051,0
DA:4052,0
DA:4053,0
DA:4057,0
DA:4059,0
DA:4060,0
DA:4065,0
DA:4066,0
DA:4067,0
DA:4068,0
DA:4071,0
DA:4073,0
DA:4081,0
DA:4082,0
DA:4083,0
DA:4084,0
DA:4086,0
DA:4089,0
DA:4090,0
DA:4094,0
DA:4095,0
DA:4098,0
DA:4099,0
DA:4106,0
DA:4107,0
DA:4108,0
DA:4109,0
DA:4112,0
DA:4113,0
DA:4114,0
DA:4115,0
DA:4118,0
DA:4120,0
DA:4133,0
DA:4134,0
DA:4135,0
DA:4136,0
DA:4138,0
DA:4141,0
DA:4145,0
DA:4148,0
DA:4155,0
DA:4156,0
DA:4158,0
DA:4159,0
DA:4160,0
DA:4161,0
DA:4162,0
DA:4163,0
DA:4165,0
DA:4166,0
DA:4167,0
DA:4169,0
DA:4170,0
DA:4171,0
DA:4173,0
DA:4174,0
DA:4175,0
DA:4177,0
DA:4178,0
DA:4179,0
DA:4181,0
DA:4182,0
DA:4183,0
DA:4184,0
DA:4188,0
DA:4189,0
DA:4191,0
DA:4192,0
DA:4193,0
DA:4194,0
DA:4195,0
DA:4196,0
DA:4198,0
DA:4199,0
DA:4200,0
DA:4201,0
DA:4202,0
DA:4203,0
DA:4204,0
DA:4207,0
DA:4208,0
DA:4209,0
DA:4211,0
DA:4212,0
DA:4213,0
DA:4214,0
DA:4217,0
DA:4219,0
DA:4220,0
DA:4221,0
DA:4222,0
DA:4223,0
DA:4224,0
DA:4226,0
DA:4227,0
DA:4228,0
DA:4229,0
DA:4231,0
DA:4232,0
DA:4233,0
DA:4235,0
DA:4236,0
DA:4238,0
DA:4239,0
DA:4241,0
DA:4242,0
DA:4243,0
DA:4247,0
DA:4249,0
DA:4250,0
DA:4251,0
DA:4253,0
DA:4254,0
DA:4255,0
DA:4256,0
DA:4257,0
DA:4258,0
DA:4259,0
DA:4261,0
DA:4262,0
DA:4265,0
DA:4266,0
DA:4267,0
DA:4268,0
DA:4269,0
DA:4271,0
DA:4272,0
DA:4275,0
DA:4276,0
DA:4277,0
DA:4278,0
DA:4279,0
DA:4282,0
DA:4283,0
DA:4285,0
DA:4287,0
DA:4288,0
DA:4289,0
DA:4290,0
DA:4292,0
DA:4295,0
DA:4296,0
DA:4299,0
DA:4300,0
DA:4301,0
DA:4303,0
DA:4307,0
DA:4308,0
DA:4309,0
DA:4311,0
DA:4313,0
DA:4314,0
DA:4315,0
DA:4316,0
DA:4319,0
DA:4320,0
DA:4321,0
DA:4322,0
DA:4325,0
DA:4326,0
DA:4328,0
DA:4329,0
DA:4331,0
DA:4336,0
DA:4338,0
DA:4339,0
DA:4341,0
DA:4345,0
DA:4346,0
DA:4350,0
DA:4352,0
DA:4353,0
DA:4355,0
DA:4356,0
DA:4357,0
DA:4360,0
DA:4361,0
DA:4362,0
DA:4367,0
DA:4369,0
DA:4370,0
DA:4372,0
DA:4373,0
DA:4375,0
DA:4376,0
DA:4377,0
DA:4384,0
DA:4386,0
DA:4387,0
DA:4388,0
DA:4390,0
DA:4391,0
DA:4393,0
DA:4395,0
DA:4396,0
DA:4398,0
DA:4400,0
DA:4401,0
DA:4402,0
DA:4405,0
DA:4406,0
DA:4410,0
DA:4412,0
DA:4419,0
DA:4420,0
DA:4421,0
DA:4436,0
DA:4437,0
DA:4438,0
DA:4446,0
DA:4447,0
DA:4448,0
DA:4456,0
DA:4457,0
DA:4458,0
DA:4474,0
DA:4486,0
DA:4487,0
DA:4488,0
DA:4489,0
DA:4490,0
DA:4491,0
DA:4492,0
DA:4497,0
DA:4498,0
DA:4499,0
DA:4512,0
DA:4513,0
DA:4523,0
DA:4525,0
DA:4526,0
DA:4527,0
DA:4539,0
DA:4572,0
DA:4573,0
DA:4582,0
DA:4583,0
DA:4598,0
DA:4600,0
DA:4601,0
DA:4602,0
DA:4603,0
DA:4604,0
DA:4605,0
DA:4610,0
DA:4611,0
DA:4612,0
DA:4613,0
DA:4614,0
DA:4615,0
DA:4616,0
DA:4617,0
DA:4618,0
DA:4620,0
DA:4621,0
DA:4636,0
DA:4640,0
DA:4693,0
DA:4694,0
DA:4695,0
DA:4708,0
DA:4710,0
DA:4711,0
DA:4712,0
DA:4725,0
DA:4727,0
DA:4728,0
DA:4730,0
DA:4731,0
DA:4737,0
DA:4738,0
DA:4740,0
DA:4741,0
DA:4743,0
DA:4744,0
DA:4745,0
DA:4746,0
DA:4747,0
DA:4760,0
DA:4761,0
DA:4763,0
DA:4765,0
DA:4767,0
DA:4770,0
DA:4772,0
DA:4773,0
DA:4782,0
DA:4791,0
DA:4805,0
DA:4806,0
DA:4808,0
DA:4810,0
DA:4812,0
DA:4813,0
DA:4815,0
DA:4818,0
DA:4819,0
DA:4820,0
DA:4821,0
DA:4825,0
DA:4828,0
DA:4829,0
DA:4830,0
DA:4834,0
DA:4835,0
DA:4837,0
DA:4838,0
DA:4842,0
DA:4845,0
DA:4846,0
DA:4847,0
DA:4851,0
DA:4852,0
DA:4854,0
DA:4855,0
DA:4859,0
DA:4860,0
DA:4865,0
DA:4866,0
DA:4868,0
DA:4870,0
DA:4871,0
DA:4872,0
DA:4874,0
DA:4875,0
DA:4876,0
DA:4878,0
DA:4879,0
DA:4880,0
DA:4882,0
DA:4883,0
DA:4884,0
DA:4886,0
DA:4887,0
DA:4890,0
DA:4891,0
DA:4893,0
DA:4894,0
DA:4895,0
DA:4899,0
DA:4905,0
DA:4915,0
DA:4916,0
DA:4917,0
DA:4918,0
DA:4919,0
DA:4923,0
DA:4924,0
DA:4925,0
DA:4926,0
DA:4928,0
DA:4929,0
DA:4935,0
DA:4936,0
DA:4940,0
DA:4942,0
DA:4943,0
DA:4944,0
DA:4946,0
DA:4947,0
DA:4948,0
DA:4950,0
DA:4951,0
DA:4954,0
DA:4955,0
DA:4959,0
DA:4963,0
DA:4964,0
DA:4965,0
DA:4967,0
DA:4968,0
DA:4969,0
DA:4971,0
DA:4972,0
DA:4973,0
DA:4975,0
DA:4976,0
DA:4977,0
DA:4980,0
DA:4982,0
DA:4984,0
DA:4986,0
DA:4990,0
DA:4991,0
DA:5008,0
DA:5010,0
DA:5018,0
DA:5022,0
DA:5023,0
DA:5025,0
DA:5026,0
DA:5027,0
DA:5028,0
DA:5029,0
DA:5030,0
DA:5031,0
DA:5033,0
DA:5034,0
DA:5035,0
DA:5036,0
DA:5037,0
DA:5038,0
DA:5039,0
DA:5040,0
DA:5041,0
DA:5042,0
DA:5043,0
DA:5044,0
DA:5049,0
DA:5050,0
DA:5051,0
DA:5052,0
DA:5053,0
DA:5055,0
DA:5057,0
DA:5058,0
DA:5059,0
DA:5060,0
DA:5062,0
DA:5063,0
DA:5067,0
DA:5072,0
DA:5075,0
DA:5076,0
DA:5080,0
DA:5082,0
DA:5083,0
DA:5084,0
DA:5085,0
DA:5086,0
DA:5087,0
DA:5088,0
DA:5089,0
DA:5096,0
DA:5097,0
DA:5100,0
DA:5101,0
DA:5104,0
DA:5105,0
DA:5108,0
DA:5114,0
DA:5115,0
DA:5116,0
DA:5120,0
DA:5121,0
DA:5123,0
DA:5125,0
DA:5129,0
DA:5131,0
DA:5134,0
DA:5135,0
DA:5136,0
DA:5137,0
DA:5145,0
DA:5178,0
DA:5181,0
DA:5185,0
DA:5186,0
DA:5187,0
DA:5188,0
DA:5189,0
DA:5191,0
DA:5192,0
DA:5196,0
DA:5197,0
DA:5198,0
DA:5199,0
DA:5200,0
DA:5201,0
DA:5202,0
DA:5207,0
DA:5208,0
DA:5209,0
DA:5210,0
DA:5211,0
DA:5212,0
DA:5213,0
DA:5220,0
DA:5221,0
DA:5223,0
DA:5227,0
DA:5228,0
DA:5229,0
DA:5232,0
DA:5235,0
DA:5236,0
DA:5239,0
DA:5242,0
DA:5243,0
DA:5246,0
DA:5249,0
DA:5250,0
DA:5253,0
DA:5256,0
DA:5257,0
DA:5260,0
LF:1965
LH:0
BRDA:83,0,0,0
BRDA:83,0,1,0
BRDA:88,1,0,0
BRDA:88,1,1,0
BRDA:91,2,0,0
BRDA:91,2,1,0
BRDA:94,3,0,0
BRDA:94,3,1,0
BRDA:97,4,0,0
BRDA:97,4,1,0
BRDA:102,5,0,0
BRDA:102,5,1,0
BRDA:103,6,0,0
BRDA:103,6,1,0
BRDA:109,7,0,0
BRDA:109,7,1,0
BRDA:112,8,0,0
BRDA:112,8,1,0
BRDA:116,9,0,0
BRDA:116,9,1,0
BRDA:119,10,0,0
BRDA:119,10,1,0
BRDA:121,11,0,0
BRDA:121,11,1,0
BRDA:123,12,0,0
BRDA:123,12,1,0
BRDA:125,13,0,0
BRDA:125,13,1,0
BRDA:127,14,0,0
BRDA:127,14,1,0
BRDA:130,15,0,0
BRDA:130,15,1,0
BRDA:132,16,0,0
BRDA:132,16,1,0
BRDA:134,17,0,0
BRDA:134,17,1,0
BRDA:161,18,0,0
BRDA:163,19,0,0
BRDA:163,19,1,0
BRDA:171,20,0,0
BRDA:171,20,1,0
BRDA:172,21,0,0
BRDA:172,21,1,0
BRDA:172,22,0,0
BRDA:172,22,1,0
BRDA:202,23,0,0
BRDA:202,23,1,0
BRDA:205,24,0,0
BRDA:211,25,0,0
BRDA:215,26,0,0
BRDA:215,26,1,0
BRDA:220,27,0,0
BRDA:220,27,1,0
BRDA:224,28,0,0
BRDA:224,28,1,0
BRDA:241,29,0,0
BRDA:241,29,1,0
BRDA:247,30,0,0
BRDA:282,31,0,0
BRDA:282,31,1,0
BRDA:293,32,0,0
BRDA:293,32,1,0
BRDA:328,33,0,0
BRDA:328,33,1,0
BRDA:337,34,0,0
BRDA:340,35,0,0
BRDA:340,35,1,0
BRDA:349,36,0,0
BRDA:349,36,1,0
BRDA:354,37,0,0
BRDA:354,37,1,0
BRDA:356,38,0,0
BRDA:356,38,1,0
BRDA:365,39,0,0
BRDA:365,39,1,0
BRDA:373,40,0,0
BRDA:376,41,0,0
BRDA:376,41,1,0
BRDA:409,42,0,0
BRDA:409,42,1,0
BRDA:439,43,0,0
BRDA:439,43,1,0
BRDA:440,44,0,0
BRDA:440,44,1,0
BRDA:445,45,0,0
BRDA:445,45,1,0
BRDA:446,46,0,0
BRDA:446,46,1,0
BRDA:464,47,0,0
BRDA:464,47,1,0
BRDA:472,48,0,0
BRDA:472,48,1,0
BRDA:511,49,0,0
BRDA:511,49,1,0
BRDA:516,50,0,0
BRDA:516,50,1,0
BRDA:517,51,0,0
BRDA:517,51,1,0
BRDA:520,52,0,0
BRDA:520,52,1,0
BRDA:533,53,0,0
BRDA:533,53,1,0
BRDA:546,54,0,0
BRDA:546,54,1,0
BRDA:547,55,0,0
BRDA:547,55,1,0
BRDA:551,56,0,0
BRDA:551,56,1,0
BRDA:561,57,0,0
BRDA:561,57,1,0
BRDA:562,58,0,0
BRDA:562,58,1,0
BRDA:566,59,0,0
BRDA:566,59,1,0
BRDA:580,60,0,0
BRDA:580,60,1,0
BRDA:581,61,0,0
BRDA:581,61,1,0
BRDA:581,61,2,0
BRDA:586,62,0,0
BRDA:586,62,1,0
BRDA:587,63,0,0
BRDA:587,63,1,0
BRDA:591,64,0,0
BRDA:591,64,1,0
BRDA:599,65,0,0
BRDA:599,65,1,0
BRDA:601,66,0,0
BRDA:601,66,1,0
BRDA:613,67,0,0
BRDA:613,67,1,0
BRDA:614,68,0,0
BRDA:614,68,1,0
BRDA:614,68,2,0
BRDA:624,69,0,0
BRDA:624,69,1,0
BRDA:624,70,0,0
BRDA:624,70,1,0
BRDA:629,71,0,0
BRDA:629,71,1,0
BRDA:633,72,0,0
BRDA:633,72,1,0
BRDA:645,73,0,0
BRDA:645,73,1,0
BRDA:656,74,0,0
BRDA:656,74,1,0
BRDA:680,75,0,0
BRDA:680,75,1,0
BRDA:691,76,0,0
BRDA:691,76,1,0
BRDA:700,77,0,0
BRDA:700,77,1,0
BRDA:706,78,0,0
BRDA:706,78,1,0
BRDA:706,79,0,0
BRDA:706,79,1,0
BRDA:735,80,0,0
BRDA:735,80,1,0
BRDA:741,81,0,0
BRDA:741,81,1,0
BRDA:764,82,0,0
BRDA:764,82,1,0
BRDA:769,83,0,0
BRDA:769,83,1,0
BRDA:777,84,0,0
BRDA:777,84,1,0
BRDA:777,84,2,0
BRDA:784,85,0,0
BRDA:784,85,1,0
BRDA:800,86,0,0
BRDA:800,86,1,0
BRDA:804,87,0,0
BRDA:804,87,1,0
BRDA:814,88,0,0
BRDA:814,88,1,0
BRDA:822,89,0,0
BRDA:822,89,1,0
BRDA:828,90,0,0
BRDA:828,90,1,0
BRDA:835,91,0,0
BRDA:835,91,1,0
BRDA:850,92,0,0
BRDA:850,92,1,0
BRDA:855,93,0,0
BRDA:855,93,1,0
BRDA:872,94,0,0
BRDA:872,94,1,0
BRDA:882,95,0,0
BRDA:882,95,1,0
BRDA:892,96,0,0
BRDA:892,96,1,0
BRDA:898,97,0,0
BRDA:898,97,1,0
BRDA:899,98,0,0
BRDA:899,98,1,0
BRDA:899,98,2,0
BRDA:909,99,0,0
BRDA:909,99,1,0
BRDA:909,99,2,0
BRDA:916,100,0,0
BRDA:916,100,1,0
BRDA:929,101,0,0
BRDA:929,101,1,0
BRDA:929,102,0,0
BRDA:929,102,1,0
BRDA:937,103,0,0
BRDA:937,103,1,0
BRDA:983,104,0,0
BRDA:983,104,1,0
BRDA:990,105,0,0
BRDA:990,105,1,0
BRDA:990,106,0,0
BRDA:990,106,1,0
BRDA:1000,107,0,0
BRDA:1000,107,1,0
BRDA:1003,108,0,0
BRDA:1003,108,1,0
BRDA:1003,109,0,0
BRDA:1003,109,1,0
BRDA:1013,110,0,0
BRDA:1013,110,1,0
BRDA:1031,111,0,0
BRDA:1031,111,1,0
BRDA:1072,112,0,0
BRDA:1072,112,1,0
BRDA:1105,113,0,0
BRDA:1105,113,1,0
BRDA:1127,114,0,0
BRDA:1127,114,1,0
BRDA:1139,115,0,0
BRDA:1139,115,1,0
BRDA:1150,116,0,0
BRDA:1150,116,1,0
BRDA:1192,117,0,0
BRDA:1192,117,1,0
BRDA:1239,118,0,0
BRDA:1239,118,1,0
BRDA:1452,119,0,0
BRDA:1452,119,1,0
BRDA:1457,120,0,0
BRDA:1457,120,1,0
BRDA:1498,121,0,0
BRDA:1498,121,1,0
BRDA:1566,122,0,0
BRDA:1566,122,1,0
BRDA:1566,123,0,0
BRDA:1566,123,1,0
BRDA:1576,124,0,0
BRDA:1576,124,1,0
BRDA:1580,125,0,0
BRDA:1580,125,1,0
BRDA:1580,126,0,0
BRDA:1580,126,1,0
BRDA:1589,127,0,0
BRDA:1589,127,1,0
BRDA:1589,128,0,0
BRDA:1589,128,1,0
BRDA:1592,129,0,0
BRDA:1592,129,1,0
BRDA:1597,130,0,0
BRDA:1597,130,1,0
BRDA:1597,131,0,0
BRDA:1597,131,1,0
BRDA:1603,132,0,0
BRDA:1603,132,1,0
BRDA:1605,133,0,0
BRDA:1605,133,1,0
BRDA:1607,134,0,0
BRDA:1607,134,1,0
BRDA:1615,135,0,0
BRDA:1615,135,1,0
BRDA:1615,136,0,0
BRDA:1615,136,1,0
BRDA:1621,137,0,0
BRDA:1621,137,1,0
BRDA:1623,138,0,0
BRDA:1623,138,1,0
BRDA:1625,139,0,0
BRDA:1625,139,1,0
BRDA:1635,140,0,0
BRDA:1635,140,1,0
BRDA:1635,141,0,0
BRDA:1635,141,1,0
BRDA:1637,142,0,0
BRDA:1637,142,1,0
BRDA:1644,143,0,0
BRDA:1644,143,1,0
BRDA:1644,144,0,0
BRDA:1644,144,1,0
BRDA:1646,145,0,0
BRDA:1646,145,1,0
BRDA:1648,146,0,0
BRDA:1648,146,1,0
BRDA:1672,147,0,0
BRDA:1672,147,1,0
BRDA:1693,148,0,0
BRDA:1693,148,1,0
BRDA:1704,149,0,0
BRDA:1704,149,1,0
BRDA:1715,150,0,0
BRDA:1715,150,1,0
BRDA:1716,151,0,0
BRDA:1716,151,1,0
BRDA:1779,152,0,0
BRDA:1779,152,1,0
BRDA:1782,153,0,0
BRDA:1782,153,1,0
BRDA:1786,154,0,0
BRDA:1786,154,1,0
BRDA:1790,155,0,0
BRDA:1790,155,1,0
BRDA:1793,156,0,0
BRDA:1793,156,1,0
BRDA:1795,157,0,0
BRDA:1795,157,1,0
BRDA:1797,158,0,0
BRDA:1797,158,1,0
BRDA:1800,159,0,0
BRDA:1800,159,1,0
BRDA:1804,160,0,0
BRDA:1804,160,1,0
BRDA:1823,161,0,0
BRDA:1823,161,1,0
BRDA:1830,162,0,0
BRDA:1830,162,1,0
BRDA:1846,163,0,0
BRDA:1846,163,1,0
BRDA:2040,164,0,0
BRDA:2040,164,1,0
BRDA:2041,165,0,0
BRDA:2041,165,1,0
BRDA:2060,166,0,0
BRDA:2060,166,1,0
BRDA:2061,167,0,0
BRDA:2061,167,1,0
BRDA:2083,168,0,0
BRDA:2083,168,1,0
BRDA:2088,169,0,0
BRDA:2088,169,1,0
BRDA:2100,170,0,0
BRDA:2100,170,1,0
BRDA:2189,171,0,0
BRDA:2189,171,1,0
BRDA:2232,172,0,0
BRDA:2232,172,1,0
BRDA:2236,173,0,0
BRDA:2236,173,1,0
BRDA:2240,174,0,0
BRDA:2240,174,1,0
BRDA:2241,175,0,0
BRDA:2241,175,1,0
BRDA:2242,176,0,0
BRDA:2242,176,1,0
BRDA:2248,177,0,0
BRDA:2248,177,1,0
BRDA:2249,178,0,0
BRDA:2249,178,1,0
BRDA:2249,178,2,0
BRDA:2329,179,0,0
BRDA:2329,179,1,0
BRDA:2334,180,0,0
BRDA:2334,180,1,0
BRDA:2340,181,0,0
BRDA:2340,181,1,0
BRDA:2341,182,0,0
BRDA:2341,182,1,0
BRDA:2354,183,0,0
BRDA:2354,183,1,0
BRDA:2354,184,0,0
BRDA:2354,184,1,0
BRDA:2366,185,0,0
BRDA:2366,185,1,0
BRDA:2366,186,0,0
BRDA:2366,186,1,0
BRDA:2372,187,0,0
BRDA:2372,187,1,0
BRDA:2373,188,0,0
BRDA:2373,188,1,0
BRDA:2394,189,0,0
BRDA:2394,189,1,0
BRDA:2399,190,0,0
BRDA:2399,190,1,0
BRDA:2405,191,0,0
BRDA:2405,191,1,0
BRDA:2406,192,0,0
BRDA:2406,192,1,0
BRDA:2549,193,0,0
BRDA:2549,193,1,0
BRDA:2549,194,0,0
BRDA:2549,194,1,0
BRDA:2549,194,2,0
BRDA:2572,195,0,0
BRDA:2572,195,1,0
BRDA:2572,196,0,0
BRDA:2572,196,1,0
BRDA:2572,196,2,0
BRDA:2594,197,0,0
BRDA:2594,197,1,0
BRDA:2599,198,0,0
BRDA:2599,198,1,0
BRDA:2601,199,0,0
BRDA:2601,199,1,0
BRDA:2613,200,0,0
BRDA:2613,200,1,0
BRDA:2625,201,0,0
BRDA:2625,201,1,0
BRDA:2680,202,0,0
BRDA:2680,202,1,0
BRDA:2703,203,0,0
BRDA:2703,203,1,0
BRDA:2713,204,0,0
BRDA:2713,204,1,0
BRDA:2727,205,0,0
BRDA:2727,205,1,0
BRDA:2729,206,0,0
BRDA:2729,206,1,0
BRDA:2731,207,0,0
BRDA:2731,207,1,0
BRDA:2734,208,0,0
BRDA:2734,208,1,0
BRDA:2741,209,0,0
BRDA:2741,209,1,0
BRDA:2747,210,0,0
BRDA:2747,210,1,0
BRDA:2762,211,0,0
BRDA:2762,211,1,0
BRDA:2763,212,0,0
BRDA:2763,212,1,0
BRDA:2767,213,0,0
BRDA:2767,213,1,0
BRDA:2768,214,0,0
BRDA:2768,214,1,0
BRDA:2770,215,0,0
BRDA:2770,215,1,0
BRDA:2776,216,0,0
BRDA:2776,216,1,0
BRDA:2789,217,0,0
BRDA:2789,217,1,0
BRDA:2789,218,0,0
BRDA:2789,218,1,0
BRDA:2794,219,0,0
BRDA:2794,219,1,0
BRDA:2800,220,0,0
BRDA:2800,220,1,0
BRDA:2804,221,0,0
BRDA:2804,221,1,0
BRDA:2808,222,0,0
BRDA:2808,222,1,0
BRDA:2817,223,0,0
BRDA:2817,223,1,0
BRDA:2824,224,0,0
BRDA:2824,224,1,0
BRDA:2831,225,0,0
BRDA:2831,225,1,0
BRDA:2838,226,0,0
BRDA:2838,226,1,0
BRDA:2845,227,0,0
BRDA:2845,227,1,0
BRDA:2847,228,0,0
BRDA:2847,228,1,0
BRDA:2847,228,2,0
BRDA:2855,229,0,0
BRDA:2855,229,1,0
BRDA:2859,230,0,0
BRDA:2859,230,1,0
BRDA:2861,231,0,0
BRDA:2861,231,1,0
BRDA:2867,232,0,0
BRDA:2917,233,0,0
BRDA:2917,233,1,0
BRDA:2933,234,0,0
BRDA:2933,234,1,0
BRDA:3031,235,0,0
BRDA:3031,235,1,0
BRDA:3034,236,0,0
BRDA:3034,236,1,0
BRDA:3039,237,0,0
BRDA:3039,237,1,0
BRDA:3049,238,0,0
BRDA:3049,238,1,0
BRDA:3055,239,0,0
BRDA:3055,239,1,0
BRDA:3062,240,0,0
BRDA:3062,240,1,0
BRDA:3127,241,0,0
BRDA:3127,241,1,0
BRDA:3127,242,0,0
BRDA:3127,242,1,0
BRDA:3142,243,0,0
BRDA:3152,244,0,0
BRDA:3152,244,1,0
BRDA:3159,245,0,0
BRDA:3159,245,1,0
BRDA:3159,246,0,0
BRDA:3159,246,1,0
BRDA:3161,247,0,0
BRDA:3161,247,1,0
BRDA:3162,248,0,0
BRDA:3162,248,1,0
BRDA:3176,249,0,0
BRDA:3176,249,1,0
BRDA:3186,250,0,0
BRDA:3186,250,1,0
BRDA:3189,251,0,0
BRDA:3189,251,1,0
BRDA:3192,252,0,0
BRDA:3192,252,1,0
BRDA:3196,253,0,0
BRDA:3196,253,1,0
BRDA:3203,254,0,0
BRDA:3203,254,1,0
BRDA:3207,255,0,0
BRDA:3207,255,1,0
BRDA:3216,256,0,0
BRDA:3216,256,1,0
BRDA:3223,257,0,0
BRDA:3223,257,1,0
BRDA:3224,258,0,0
BRDA:3224,258,1,0
BRDA:3294,259,0,0
BRDA:3297,260,0,0
BRDA:3297,260,1,0
BRDA:3337,261,0,0
BRDA:3338,262,0,0
BRDA:3338,262,1,0
BRDA:3338,263,0,0
BRDA:3338,263,1,0
BRDA:3344,264,0,0
BRDA:3345,265,0,0
BRDA:3345,265,1,0
BRDA:3345,266,0,0
BRDA:3345,266,1,0
BRDA:3356,267,0,0
BRDA:3356,267,1,0
BRDA:3359,268,0,0
BRDA:3359,268,1,0
BRDA:3360,269,0,0
BRDA:3360,269,1,0
BRDA:3375,270,0,0
BRDA:3375,270,1,0
BRDA:3387,271,0,0
BRDA:3387,271,1,0
BRDA:3389,272,0,0
BRDA:3389,272,1,0
BRDA:3390,273,0,0
BRDA:3390,273,1,0
BRDA:3415,274,0,0
BRDA:3415,274,1,0
BRDA:3417,275,0,0
BRDA:3417,275,1,0
BRDA:3417,276,0,0
BRDA:3417,276,1,0
BRDA:3417,276,2,0
BRDA:3422,277,0,0
BRDA:3422,277,1,0
BRDA:3423,278,0,0
BRDA:3423,278,1,0
BRDA:3426,279,0,0
BRDA:3426,279,1,0
BRDA:3426,280,0,0
BRDA:3426,280,1,0
BRDA:3429,281,0,0
BRDA:3429,281,1,0
BRDA:3443,282,0,0
BRDA:3443,282,1,0
BRDA:3451,283,0,0
BRDA:3451,283,1,0
BRDA:3454,284,0,0
BRDA:3454,284,1,0
BRDA:3454,284,2,0
BRDA:3454,284,3,0
BRDA:3462,285,0,0
BRDA:3462,285,1,0
BRDA:3467,286,0,0
BRDA:3467,286,1,0
BRDA:3468,287,0,0
BRDA:3468,287,1,0
BRDA:3470,288,0,0
BRDA:3470,288,1,0
BRDA:3480,289,0,0
BRDA:3480,289,1,0
BRDA:3481,290,0,0
BRDA:3481,290,1,0
BRDA:3483,291,0,0
BRDA:3483,291,1,0
BRDA:3491,292,0,0
BRDA:3491,292,1,0
BRDA:3491,293,0,0
BRDA:3491,293,1,0
BRDA:3492,294,0,0
BRDA:3492,294,1,0
BRDA:3493,295,0,0
BRDA:3493,295,1,0
BRDA:3502,296,0,0
BRDA:3502,296,1,0
BRDA:3503,297,0,0
BRDA:3503,297,1,0
BRDA:3511,298,0,0
BRDA:3511,298,1,0
BRDA:3517,299,0,0
BRDA:3517,299,1,0
BRDA:3520,300,0,0
BRDA:3520,300,1,0
BRDA:3537,301,0,0
BRDA:3537,301,1,0
BRDA:3537,302,0,0
BRDA:3537,302,1,0
BRDA:3538,303,0,0
BRDA:3538,303,1,0
BRDA:3539,304,0,0
BRDA:3539,304,1,0
BRDA:3541,305,0,0
BRDA:3541,305,1,0
BRDA:3542,306,0,0
BRDA:3542,306,1,0
BRDA:3553,307,0,0
BRDA:3553,307,1,0
BRDA:3553,308,0,0
BRDA:3553,308,1,0
BRDA:3557,309,0,0
BRDA:3557,309,1,0
BRDA:3561,310,0,0
BRDA:3561,310,1,0
BRDA:3564,311,0,0
BRDA:3564,311,1,0
BRDA:3570,312,0,0
BRDA:3570,312,1,0
BRDA:3573,313,0,0
BRDA:3573,313,1,0
BRDA:3582,314,0,0
BRDA:3582,314,1,0
BRDA:3584,315,0,0
BRDA:3584,315,1,0
BRDA:3598,316,0,0
BRDA:3598,316,1,0
BRDA:3607,317,0,0
BRDA:3607,317,1,0
BRDA:3613,318,0,0
BRDA:3613,318,1,0
BRDA:3619,319,0,0
BRDA:3619,319,1,0
BRDA:3620,320,0,0
BRDA:3620,320,1,0
BRDA:3623,321,0,0
BRDA:3623,321,1,0
BRDA:3624,322,0,0
BRDA:3624,322,1,0
BRDA:3642,323,0,0
BRDA:3642,323,1,0
BRDA:3645,324,0,0
BRDA:3645,324,1,0
BRDA:3652,325,0,0
BRDA:3652,325,1,0
BRDA:3659,326,0,0
BRDA:3659,326,1,0
BRDA:3669,327,0,0
BRDA:3669,327,1,0
BRDA:3674,328,0,0
BRDA:3674,328,1,0
BRDA:3692,329,0,0
BRDA:3692,329,1,0
BRDA:3707,330,0,0
BRDA:3707,330,1,0
BRDA:3712,331,0,0
BRDA:3712,331,1,0
BRDA:3712,332,0,0
BRDA:3712,332,1,0
BRDA:3716,333,0,0
BRDA:3716,333,1,0
BRDA:3720,334,0,0
BRDA:3720,334,1,0
BRDA:3732,335,0,0
BRDA:3732,335,1,0
BRDA:3733,336,0,0
BRDA:3733,336,1,0
BRDA:3741,337,0,0
BRDA:3741,337,1,0
BRDA:3746,338,0,0
BRDA:3746,338,1,0
BRDA:3753,339,0,0
BRDA:3753,339,1,0
BRDA:3754,340,0,0
BRDA:3754,340,1,0
BRDA:3765,341,0,0
BRDA:3765,341,1,0
BRDA:3768,342,0,0
BRDA:3768,342,1,0
BRDA:3774,343,0,0
BRDA:3774,343,1,0
BRDA:3780,344,0,0
BRDA:3780,344,1,0
BRDA:3780,345,0,0
BRDA:3780,345,1,0
BRDA:3783,346,0,0
BRDA:3783,346,1,0
BRDA:3788,347,0,0
BRDA:3788,347,1,0
BRDA:3801,348,0,0
BRDA:3801,348,1,0
BRDA:3820,349,0,0
BRDA:3820,349,1,0
BRDA:3820,349,2,0
BRDA:3820,349,3,0
BRDA:3820,349,4,0
BRDA:3829,350,0,0
BRDA:3829,350,1,0
BRDA:3842,351,0,0
BRDA:3842,351,1,0
BRDA:3845,352,0,0
BRDA:3845,352,1,0
BRDA:3847,353,0,0
BRDA:3847,353,1,0
BRDA:3852,354,0,0
BRDA:3852,354,1,0
BRDA:3855,355,0,0
BRDA:3855,355,1,0
BRDA:3862,356,0,0
BRDA:3862,356,1,0
BRDA:3868,357,0,0
BRDA:3868,357,1,0
BRDA:3875,358,0,0
BRDA:3875,358,1,0
BRDA:3883,359,0,0
BRDA:3883,359,1,0
BRDA:3926,360,0,0
BRDA:3926,360,1,0
BRDA:3948,361,0,0
BRDA:3948,361,1,0
BRDA:3972,362,0,0
BRDA:3972,362,1,0
BRDA:3977,363,0,0
BRDA:3977,363,1,0
BRDA:3981,364,0,0
BRDA:3981,364,1,0
BRDA:3992,365,0,0
BRDA:4000,366,0,0
BRDA:4018,367,0,0
BRDA:4036,368,0,0
BRDA:4036,368,1,0
BRDA:4038,369,0,0
BRDA:4038,369,1,0
BRDA:4040,370,0,0
BRDA:4040,370,1,0
BRDA:4042,371,0,0
BRDA:4042,371,1,0
BRDA:4044,372,0,0
BRDA:4044,372,1,0
BRDA:4052,373,0,0
BRDA:4052,373,1,0
BRDA:4064,374,0,0
BRDA:4064,375,0,0
BRDA:4066,376,0,0
BRDA:4066,376,1,0
BRDA:4083,377,0,0
BRDA:4083,377,1,0
BRDA:4086,378,0,0
BRDA:4086,378,1,0
BRDA:4107,379,0,0
BRDA:4107,379,1,0
BRDA:4107,380,0,0
BRDA:4107,380,1,0
BRDA:4113,381,0,0
BRDA:4113,381,1,0
BRDA:4135,382,0,0
BRDA:4135,382,1,0
BRDA:4136,383,0,0
BRDA:4136,383,1,0
BRDA:4138,384,0,0
BRDA:4138,384,1,0
BRDA:4156,385,0,0
BRDA:4156,385,1,0
BRDA:4189,386,0,0
BRDA:4189,386,1,0
BRDA:4198,387,0,0
BRDA:4198,387,1,0
BRDA:4219,388,0,0
BRDA:4219,388,1,0
BRDA:4219,389,0,0
BRDA:4219,389,1,0
BRDA:4233,390,0,0
BRDA:4233,390,1,0
BRDA:4233,390,2,0
BRDA:4238,391,0,0
BRDA:4238,391,1,0
BRDA:4238,391,2,0
BRDA:4277,392,0,0
BRDA:4277,392,1,0
BRDA:4287,393,0,0
BRDA:4287,393,1,0
BRDA:4292,394,0,0
BRDA:4292,394,1,0
BRDA:4311,395,0,0
BRDA:4311,395,1,0
BRDA:4315,396,0,0
BRDA:4315,396,1,0
BRDA:4319,397,0,0
BRDA:4319,397,1,0
BRDA:4328,398,0,0
BRDA:4328,398,1,0
BRDA:4328,399,0,0
BRDA:4328,399,1,0
BRDA:4338,400,0,0
BRDA:4338,400,1,0
BRDA:4346,401,0,0
BRDA:4346,401,1,0
BRDA:4356,402,0,0
BRDA:4356,402,1,0
BRDA:4363,403,0,0
BRDA:4363,403,1,0
BRDA:4364,404,0,0
BRDA:4364,404,1,0
BRDA:4375,405,0,0
BRDA:4375,405,1,0
BRDA:4386,406,0,0
BRDA:4386,406,1,0
BRDA:4400,407,0,0
BRDA:4400,407,1,0
BRDA:4490,408,0,0
BRDA:4490,408,1,0
BRDA:4604,409,0,0
BRDA:4604,409,1,0
BRDA:4738,410,0,0
BRDA:4738,410,1,0
BRDA:4743,411,0,0
BRDA:4743,411,1,0
BRDA:4753,412,0,0
BRDA:4753,412,1,0
BRDA:4757,413,0,0
BRDA:4757,413,1,0
BRDA:4772,414,0,0
BRDA:4772,414,1,0
BRDA:4775,415,0,0
BRDA:4775,415,1,0
BRDA:4785,416,0,0
BRDA:4785,416,1,0
BRDA:4792,417,0,0
BRDA:4792,417,1,0
BRDA:4805,418,0,0
BRDA:4805,418,1,0
BRDA:4818,419,0,0
BRDA:4818,419,1,0
BRDA:4822,420,0,0
BRDA:4822,420,1,0
BRDA:4829,421,0,0
BRDA:4829,421,1,0
BRDA:4839,422,0,0
BRDA:4839,422,1,0
BRDA:4846,423,0,0
BRDA:4846,423,1,0
BRDA:4868,424,0,0
BRDA:4868,424,1,0
BRDA:4868,424,2,0
BRDA:4868,424,3,0
BRDA:4868,424,4,0
BRDA:4899,425,0,0
BRDA:4899,425,1,0
BRDA:4908,426,0,0
BRDA:4908,426,1,0
BRDA:4909,427,0,0
BRDA:4909,427,1,0
BRDA:4910,428,0,0
BRDA:4910,428,1,0
BRDA:4916,429,0,0
BRDA:4916,429,1,0
BRDA:4918,430,0,0
BRDA:4918,430,1,0
BRDA:4924,431,0,0
BRDA:4924,431,1,0
BRDA:4939,432,0,0
BRDA:4947,433,0,0
BRDA:4947,433,1,0
BRDA:4947,434,0,0
BRDA:4947,434,1,0
BRDA:4950,435,0,0
BRDA:4950,435,1,0
BRDA:4950,436,0,0
BRDA:4950,436,1,0
BRDA:4954,437,0,0
BRDA:4954,437,1,0
BRDA:4954,438,0,0
BRDA:4954,438,1,0
BRDA:4971,439,0,0
BRDA:4971,439,1,0
BRDA:4972,440,0,0
BRDA:4972,440,1,0
BRDA:4973,441,0,0
BRDA:4973,441,1,0
BRDA:4980,442,0,0
BRDA:4980,442,1,0
BRDA:4982,443,0,0
BRDA:4982,443,1,0
BRDA:4984,444,0,0
BRDA:4984,444,1,0
BRDA:5036,445,0,0
BRDA:5036,445,1,0
BRDA:5037,446,0,0
BRDA:5037,446,1,0
BRDA:5040,447,0,0
BRDA:5040,447,1,0
BRDA:5050,448,0,0
BRDA:5050,448,1,0
BRDA:5052,449,0,0
BRDA:5052,449,1,0
BRDA:5059,450,0,0
BRDA:5059,450,1,0
BRDA:5076,451,0,0
BRDA:5076,451,1,0
BRDA:5085,452,0,0
BRDA:5085,452,1,0
BRDA:5087,453,0,0
BRDA:5087,453,1,0
BRDA:5087,454,0,0
BRDA:5087,454,1,0
BRDA:5087,454,2,0
BRDA:5096,455,0,0
BRDA:5096,455,1,0
BRDA:5101,456,0,0
BRDA:5101,456,1,0
BRDA:5104,457,0,0
BRDA:5104,457,1,0
BRDA:5121,458,0,0
BRDA:5121,458,1,0
BRDA:5125,459,0,0
BRDA:5125,459,1,0
BRDA:5126,460,0,0
BRDA:5126,460,1,0
BRDA:5200,461,0,0
BRDA:5200,461,1,0
BRDA:5211,462,0,0
BRDA:5211,462,1,0
BRDA:5220,463,0,0
BRDA:5220,463,1,0
BRDA:5228,464,0,0
BRDA:5228,464,1,0
BRDA:5235,465,0,0
BRDA:5235,465,1,0
BRDA:5242,466,0,0
BRDA:5242,466,1,0
BRDA:5249,467,0,0
BRDA:5249,467,1,0
BRDA:5256,468,0,0
BRDA:5256,468,1,0
BRF:942
BRH:0
end_of_record
TN:
SF:Universal_Job_Helper.js
FN:22,(anonymous_0)
FN:119,(anonymous_1)
FN:120,(anonymous_2)
FN:145,(anonymous_3)
FN:146,(anonymous_4)
FN:147,(anonymous_5)
FN:148,(anonymous_6)
FN:149,(anonymous_7)
FN:150,(anonymous_8)
FN:151,(anonymous_9)
FN:153,(anonymous_10)
FN:191,(anonymous_11)
FN:202,(anonymous_12)
FN:216,(anonymous_13)
FN:225,(anonymous_14)
FN:246,(anonymous_15)
FN:280,(anonymous_16)
FN:301,(anonymous_17)
FN:314,(anonymous_18)
FN:323,(anonymous_19)
FN:326,(anonymous_20)
FN:338,(anonymous_21)
FN:339,(anonymous_22)
FN:341,(anonymous_23)
FN:354,(anonymous_24)
FN:363,(anonymous_25)
FN:378,(anonymous_26)
FN:409,(anonymous_27)
FN:427,(anonymous_28)
FN:435,(anonymous_29)
FN:436,(anonymous_30)
FN:452,(anonymous_31)
FN:463,(anonymous_32)
FN:491,(anonymous_33)
FN:526,(anonymous_34)
FN:557,(anonymous_35)
FN:589,(anonymous_36)
FN:613,(anonymous_37)
FN:629,(anonymous_38)
FN:654,(anonymous_39)
FN:665,(anonymous_40)
FN:705,(anonymous_41)
FN:719,(anonymous_42)
FN:724,(anonymous_43)
FN:756,(anonymous_44)
FN:758,(anonymous_45)
FN:773,(anonymous_46)
FN:785,(anonymous_47)
FN:787,(anonymous_48)
FN:800,(anonymous_49)
FN:861,(anonymous_50)
FN:889,(anonymous_51)
FN:904,(anonymous_52)
FN:911,(anonymous_53)
FN:925,(anonymous_54)
FN:938,(anonymous_55)
FN:980,(anonymous_56)
FN:993,(anonymous_57)
FN:997,(anonymous_58)
FN:1008,(anonymous_59)
FN:1017,(anonymous_60)
FN:1030,(anonymous_61)
FN:1043,(anonymous_62)
FN:1055,(anonymous_63)
FN:1071,(anonymous_64)
FN:1098,(anonymous_65)
FN:1115,(anonymous_66)
FN:1130,(anonymous_67)
FN:1135,(anonymous_68)
FN:1157,(anonymous_69)
FN:1165,(anonymous_70)
FN:1171,(anonymous_71)
FN:1178,(anonymous_72)
FN:1185,(anonymous_73)
FN:1190,(anonymous_74)
FN:1213,(anonymous_75)
FN:1231,(anonymous_76)
FN:1246,(anonymous_77)
FN:1266,(anonymous_78)
FN:1286,(anonymous_79)
FN:1293,(anonymous_80)
FN:1300,(anonymous_81)
FN:1305,(anonymous_82)
FN:1318,(anonymous_83)
FN:1337,(anonymous_84)
FN:1363,(anonymous_85)
FN:1372,(anonymous_86)
FN:1378,(anonymous_87)
FN:1387,(anonymous_88)
FN:1402,(anonymous_89)
FN:1411,(anonymous_90)
FN:1426,(anonymous_91)
FN:1439,(anonymous_92)
FN:1444,(anonymous_93)
FN:1446,(anonymous_94)
FN:1447,(anonymous_95)
FN:1448,(anonymous_96)
FN:1449,(anonymous_97)
FN:1465,(anonymous_98)
FN:1486,(anonymous_99)
FN:1491,(anonymous_100)
FN:1497,(anonymous_101)
FN:1502,(anonymous_102)
FN:1514,(anonymous_103)
FN:1518,(anonymous_104)
FN:1605,(anonymous_105)
FN:1646,(anonymous_106)
FN:1691,(anonymous_107)
FN:1748,(anonymous_108)
FN:1776,(anonymous_109)
FN:1858,(anonymous_110)
FN:1892,(anonymous_111)
FN:1927,(anonymous_112)
FN:1990,(anonymous_113)
FN:2008,(anonymous_114)
FN:2032,(anonymous_115)
FN:2053,(anonymous_116)
FN:2055,(anonymous_117)
FN:2062,(anonymous_118)
FN:2074,(anonymous_119)
FN:2114,(anonymous_120)
FN:2137,(anonymous_121)
FN:2148,(anonymous_122)
FN:2149,(anonymous_123)
FN:2168,(anonymous_124)
FN:2205,(anonymous_125)
FN:2281,(anonymous_126)
FN:2283,(anonymous_127)
FN:2301,(anonymous_128)
FN:2335,(anonymous_129)
FN:2389,(anonymous_130)
FN:2396,(anonymous_131)
FN:2403,(anonymous_132)
FN:2410,(anonymous_133)
FN:2417,(anonymous_134)
FN:2423,(anonymous_135)
FN:2428,(anonymous_136)
FN:2446,(anonymous_137)
FN:2460,(anonymous_138)
FN:2469,(anonymous_139)
FN:2481,(anonymous_140)
FN:2505,(anonymous_141)
FN:2513,(anonymous_142)
FN:2529,(anonymous_143)
FN:2546,(anonymous_144)
FN:2553,(anonymous_145)
FN:2573,(anonymous_146)
FN:2589,(anonymous_147)
FN:2599,(anonymous_148)
FN:2622,(anonymous_149)
FN:2644,(anonymous_150)
FN:2659,(anonymous_151)
FN:2684,(anonymous_152)
FN:2712,(anonymous_153)
FN:2742,(anonymous_154)
FN:2747,(anonymous_155)
FN:2784,(anonymous_156)
FN:2833,(anonymous_157)
FN:2837,(anonymous_158)
FN:2839,(anonymous_159)
FN:2840,(anonymous_160)
FN:2843,(anonymous_161)
FN:2848,(anonymous_162)
FN:2852,(anonymous_163)
FN:2859,(anonymous_164)
FN:2866,(anonymous_165)
FN:2873,(anonymous_166)
FN:2879,(anonymous_167)
FN:2885,(anonymous_168)
FN:2890,(anonymous_169)
FN:2896,(anonymous_170)
FN:2925,(anonymous_171)
FN:2956,(anonymous_172)
FN:2957,(anonymous_173)
FN:2971,(anonymous_174)
FN:2982,(anonymous_175)
FN:2993,(anonymous_176)
FN:3004,(anonymous_177)
FN:3014,(anonymous_178)
FN:3023,(anonymous_179)
FN:3034,(anonymous_180)
FN:3082,(anonymous_181)
FN:3147,(anonymous_182)
FN:3150,(anonymous_183)
FN:3152,(anonymous_184)
FN:3162,(anonymous_185)
FN:3164,(anonymous_186)
FN:3180,(anonymous_187)
FN:3249,(anonymous_188)
FN:3250,(anonymous_189)
FN:3253,(anonymous_190)
FN:3277,(anonymous_191)
FN:3291,(anonymous_192)
FN:3330,(anonymous_193)
FN:3346,(anonymous_194)
FN:3353,(anonymous_195)
FN:3360,(anonymous_196)
FN:3389,(anonymous_197)
FN:3404,(anonymous_198)
FN:3405,(anonymous_199)
FN:3422,(anonymous_200)
FN:3427,(anonymous_201)
FN:3467,(anonymous_202)
FN:3503,(anonymous_203)
FN:3511,main
FN:3524,(anonymous_205)
FN:3549,(anonymous_206)
FN:3560,(anonymous_207)
FN:3566,(anonymous_208)
FN:3575,(anonymous_209)
FN:3576,(anonymous_210)
FN:3591,(anonymous_211)
FN:3604,(anonymous_212)
FN:3619,(anonymous_213)
FN:3641,(anonymous_214)
FN:3642,(anonymous_215)
FN:3643,(anonymous_216)
FN:3644,(anonymous_217)
FNF:218
FNH:0
FNDA:0,(anonymous_0)
FNDA:0,(anonymous_1)
FNDA:0,(anonymous_2)
FNDA:0,(anonymous_3)
FNDA:0,(anonymous_4)
FNDA:0,(anonymous_5)
FNDA:0,(anonymous_6)
FNDA:0,(anonymous_7)
FNDA:0,(anonymous_8)
FNDA:0,(anonymous_9)
FNDA:0,(anonymous_10)
FNDA:0,(anonymous_11)
FNDA:0,(anonymous_12)
FNDA:0,(anonymous_13)
FNDA:0,(anonymous_14)
FNDA:0,(anonymous_15)
FNDA:0,(anonymous_16)
FNDA:0,(anonymous_17)
FNDA:0,(anonymous_18)
FNDA:0,(anonymous_19)
FNDA:0,(anonymous_20)
FNDA:0,(anonymous_21)
FNDA:0,(anonymous_22)
FNDA:0,(anonymous_23)
FNDA:0,(anonymous_24)
FNDA:0,(anonymous_25)
FNDA:0,(anonymous_26)
FNDA:0,(anonymous_27)
FNDA:0,(anonymous_28)
FNDA:0,(anonymous_29)
FNDA:0,(anonymous_30)
FNDA:0,(anonymous_31)
FNDA:0,(anonymous_32)
FNDA:0,(anonymous_33)
FNDA:0,(anonymous_34)
FNDA:0,(anonymous_35)
FNDA:0,(anonymous_36)
FNDA:0,(anonymous_37)
FNDA:0,(anonymous_38)
FNDA:0,(anonymous_39)
FNDA:0,(anonymous_40)
FNDA:0,(anonymous_41)
FNDA:0,(anonymous_42)
FNDA:0,(anonymous_43)
FNDA:0,(anonymous_44)
FNDA:0,(anonymous_45)
FNDA:0,(anonymous_46)
FNDA:0,(anonymous_47)
FNDA:0,(anonymous_48)
FNDA:0,(anonymous_49)
FNDA:0,(anonymous_50)
FNDA:0,(anonymous_51)
FNDA:0,(anonymous_52)
FNDA:0,(anonymous_53)
FNDA:0,(anonymous_54)
FNDA:0,(anonymous_55)
FNDA:0,(anonymous_56)
FNDA:0,(anonymous_57)
FNDA:0,(anonymous_58)
FNDA:0,(anonymous_59)
FNDA:0,(anonymous_60)
FNDA:0,(anonymous_61)
FNDA:0,(anonymous_62)
FNDA:0,(anonymous_63)
FNDA:0,(anonymous_64)
FNDA:0,(anonymous_65)
FNDA:0,(anonymous_66)
FNDA:0,(anonymous_67)
FNDA:0,(anonymous_68)
FNDA:0,(anonymous_69)
FNDA:0,(anonymous_70)
FNDA:0,(anonymous_71)
FNDA:0,(anonymous_72)
FNDA:0,(anonymous_73)
FNDA:0,(anonymous_74)
FNDA:0,(anonymous_75)
FNDA:0,(anonymous_76)
FNDA:0,(anonymous_77)
FNDA:0,(anonymous_78)
FNDA:0,(anonymous_79)
FNDA:0,(anonymous_80)
FNDA:0,(anonymous_81)
FNDA:0,(anonymous_82)
FNDA:0,(anonymous_83)
FNDA:0,(anonymous_84)
FNDA:0,(anonymous_85)
FNDA:0,(anonymous_86)
FNDA:0,(anonymous_87)
FNDA:0,(anonymous_88)
FNDA:0,(anonymous_89)
FNDA:0,(anonymous_90)
FNDA:0,(anonymous_91)
FNDA:0,(anonymous_92)
FNDA:0,(anonymous_93)
FNDA:0,(anonymous_94)
FNDA:0,(anonymous_95)
FNDA:0,(anonymous_96)
FNDA:0,(anonymous_97)
FNDA:0,(anonymous_98)
FNDA:0,(anonymous_99)
FNDA:0,(anonymous_100)
FNDA:0,(anonymous_101)
FNDA:0,(anonymous_102)
FNDA:0,(anonymous_103)
FNDA:0,(anonymous_104)
FNDA:0,(anonymous_105)
FNDA:0,(anonymous_106)
FNDA:0,(anonymous_107)
FNDA:0,(anonymous_108)
FNDA:0,(anonymous_109)
FNDA:0,(anonymous_110)
FNDA:0,(anonymous_111)
FNDA:0,(anonymous_112)
FNDA:0,(anonymous_113)
FNDA:0,(anonymous_114)
FNDA:0,(anonymous_115)
FNDA:0,(anonymous_116)
FNDA:0,(anonymous_117)
FNDA:0,(anonymous_118)
FNDA:0,(anonymous_119)
FNDA:0,(anonymous_120)
FNDA:0,(anonymous_121)
FNDA:0,(anonymous_122)
FNDA:0,(anonymous_123)
FNDA:0,(anonymous_124)
FNDA:0,(anonymous_125)
FNDA:0,(anonymous_126)
FNDA:0,(anonymous_127)
FNDA:0,(anonymous_128)
FNDA:0,(anonymous_129)
FNDA:0,(anonymous_130)
FNDA:0,(anonymous_131)
FNDA:0,(anonymous_132)
FNDA:0,(anonymous_133)
FNDA:0,(anonymous_134)
FNDA:0,(anonymous_135)
FNDA:0,(anonymous_136)
FNDA:0,(anonymous_137)
FNDA:0,(anonymous_138)
FNDA:0,(anonymous_139)
FNDA:0,(anonymous_140)
FNDA:0,(anonymous_141)
FNDA:0,(anonymous_142)
FNDA:0,(anonymous_143)
FNDA:0,(anonymous_144)
FNDA:0,(anonymous_145)
FNDA:0,(anonymous_146)
FNDA:0,(anonymous_147)
FNDA:0,(anonymous_148)
FNDA:0,(anonymous_149)
FNDA:0,(anonymous_150)
FNDA:0,(anonymous_151)
FNDA:0,(anonymous_152)
FNDA:0,(anonymous_153)
FNDA:0,(anonymous_154)
FNDA:0,(anonymous_155)
FNDA:0,(anonymous_156)
FNDA:0,(anonymous_157)
FNDA:0,(anonymous_158)
FNDA:0,(anonymous_159)
FNDA:0,(anonymous_160)
FNDA:0,(anonymous_161)
FNDA:0,(anonymous_162)
FNDA:0,(anonymous_163)
FNDA:0,(anonymous_164)
FNDA:0,(anonymous_165)
FNDA:0,(anonymous_166)
FNDA:0,(anonymous_167)
FNDA:0,(anonymous_168)
FNDA:0,(anonymous_169)
FNDA:0,(anonymous_170)
FNDA:0,(anonymous_171)
FNDA:0,(anonymous_172)
FNDA:0,(anonymous_173)
FNDA:0,(anonymous_174)
FNDA:0,(anonymous_175)
FNDA:0,(anonymous_176)
FNDA:0,(anonymous_177)
FNDA:0,(anonymous_178)
FNDA:0,(anonymous_179)
FNDA:0,(anonymous_180)
FNDA:0,(anonymous_181)
FNDA:0,(anonymous_182)
FNDA:0,(anonymous_183)
FNDA:0,(anonymous_184)
FNDA:0,(anonymous_185)
FNDA:0,(anonymous_186)
FNDA:0,(anonymous_187)
FNDA:0,(anonymous_188)
FNDA:0,(anonymous_189)
FNDA:0,(anonymous_190)
FNDA:0,(anonymous_191)
FNDA:0,(anonymous_192)
FNDA:0,(anonymous_193)
FNDA:0,(anonymous_194)
FNDA:0,(anonymous_195)
FNDA:0,(anonymous_196)
FNDA:0,(anonymous_197)
FNDA:0,(anonymous_198)
FNDA:0,(anonymous_199)
FNDA:0,(anonymous_200)
FNDA:0,(anonymous_201)
FNDA:0,(anonymous_202)
FNDA:0,(anonymous_203)
FNDA:0,main
FNDA:0,(anonymous_205)
FNDA:0,(anonymous_206)
FNDA:0,(anonymous_207)
FNDA:0,(anonymous_208)
FNDA:0,(anonymous_209)
FNDA:0,(anonymous_210)
FNDA:0,(anonymous_211)
FNDA:0,(anonymous_212)
FNDA:0,(anonymous_213)
FNDA:0,(anonymous_214)
FNDA:0,(anonymous_215)
FNDA:0,(anonymous_216)
FNDA:0,(anonymous_217)
DA:22,0
DA:30,0
DA:84,0
DA:119,0
DA:120,0
DA:133,0
DA:143,0
DA:145,0
DA:146,0
DA:147,0
DA:148,0
DA:149,0
DA:150,0
DA:151,0
DA:153,0
DA:159,0
DA:176,0
DA:192,0
DA:193,0
DA:194,0
DA:196,0
DA:203,0
DA:204,0
DA:205,0
DA:217,0
DA:226,0
DA:227,0
DA:228,0
DA:229,0
DA:231,0
DA:232,0
DA:235,0
DA:237,0
DA:247,0
DA:248,0
DA:249,0
DA:250,0
DA:253,0
DA:256,0
DA:257,0
DA:261,0
DA:262,0
DA:266,0
DA:270,0
DA:281,0
DA:282,0
DA:284,0
DA:290,0
DA:291,0
DA:302,0
DA:303,0
DA:304,0
DA:305,0
DA:306,0
DA:308,0
DA:309,0
DA:310,0
DA:315,0
DA:316,0
DA:317,0
DA:320,0
DA:321,0
DA:323,0
DA:328,0
DA:330,0
DA:331,0
DA:332,0
DA:334,0
DA:335,0
DA:339,0
DA:341,0
DA:342,0
DA:343,0
DA:344,0
DA:346,0
DA:347,0
DA:351,0
DA:352,0
DA:354,0
DA:355,0
DA:356,0
DA:357,0
DA:358,0
DA:359,0
DA:363,0
DA:364,0
DA:365,0
DA:368,0
DA:369,0
DA:371,0
DA:372,0
DA:373,0
DA:379,0
DA:380,0
DA:381,0
DA:384,0
DA:385,0
DA:386,0
DA:394,0
DA:395,0
DA:396,0
DA:397,0
DA:398,0
DA:399,0
DA:400,0
DA:402,0
DA:404,0
DA:405,0
DA:410,0
DA:411,0
DA:414,0
DA:415,0
DA:417,0
DA:418,0
DA:419,0
DA:420,0
DA:424,0
DA:428,0
DA:429,0
DA:430,0
DA:431,0
DA:434,0
DA:435,0
DA:436,0
DA:439,0
DA:440,0
DA:441,0
DA:444,0
DA:445,0
DA:446,0
DA:447,0
DA:448,0
DA:449,0
DA:452,0
DA:454,0
DA:456,0
DA:464,0
DA:465,0
DA:467,0
DA:492,0
DA:493,0
DA:494,0
DA:497,0
DA:499,0
DA:500,0
DA:501,0
DA:504,0
DA:508,0
DA:509,0
DA:510,0
DA:511,0
DA:514,0
DA:517,0
DA:527,0
DA:528,0
DA:529,0
DA:532,0
DA:533,0
DA:534,0
DA:535,0
DA:537,0
DA:539,0
DA:540,0
DA:541,0
DA:542,0
DA:544,0
DA:545,0
DA:558,0
DA:559,0
DA:560,0
DA:561,0
DA:565,0
DA:566,0
DA:570,0
DA:573,0
DA:574,0
DA:577,0
DA:579,0
DA:580,0
DA:590,0
DA:591,0
DA:592,0
DA:595,0
DA:596,0
DA:597,0
DA:599,0
DA:600,0
DA:601,0
DA:603,0
DA:604,0
DA:614,0
DA:616,0
DA:617,0
DA:618,0
DA:620,0
DA:621,0
DA:630,0
DA:636,0
DA:638,0
DA:639,0
DA:640,0
DA:644,0
DA:647,0
DA:655,0
DA:656,0
DA:658,0
DA:666,0
DA:667,0
DA:668,0
DA:671,0
DA:674,0
DA:681,0
DA:696,0
DA:706,0
DA:707,0
DA:708,0
DA:709,0
DA:710,0
DA:711,0
DA:712,0
DA:713,0
DA:715,0
DA:720,0
DA:721,0
DA:724,0
DA:725,0
DA:729,0
DA:730,0
DA:746,0
DA:749,0
DA:758,0
DA:760,0
DA:761,0
DA:762,0
DA:765,0
DA:766,0
DA:767,0
DA:768,0
DA:773,0
DA:774,0
DA:775,0
DA:777,0
DA:786,0
DA:787,0
DA:788,0
DA:789,0
DA:791,0
DA:792,0
DA:796,0
DA:801,0
DA:802,0
DA:803,0
DA:806,0
DA:807,0
DA:808,0
DA:809,0
DA:810,0
DA:830,0
DA:833,0
DA:834,0
DA:835,0
DA:844,0
DA:847,0
DA:849,0
DA:850,0
DA:851,0
DA:853,0
DA:854,0
DA:857,0
DA:862,0
DA:863,0
DA:874,0
DA:875,0
DA:877,0
DA:880,0
DA:881,0
DA:882,0
DA:886,0
DA:888,0
DA:889,0
DA:890,0
DA:891,0
DA:892,0
DA:893,0
DA:894,0
DA:898,0
DA:899,0
DA:900,0
DA:904,0
DA:906,0
DA:907,0
DA:908,0
DA:912,0
DA:913,0
DA:914,0
DA:922,0
DA:926,0
DA:927,0
DA:934,0
DA:935,0
DA:939,0
DA:940,0
DA:941,0
DA:944,0
DA:946,0
DA:947,0
DA:948,0
DA:951,0
DA:952,0
DA:953,0
DA:954,0
DA:965,0
DA:966,0
DA:967,0
DA:970,0
DA:976,0
DA:981,0
DA:982,0
DA:983,0
DA:985,0
DA:986,0
DA:988,0
DA:989,0
DA:990,0
DA:994,0
DA:997,0
DA:998,0
DA:999,0
DA:1000,0
DA:1001,0
DA:1002,0
DA:1003,0
DA:1004,0
DA:1005,0
DA:1008,0
DA:1009,0
DA:1010,0
DA:1011,0
DA:1012,0
DA:1013,0
DA:1014,0
DA:1017,0
DA:1018,0
DA:1019,0
DA:1031,0
DA:1032,0
DA:1033,0
DA:1036,0
DA:1037,0
DA:1038,0
DA:1040,0
DA:1043,0
DA:1044,0
DA:1047,0
DA:1056,0
DA:1057,0
DA:1058,0
DA:1059,0
DA:1060,0
DA:1061,0
DA:1063,0
DA:1072,0
DA:1074,0
DA:1075,0
DA:1079,0
DA:1080,0
DA:1081,0
DA:1085,0
DA:1086,0
DA:1089,0
DA:1091,0
DA:1099,0
DA:1116,0
DA:1117,0
DA:1119,0
DA:1120,0
DA:1121,0
DA:1124,0
DA:1125,0
DA:1126,0
DA:1127,0
DA:1128,0
DA:1129,0
DA:1130,0
DA:1131,0
DA:1132,0
DA:1133,0
DA:1134,0
DA:1135,0
DA:1136,0
DA:1137,0
DA:1138,0
DA:1139,0
DA:1140,0
DA:1141,0
DA:1142,0
DA:1143,0
DA:1144,0
DA:1148,0
DA:1149,0
DA:1152,0
DA:1153,0
DA:1158,0
DA:1159,0
DA:1161,0
DA:1162,0
DA:1163,0
DA:1164,0
DA:1165,0
DA:1167,0
DA:1168,0
DA:1169,0
DA:1170,0
DA:1171,0
DA:1173,0
DA:1174,0
DA:1179,0
DA:1180,0
DA:1182,0
DA:1183,0
DA:1184,0
DA:1185,0
DA:1187,0
DA:1188,0
DA:1189,0
DA:1190,0
DA:1191,0
DA:1194,0
DA:1195,0
DA:1214,0
DA:1215,0
DA:1216,0
DA:1217,0
DA:1218,0
DA:1232,0
DA:1233,0
DA:1234,0
DA:1235,0
DA:1236,0
DA:1237,0
DA:1239,0
DA:1247,0
DA:1248,0
DA:1249,0
DA:1252,0
DA:1253,0
DA:1254,0
DA:1255,0
DA:1256,0
DA:1258,0
DA:1259,0
DA:1267,0
DA:1268,0
DA:1269,0
DA:1272,0
DA:1273,0
DA:1274,0
DA:1275,0
DA:1276,0
DA:1278,0
DA:1287,0
DA:1301,0
DA:1306,0
DA:1307,0
DA:1310,0
DA:1311,0
DA:1312,0
DA:1314,0
DA:1319,0
DA:1320,0
DA:1323,0
DA:1324,0
DA:1325,0
DA:1327,0
DA:1329,0
DA:1331,0
DA:1332,0
DA:1338,0
DA:1339,0
DA:1340,0
DA:1342,0
DA:1343,0
DA:1344,0
DA:1345,0
DA:1346,0
DA:1347,0
DA:1348,0
DA:1350,0
DA:1351,0
DA:1352,0
DA:1353,0
DA:1354,0
DA:1358,0
DA:1364,0
DA:1365,0
DA:1368,0
DA:1369,0
DA:1372,0
DA:1373,0
DA:1374,0
DA:1377,0
DA:1378,0
DA:1379,0
DA:1380,0
DA:1388,0
DA:1403,0
DA:1404,0
DA:1412,0
DA:1415,0
DA:1427,0
DA:1428,0
DA:1429,0
DA:1430,0
DA:1440,0
DA:1444,0
DA:1446,0
DA:1447,0
DA:1448,0
DA:1449,0
DA:1466,0
DA:1467,0
DA:1468,0
DA:1469,0
DA:1481,0
DA:1482,0
DA:1483,0
DA:1487,0
DA:1488,0
DA:1492,0
DA:1493,0
DA:1494,0
DA:1498,0
DA:1499,0
DA:1503,0
DA:1505,0
DA:1507,0
DA:1508,0
DA:1510,0
DA:1513,0
DA:1514,0
DA:1519,0
DA:1522,0
DA:1523,0
DA:1524,0
DA:1525,0
DA:1530,0
DA:1531,0
DA:1532,0
DA:1534,0
DA:1535,0
DA:1536,0
DA:1537,0
DA:1542,0
DA:1545,0
DA:1546,0
DA:1547,0
DA:1548,0
DA:1549,0
DA:1550,0
DA:1552,0
DA:1555,0
DA:1556,0
DA:1557,0
DA:1558,0
DA:1559,0
DA:1561,0
DA:1562,0
DA:1563,0
DA:1566,0
DA:1567,0
DA:1570,0
DA:1571,0
DA:1573,0
DA:1574,0
DA:1575,0
DA:1576,0
DA:1577,0
DA:1578,0
DA:1579,0
DA:1583,0
DA:1584,0
DA:1585,0
DA:1586,0
DA:1587,0
DA:1591,0
DA:1592,0
DA:1595,0
DA:1596,0
DA:1597,0
DA:1606,0
DA:1607,0
DA:1611,0
DA:1612,0
DA:1615,0
DA:1616,0
DA:1617,0
DA:1621,0
DA:1622,0
DA:1623,0
DA:1627,0
DA:1628,0
DA:1629,0
DA:1633,0
DA:1634,0
DA:1635,0
DA:1638,0
DA:1648,0
DA:1649,0
DA:1653,0
DA:1654,0
DA:1657,0
DA:1658,0
DA:1659,0
DA:1662,0
DA:1663,0
DA:1664,0
DA:1666,0
DA:1670,0
DA:1671,0
DA:1672,0
DA:1673,0
DA:1676,0
DA:1677,0
DA:1680,0
DA:1682,0
DA:1692,0
DA:1694,0
DA:1695,0
DA:1696,0
DA:1700,0
DA:1701,0
DA:1702,0
DA:1703,0
DA:1705,0
DA:1706,0
DA:1707,0
DA:1713,0
DA:1714,0
DA:1715,0
DA:1718,0
DA:1721,0
DA:1722,0
DA:1725,0
DA:1728,0
DA:1729,0
DA:1730,0
DA:1733,0
DA:1736,0
DA:1739,0
DA:1740,0
DA:1749,0
DA:1751,0
DA:1759,0
DA:1760,0
DA:1761,0
DA:1762,0
DA:1763,0
DA:1764,0
DA:1769,0
DA:1771,0
DA:1772,0
DA:1777,0
DA:1780,0
DA:1781,0
DA:1782,0
DA:1783,0
DA:1788,0
DA:1789,0
DA:1790,0
DA:1792,0
DA:1793,0
DA:1794,0
DA:1795,0
DA:1800,0
DA:1803,0
DA:1804,0
DA:1805,0
DA:1806,0
DA:1807,0
DA:1808,0
DA:1810,0
DA:1813,0
DA:1814,0
DA:1815,0
DA:1816,0
DA:1817,0
DA:1819,0
DA:1820,0
DA:1821,0
DA:1824,0
DA:1825,0
DA:1831,0
DA:1832,0
DA:1834,0
DA:1835,0
DA:1836,0
DA:1837,0
DA:1838,0
DA:1847,0
DA:1850,0
DA:1851,0
DA:1854,0
DA:1855,0
DA:1859,0
DA:1860,0
DA:1866,0
DA:1867,0
DA:1870,0
DA:1871,0
DA:1875,0
DA:1876,0
DA:1880,0
DA:1881,0
DA:1885,0
DA:1886,0
DA:1889,0
DA:1893,0
DA:1894,0
DA:1897,0
DA:1898,0
DA:1899,0
DA:1903,0
DA:1904,0
DA:1905,0
DA:1906,0
DA:1907,0
DA:1908,0
DA:1909,0
DA:1910,0
DA:1914,0
DA:1915,0
DA:1918,0
DA:1919,0
DA:1928,0
DA:1929,0
DA:1930,0
DA:1932,0
DA:1935,0
DA:1941,0
DA:1944,0
DA:1945,0
DA:1947,0
DA:1948,0
DA:1950,0
DA:1951,0
DA:1952,0
DA:1953,0
DA:1957,0
DA:1958,0
DA:1960,0
DA:1965,0
DA:1967,0
DA:1968,0
DA:1970,0
DA:1971,0
DA:1972,0
DA:1973,0
DA:1977,0
DA:1978,0
DA:1981,0
DA:1982,0
DA:1992,0
DA:2000,0
DA:2001,0
DA:2005,0
DA:2006,0
DA:2007,0
DA:2008,0
DA:2009,0
DA:2012,0
DA:2015,0
DA:2016,0
DA:2020,0
DA:2024,0
DA:2033,0
DA:2036,0
DA:2037,0
DA:2040,0
DA:2043,0
DA:2046,0
DA:2050,0
DA:2054,0
DA:2055,0
DA:2056,0
DA:2057,0
DA:2058,0
DA:2063,0
DA:2065,0
DA:2068,0
DA:2075,0
DA:2076,0
DA:2077,0
DA:2078,0
DA:2079,0
DA:2082,0
DA:2083,0
DA:2084,0
DA:2087,0
DA:2088,0
DA:2089,0
DA:2091,0
DA:2092,0
DA:2093,0
DA:2096,0
DA:2097,0
DA:2101,0
DA:2102,0
DA:2106,0
DA:2115,0
DA:2116,0
DA:2120,0
DA:2122,0
DA:2123,0
DA:2124,0
DA:2126,0
DA:2129,0
DA:2138,0
DA:2139,0
DA:2140,0
DA:2143,0
DA:2145,0
DA:2146,0
DA:2148,0
DA:2149,0
DA:2151,0
DA:2152,0
DA:2153,0
DA:2154,0
DA:2155,0
DA:2159,0
DA:2169,0
DA:2173,0
DA:2176,0
DA:2177,0
DA:2180,0
DA:2181,0
DA:2184,0
DA:2185,0
DA:2188,0
DA:2189,0
DA:2193,0
DA:2196,0
DA:2197,0
DA:2206,0
DA:2208,0
DA:2216,0
DA:2217,0
DA:2218,0
DA:2219,0
DA:2222,0
DA:2223,0
DA:2224,0
DA:2228,0
DA:2230,0
DA:2231,0
DA:2233,0
DA:2237,0
DA:2238,0
DA:2240,0
DA:2243,0
DA:2251,0
DA:2252,0
DA:2253,0
DA:2254,0
DA:2257,0
DA:2258,0
DA:2259,0
DA:2260,0
DA:2263,0
DA:2271,0
DA:2272,0
DA:2276,0
DA:2277,0
DA:2283,0
DA:2284,0
DA:2285,0
DA:2286,0
DA:2288,0
DA:2289,0
DA:2290,0
DA:2291,0
DA:2293,0
DA:2302,0
DA:2303,0
DA:2306,0
DA:2307,0
DA:2311,0
DA:2312,0
DA:2313,0
DA:2315,0
DA:2316,0
DA:2317,0
DA:2318,0
DA:2319,0
DA:2322,0
DA:2323,0
DA:2324,0
DA:2329,0
DA:2336,0
DA:2337,0
DA:2338,0
DA:2341,0
DA:2343,0
DA:2344,0
DA:2345,0
DA:2346,0
DA:2350,0
DA:2351,0
DA:2353,0
DA:2354,0
DA:2355,0
DA:2356,0
DA:2359,0
DA:2362,0
DA:2363,0
DA:2364,0
DA:2365,0
DA:2366,0
DA:2367,0
DA:2368,0
DA:2370,0
DA:2373,0
DA:2374,0
DA:2375,0
DA:2378,0
DA:2380,0
DA:2381,0
DA:2384,0
DA:2385,0
DA:2390,0
DA:2393,0
DA:2396,0
DA:2400,0
DA:2403,0
DA:2407,0
DA:2410,0
DA:2414,0
DA:2417,0
DA:2421,0
DA:2423,0
DA:2426,0
DA:2428,0
DA:2432,0
DA:2433,0
DA:2435,0
DA:2436,0
DA:2437,0
DA:2440,0
DA:2441,0
DA:2442,0
DA:2443,0
DA:2444,0
DA:2445,0
DA:2446,0
DA:2447,0
DA:2448,0
DA:2450,0
DA:2451,0
DA:2453,0
DA:2456,0
DA:2457,0
DA:2458,0
DA:2460,0
DA:2461,0
DA:2462,0
DA:2463,0
DA:2464,0
DA:2465,0
DA:2466,0
DA:2469,0
DA:2470,0
DA:2471,0
DA:2473,0
DA:2474,0
DA:2475,0
DA:2476,0
DA:2478,0
DA:2479,0
DA:2480,0
DA:2481,0
DA:2482,0
DA:2483,0
DA:2484,0
DA:2485,0
DA:2489,0
DA:2490,0
DA:2493,0
DA:2494,0
DA:2497,0
DA:2498,0
DA:2499,0
DA:2501,0
DA:2502,0
DA:2503,0
DA:2504,0
DA:2505,0
DA:2506,0
DA:2507,0
DA:2508,0
DA:2509,0
DA:2512,0
DA:2513,0
DA:2514,0
DA:2515,0
DA:2519,0
DA:2520,0
DA:2521,0
DA:2523,0
DA:2526,0
DA:2529,0
DA:2531,0
DA:2532,0
DA:2534,0
DA:2537,0
DA:2540,0
DA:2543,0
DA:2547,0
DA:2548,0
DA:2549,0
DA:2550,0
DA:2554,0
DA:2555,0
DA:2556,0
DA:2574,0
DA:2575,0
DA:2576,0
DA:2577,0
DA:2578,0
DA:2590,0
DA:2592,0
DA:2593,0
DA:2594,0
DA:2595,0
DA:2596,0
DA:2601,0
DA:2602,0
DA:2605,0
DA:2606,0
DA:2610,0
DA:2619,0
DA:2620,0
DA:2621,0
DA:2622,0
DA:2623,0
DA:2627,0
DA:2628,0
DA:2629,0
DA:2630,0
DA:2634,0
DA:2635,0
DA:2636,0
DA:2637,0
DA:2638,0
DA:2639,0
DA:2641,0
DA:2642,0
DA:2643,0
DA:2644,0
DA:2645,0
DA:2646,0
DA:2649,0
DA:2652,0
DA:2660,0
DA:2663,0
DA:2671,0
DA:2674,0
DA:2685,0
DA:2686,0
DA:2687,0
DA:2688,0
DA:2690,0
DA:2691,0
DA:2692,0
DA:2696,0
DA:2697,0
DA:2698,0
DA:2701,0
DA:2702,0
DA:2704,0
DA:2707,0
DA:2708,0
DA:2709,0
DA:2710,0
DA:2711,0
DA:2712,0
DA:2713,0
DA:2714,0
DA:2715,0
DA:2717,0
DA:2718,0
DA:2719,0
DA:2722,0
DA:2726,0
DA:2727,0
DA:2728,0
DA:2729,0
DA:2731,0
DA:2732,0
DA:2734,0
DA:2742,0
DA:2743,0
DA:2744,0
DA:2747,0
DA:2748,0
DA:2749,0
DA:2752,0
DA:2753,0
DA:2754,0
DA:2757,0
DA:2758,0
DA:2759,0
DA:2762,0
DA:2763,0
DA:2764,0
DA:2767,0
DA:2768,0
DA:2769,0
DA:2770,0
DA:2771,0
DA:2774,0
DA:2775,0
DA:2776,0
DA:2777,0
DA:2778,0
DA:2780,0
DA:2781,0
DA:2782,0
DA:2784,0
DA:2785,0
DA:2786,0
DA:2787,0
DA:2788,0
DA:2790,0
DA:2791,0
DA:2792,0
DA:2793,0
DA:2796,0
DA:2798,0
DA:2799,0
DA:2800,0
DA:2801,0
DA:2802,0
DA:2804,0
DA:2805,0
DA:2807,0
DA:2812,0
DA:2813,0
DA:2816,0
DA:2817,0
DA:2818,0
DA:2819,0
DA:2822,0
DA:2825,0
DA:2826,0
DA:2828,0
DA:2829,0
DA:2834,0
DA:2838,0
DA:2839,0
DA:2840,0
DA:2844,0
DA:2845,0
DA:2849,0
DA:2853,0
DA:2856,0
DA:2859,0
DA:2863,0
DA:2866,0
DA:2870,0
DA:2873,0
DA:2877,0
DA:2879,0
DA:2883,0
DA:2885,0
DA:2888,0
DA:2890,0
DA:2894,0
DA:2896,0
DA:2900,0
DA:2901,0
DA:2903,0
DA:2904,0
DA:2905,0
DA:2906,0
DA:2909,0
DA:2910,0
DA:2912,0
DA:2913,0
DA:2914,0
DA:2915,0
DA:2917,0
DA:2918,0
DA:2919,0
DA:2920,0
DA:2922,0
DA:2923,0
DA:2924,0
DA:2925,0
DA:2926,0
DA:2927,0
DA:2928,0
DA:2929,0
DA:2930,0
DA:2932,0
DA:2933,0
DA:2934,0
DA:2935,0
DA:2936,0
DA:2940,0
DA:2941,0
DA:2944,0
DA:2945,0
DA:2946,0
DA:2949,0
DA:2951,0
DA:2954,0
DA:2956,0
DA:2957,0
DA:2958,0
DA:2961,0
DA:2964,0
DA:2972,0
DA:2974,0
DA:2975,0
DA:2976,0
DA:2977,0
DA:2978,0
DA:2979,0
DA:2982,0
DA:2983,0
DA:2984,0
DA:2986,0
DA:2987,0
DA:2988,0
DA:2990,0
DA:2991,0
DA:2992,0
DA:2993,0
DA:2994,0
DA:2995,0
DA:2996,0
DA:2999,0
DA:3000,0
DA:3005,0
DA:3006,0
DA:3007,0
DA:3008,0
DA:3009,0
DA:3011,0
DA:3015,0
DA:3016,0
DA:3017,0
DA:3018,0
DA:3019,0
DA:3024,0
DA:3027,0
DA:3028,0
DA:3030,0
DA:3035,0
DA:3038,0
DA:3040,0
DA:3042,0
DA:3043,0
DA:3044,0
DA:3045,0
DA:3048,0
DA:3049,0
DA:3052,0
DA:3053,0
DA:3054,0
DA:3055,0
DA:3058,0
DA:3059,0
DA:3062,0
DA:3063,0
DA:3066,0
DA:3069,0
DA:3072,0
DA:3074,0
DA:3077,0
DA:3078,0
DA:3084,0
DA:3090,0
DA:3091,0
DA:3092,0
DA:3093,0
DA:3095,0
DA:3098,0
DA:3099,0
DA:3101,0
DA:3102,0
DA:3104,0
DA:3109,0
DA:3113,0
DA:3114,0
DA:3115,0
DA:3116,0
DA:3118,0
DA:3121,0
DA:3125,0
DA:3126,0
DA:3127,0
DA:3128,0
DA:3129,0
DA:3130,0
DA:3133,0
DA:3135,0
DA:3137,0
DA:3138,0
DA:3140,0
DA:3141,0
DA:3149,0
DA:3150,0
DA:3151,0
DA:3152,0
DA:3153,0
DA:3155,0
DA:3161,0
DA:3162,0
DA:3163,0
DA:3164,0
DA:3165,0
DA:3166,0
DA:3172,0
DA:3173,0
DA:3174,0
DA:3177,0
DA:3181,0
DA:3185,0
DA:3193,0
DA:3196,0
DA:3199,0
DA:3200,0
DA:3201,0
DA:3207,0
DA:3208,0
DA:3210,0
DA:3211,0
DA:3212,0
DA:3214,0
DA:3217,0
DA:3219,0
DA:3220,0
DA:3221,0
DA:3224,0
DA:3226,0
DA:3227,0
DA:3228,0
DA:3229,0
DA:3232,0
DA:3233,0
DA:3234,0
DA:3235,0
DA:3236,0
DA:3240,0
DA:3241,0
DA:3242,0
DA:3245,0
DA:3250,0
DA:3251,0
DA:3252,0
DA:3253,0
DA:3255,0
DA:3256,0
DA:3257,0
DA:3258,0
DA:3259,0
DA:3263,0
DA:3264,0
DA:3265,0
DA:3266,0
DA:3269,0
DA:3270,0
DA:3271,0
DA:3279,0
DA:3280,0
DA:3282,0
DA:3283,0
DA:3284,0
DA:3285,0
DA:3286,0
DA:3288,0
DA:3289,0
DA:3290,0
DA:3291,0
DA:3292,0
DA:3294,0
DA:3297,0
DA:3300,0
DA:3310,0
DA:3311,0
DA:3312,0
DA:3314,0
DA:3315,0
DA:3316,0
DA:3321,0
DA:3322,0
DA:3323,0
DA:3324,0
DA:3329,0
DA:3330,0
DA:3331,0
DA:3332,0
DA:3333,0
DA:3340,0
DA:3341,0
DA:3342,0
DA:3343,0
DA:3344,0
DA:3346,0
DA:3348,0
DA:3349,0
DA:3355,0
DA:3356,0
DA:3358,0
DA:3360,0
DA:3361,0
DA:3362,0
DA:3364,0
DA:3365,0
DA:3366,0
DA:3367,0
DA:3369,0
DA:3370,0
DA:3373,0
DA:3374,0
DA:3376,0
DA:3377,0
DA:3378,0
DA:3379,0
DA:3384,0
DA:3391,0
DA:3392,0
DA:3394,0
DA:3397,0
DA:3399,0
DA:3402,0
DA:3403,0
DA:3404,0
DA:3405,0
DA:3406,0
DA:3407,0
DA:3408,0
DA:3409,0
DA:3414,0
DA:3415,0
DA:3416,0
DA:3417,0
DA:3419,0
DA:3420,0
DA:3422,0
DA:3423,0
DA:3424,0
DA:3427,0
DA:3428,0
DA:3429,0
DA:3432,0
DA:3435,0
DA:3436,0
DA:3439,0
DA:3440,0
DA:3443,0
DA:3444,0
DA:3447,0
DA:3448,0
DA:3449,0
DA:3452,0
DA:3455,0
DA:3456,0
DA:3457,0
DA:3458,0
DA:3462,0
DA:3463,0
DA:3464,0
DA:3467,0
DA:3468,0
DA:3469,0
DA:3470,0
DA:3471,0
DA:3474,0
DA:3475,0
DA:3478,0
DA:3480,0
DA:3482,0
DA:3483,0
DA:3484,0
DA:3485,0
DA:3487,0
DA:3489,0
DA:3490,0
DA:3491,0
DA:3495,0
DA:3497,0
DA:3498,0
DA:3499,0
DA:3504,0
DA:3512,0
DA:3514,0
DA:3515,0
DA:3516,0
DA:3519,0
DA:3522,0
DA:3523,0
DA:3524,0
DA:3528,0
DA:3529,0
DA:3530,0
DA:3535,0
DA:3536,0
DA:3539,0
DA:3540,0
DA:3542,0
DA:3543,0
DA:3544,0
DA:3545,0
DA:3546,0
DA:3547,0
DA:3548,0
DA:3549,0
DA:3551,0
DA:3552,0
DA:3553,0
DA:3554,0
DA:3556,0
DA:3557,0
DA:3560,0
DA:3561,0
DA:3562,0
DA:3565,0
DA:3566,0
DA:3567,0
DA:3568,0
DA:3569,0
DA:3571,0
DA:3575,0
DA:3576,0
DA:3577,0
DA:3578,0
DA:3585,0
DA:3590,0
DA:3591,0
DA:3592,0
DA:3594,0
DA:3595,0
DA:3600,0
DA:3601,0
DA:3604,0
DA:3605,0
DA:3606,0
DA:3607,0
DA:3609,0
DA:3614,0
DA:3615,0
DA:3619,0
DA:3622,0
DA:3641,0
DA:3642,0
DA:3643,0
DA:3644,0
LF:1559
LH:0
BRDA:149,0,0,0
BRDA:149,0,1,0
BRDA:192,1,0,0
BRDA:192,1,1,0
BRDA:203,2,0,0
BRDA:203,2,1,0
BRDA:225,3,0,0
BRDA:227,4,0,0
BRDA:227,4,1,0
BRDA:231,5,0,0
BRDA:231,5,1,0
BRDA:246,6,0,0
BRDA:246,7,0,0
BRDA:249,8,0,0
BRDA:249,8,1,0
BRDA:256,9,0,0
BRDA:256,9,1,0
BRDA:256,10,0,0
BRDA:256,10,1,0
BRDA:261,11,0,0
BRDA:261,11,1,0
BRDA:261,12,0,0
BRDA:261,12,1,0
BRDA:280,13,0,0
BRDA:280,14,0,0
BRDA:281,15,0,0
BRDA:281,15,1,0
BRDA:282,16,0,0
BRDA:282,16,1,0
BRDA:290,17,0,0
BRDA:290,17,1,0
BRDA:301,18,0,0
BRDA:301,19,0,0
BRDA:315,20,0,0
BRDA:315,20,1,0
BRDA:315,21,0,0
BRDA:315,21,1,0
BRDA:326,22,0,0
BRDA:330,23,0,0
BRDA:330,23,1,0
BRDA:331,24,0,0
BRDA:331,24,1,0
BRDA:332,25,0,0
BRDA:332,25,1,0
BRDA:338,26,0,0
BRDA:343,27,0,0
BRDA:343,27,1,0
BRDA:352,28,0,0
BRDA:352,28,1,0
BRDA:356,29,0,0
BRDA:356,29,1,0
BRDA:379,30,0,0
BRDA:379,30,1,0
BRDA:410,31,0,0
BRDA:410,31,1,0
BRDA:410,32,0,0
BRDA:410,32,1,0
BRDA:419,33,0,0
BRDA:419,33,1,0
BRDA:429,34,0,0
BRDA:429,34,1,0
BRDA:429,35,0,0
BRDA:429,35,1,0
BRDA:439,36,0,0
BRDA:439,36,1,0
BRDA:491,37,0,0
BRDA:492,38,0,0
BRDA:492,38,1,0
BRDA:492,39,0,0
BRDA:492,39,1,0
BRDA:500,40,0,0
BRDA:500,40,1,0
BRDA:510,41,0,0
BRDA:510,41,1,0
BRDA:527,42,0,0
BRDA:527,42,1,0
BRDA:527,43,0,0
BRDA:527,43,1,0
BRDA:557,44,0,0
BRDA:560,45,0,0
BRDA:560,45,1,0
BRDA:565,46,0,0
BRDA:565,46,1,0
BRDA:573,47,0,0
BRDA:573,47,1,0
BRDA:590,48,0,0
BRDA:590,48,1,0
BRDA:590,49,0,0
BRDA:590,49,1,0
BRDA:639,50,0,0
BRDA:639,50,1,0
BRDA:655,51,0,0
BRDA:655,51,1,0
BRDA:655,52,0,0
BRDA:655,52,1,0
BRDA:666,53,0,0
BRDA:666,53,1,0
BRDA:760,54,0,0
BRDA:760,54,1,0
BRDA:760,55,0,0
BRDA:760,55,1,0
BRDA:760,55,2,0
BRDA:765,56,0,0
BRDA:765,56,1,0
BRDA:765,57,0,0
BRDA:765,57,1,0
BRDA:765,57,2,0
BRDA:767,58,0,0
BRDA:767,58,1,0
BRDA:774,59,0,0
BRDA:774,59,1,0
BRDA:786,60,0,0
BRDA:786,60,1,0
BRDA:786,61,0,0
BRDA:786,61,1,0
BRDA:791,62,0,0
BRDA:791,62,1,0
BRDA:791,63,0,0
BRDA:791,63,1,0
BRDA:801,64,0,0
BRDA:801,64,1,0
BRDA:892,65,0,0
BRDA:892,65,1,0
BRDA:893,66,0,0
BRDA:893,66,1,0
BRDA:939,67,0,0
BRDA:939,67,1,0
BRDA:955,68,0,0
BRDA:955,68,1,0
BRDA:986,69,0,0
BRDA:986,69,1,0
BRDA:998,70,0,0
BRDA:998,70,1,0
BRDA:1009,71,0,0
BRDA:1009,71,1,0
BRDA:1030,72,0,0
BRDA:1031,73,0,0
BRDA:1031,73,1,0
BRDA:1031,74,0,0
BRDA:1031,74,1,0
BRDA:1031,74,2,0
BRDA:1057,75,0,0
BRDA:1057,75,1,0
BRDA:1079,76,0,0
BRDA:1079,76,1,0
BRDA:1085,77,0,0
BRDA:1085,77,1,0
BRDA:1085,78,0,0
BRDA:1085,78,1,0
BRDA:1102,79,0,0
BRDA:1102,79,1,0
BRDA:1107,80,0,0
BRDA:1107,80,1,0
BRDA:1115,81,0,0
BRDA:1124,82,0,0
BRDA:1124,82,1,0
BRDA:1124,83,0,0
BRDA:1124,83,1,0
BRDA:1127,84,0,0
BRDA:1127,84,1,0
BRDA:1128,85,0,0
BRDA:1128,85,1,0
BRDA:1131,86,0,0
BRDA:1131,86,1,0
BRDA:1140,87,0,0
BRDA:1140,87,1,0
BRDA:1142,88,0,0
BRDA:1142,88,1,0
BRDA:1191,89,0,0
BRDA:1191,89,1,0
BRDA:1247,90,0,0
BRDA:1247,90,1,0
BRDA:1267,91,0,0
BRDA:1267,91,1,0
BRDA:1307,92,0,0
BRDA:1307,92,1,0
BRDA:1320,93,0,0
BRDA:1320,93,1,0
BRDA:1324,94,0,0
BRDA:1324,94,1,0
BRDA:1342,95,0,0
BRDA:1342,95,1,0
BRDA:1342,96,0,0
BRDA:1342,96,1,0
BRDA:1343,97,0,0
BRDA:1343,97,1,0
BRDA:1363,98,0,0
BRDA:1364,99,0,0
BRDA:1364,99,1,0
BRDA:1364,100,0,0
BRDA:1364,100,1,0
BRDA:1368,101,0,0
BRDA:1368,101,1,0
BRDA:1368,102,0,0
BRDA:1368,102,1,0
BRDA:1373,103,0,0
BRDA:1373,103,1,0
BRDA:1377,104,0,0
BRDA:1377,104,1,0
BRDA:1379,105,0,0
BRDA:1379,105,1,0
BRDA:1403,106,0,0
BRDA:1403,106,1,0
BRDA:1412,107,0,0
BRDA:1412,107,1,0
BRDA:1412,108,0,0
BRDA:1412,108,1,0
BRDA:1418,109,0,0
BRDA:1418,109,1,0
BRDA:1439,110,0,0
BRDA:1503,111,0,0
BRDA:1503,111,1,0
BRDA:1505,112,0,0
BRDA:1505,112,1,0
BRDA:1507,113,0,0
BRDA:1507,113,1,0
BRDA:1513,114,0,0
BRDA:1513,114,1,0
BRDA:1524,115,0,0
BRDA:1524,115,1,0
BRDA:1531,116,0,0
BRDA:1531,116,1,0
BRDA:1536,117,0,0
BRDA:1536,117,1,0
BRDA:1545,118,0,0
BRDA:1545,118,1,0
BRDA:1548,119,0,0
BRDA:1548,119,1,0
BRDA:1555,120,0,0
BRDA:1555,120,1,0
BRDA:1557,121,0,0
BRDA:1557,121,1,0
BRDA:1573,122,0,0
BRDA:1573,122,1,0
BRDA:1573,123,0,0
BRDA:1573,123,1,0
BRDA:1574,124,0,0
BRDA:1574,124,1,0
BRDA:1577,125,0,0
BRDA:1577,125,1,0
BRDA:1585,126,0,0
BRDA:1585,126,1,0
BRDA:1591,127,0,0
BRDA:1591,127,1,0
BRDA:1606,128,0,0
BRDA:1606,128,1,0
BRDA:1608,129,0,0
BRDA:1608,129,1,0
BRDA:1612,130,0,0
BRDA:1612,130,1,0
BRDA:1615,131,0,0
BRDA:1615,131,1,0
BRDA:1621,132,0,0
BRDA:1621,132,1,0
BRDA:1627,133,0,0
BRDA:1627,133,1,0
BRDA:1633,134,0,0
BRDA:1633,134,1,0
BRDA:1633,135,0,0
BRDA:1633,135,1,0
BRDA:1648,136,0,0
BRDA:1648,136,1,0
BRDA:1653,137,0,0
BRDA:1653,137,1,0
BRDA:1658,138,0,0
BRDA:1658,138,1,0
BRDA:1663,139,0,0
BRDA:1663,139,1,0
BRDA:1671,140,0,0
BRDA:1671,140,1,0
BRDA:1695,141,0,0
BRDA:1695,141,1,0
BRDA:1695,142,0,0
BRDA:1695,142,1,0
BRDA:1701,143,0,0
BRDA:1701,143,1,0
BRDA:1706,144,0,0
BRDA:1706,144,1,0
BRDA:1706,145,0,0
BRDA:1706,145,1,0
BRDA:1714,146,0,0
BRDA:1714,146,1,0
BRDA:1714,147,0,0
BRDA:1714,147,1,0
BRDA:1728,148,0,0
BRDA:1728,148,1,0
BRDA:1761,149,0,0
BRDA:1761,149,1,0
BRDA:1761,150,0,0
BRDA:1761,150,1,0
BRDA:1763,151,0,0
BRDA:1763,151,1,0
BRDA:1782,152,0,0
BRDA:1782,152,1,0
BRDA:1789,153,0,0
BRDA:1789,153,1,0
BRDA:1794,154,0,0
BRDA:1794,154,1,0
BRDA:1803,155,0,0
BRDA:1803,155,1,0
BRDA:1806,156,0,0
BRDA:1806,156,1,0
BRDA:1813,157,0,0
BRDA:1813,157,1,0
BRDA:1815,158,0,0
BRDA:1815,158,1,0
BRDA:1834,159,0,0
BRDA:1834,159,1,0
BRDA:1834,160,0,0
BRDA:1834,160,1,0
BRDA:1847,161,0,0
BRDA:1847,161,1,0
BRDA:1859,162,0,0
BRDA:1859,162,1,0
BRDA:1861,163,0,0
BRDA:1861,163,1,0
BRDA:1861,163,2,0
BRDA:1861,163,3,0
BRDA:1867,164,0,0
BRDA:1867,164,1,0
BRDA:1870,165,0,0
BRDA:1870,165,1,0
BRDA:1875,166,0,0
BRDA:1875,166,1,0
BRDA:1880,167,0,0
[...]
BRDA:2508,240,0,0
BRDA:2508,240,1,0
BRDA:2514,241,0,0
BRDA:2514,241,1,0
BRDA:2593,242,0,0
BRDA:2593,242,1,0
BRDA:2601,243,0,0
BRDA:2601,243,1,0
BRDA:2610,244,0,0
BRDA:2610,244,1,0
BRDA:2610,244,2,0
BRDA:2610,244,3,0
BRDA:2610,244,4,0
BRDA:2610,244,5,0
BRDA:2610,244,6,0
BRDA:2610,244,7,0
BRDA:2619,245,0,0
BRDA:2619,245,1,0
BRDA:2628,246,0,0
BRDA:2628,246,1,0
BRDA:2628,247,0,0
BRDA:2628,247,1,0
BRDA:2634,248,0,0
BRDA:2634,248,1,0
BRDA:2636,249,0,0
BRDA:2636,249,1,0
BRDA:2636,250,0,0
BRDA:2636,250,1,0
BRDA:2638,251,0,0
BRDA:2638,251,1,0
BRDA:2641,252,0,0
BRDA:2641,252,1,0
BRDA:2690,253,0,0
BRDA:2690,253,1,0
BRDA:2690,254,0,0
BRDA:2690,254,1,0
BRDA:2696,255,0,0
BRDA:2696,255,1,0
BRDA:2696,256,0,0
BRDA:2696,256,1,0
BRDA:2707,257,0,0
BRDA:2707,257,1,0
BRDA:2711,258,0,0
BRDA:2711,258,1,0
BRDA:2711,259,0,0
BRDA:2711,259,1,0
BRDA:2713,260,0,0
BRDA:2713,260,1,0
BRDA:2744,261,0,0
BRDA:2744,261,1,0
BRDA:2744,261,2,0
BRDA:2744,261,3,0
BRDA:2749,262,0,0
BRDA:2749,262,1,0
BRDA:2749,262,2,0
BRDA:2749,262,3,0
BRDA:2752,263,0,0
BRDA:2752,263,1,0
BRDA:2752,264,0,0
BRDA:2752,264,1,0
BRDA:2753,265,0,0
BRDA:2753,265,1,0
BRDA:2753,266,0,0
BRDA:2753,266,1,0
BRDA:2757,267,0,0
BRDA:2757,267,1,0
BRDA:2757,268,0,0
BRDA:2757,268,1,0
BRDA:2762,269,0,0
BRDA:2762,269,1,0
BRDA:2769,270,0,0
BRDA:2769,270,1,0
BRDA:2774,271,0,0
BRDA:2774,271,1,0
BRDA:2775,272,0,0
BRDA:2775,272,1,0
BRDA:2785,273,0,0
BRDA:2785,273,1,0
BRDA:2791,274,0,0
BRDA:2791,274,1,0
BRDA:2798,275,0,0
BRDA:2798,275,1,0
BRDA:2804,276,0,0
BRDA:2804,276,1,0
BRDA:2804,277,0,0
BRDA:2804,277,1,0
BRDA:2834,278,0,0
BRDA:2834,278,1,0
BRDA:2838,279,0,0
BRDA:2838,279,1,0
BRDA:2895,280,0,0
BRDA:2895,280,1,0
BRDA:2928,281,0,0
BRDA:2928,281,1,0
BRDA:2928,282,0,0
BRDA:2928,282,1,0
BRDA:2929,283,0,0
BRDA:2929,283,1,0
BRDA:2974,284,0,0
BRDA:2974,284,1,0
BRDA:2974,285,0,0
BRDA:2974,285,1,0
BRDA:3004,286,0,0
BRDA:3008,287,0,0
BRDA:3008,287,1,0
BRDA:3008,288,0,0
BRDA:3008,288,1,0
BRDA:3014,289,0,0
BRDA:3018,290,0,0
BRDA:3018,290,1,0
BRDA:3018,291,0,0
BRDA:3018,291,1,0
BRDA:3024,292,0,0
BRDA:3024,292,1,0
BRDA:3027,293,0,0
BRDA:3027,293,1,0
BRDA:3027,294,0,0
BRDA:3027,294,1,0
BRDA:3035,295,0,0
BRDA:3035,295,1,0
BRDA:3042,296,0,0
BRDA:3042,296,1,0
BRDA:3049,297,0,0
BRDA:3049,297,1,0
BRDA:3052,298,0,0
BRDA:3052,298,1,0
BRDA:3052,299,0,0
BRDA:3052,299,1,0
BRDA:3059,300,0,0
BRDA:3059,300,1,0
BRDA:3063,301,0,0
BRDA:3063,301,1,0
BRDA:3066,302,0,0
BRDA:3066,302,1,0
BRDA:3077,303,0,0
BRDA:3077,303,1,0
BRDA:3093,304,0,0
BRDA:3093,304,1,0
BRDA:3095,305,0,0
BRDA:3095,305,1,0
BRDA:3099,306,0,0
BRDA:3099,306,1,0
BRDA:3099,307,0,0
BRDA:3099,307,1,0
BRDA:3101,308,0,0
BRDA:3101,308,1,0
BRDA:3101,309,0,0
BRDA:3101,309,1,0
BRDA:3104,310,0,0
BRDA:3104,310,1,0
BRDA:3116,311,0,0
BRDA:3116,311,1,0
BRDA:3118,312,0,0
BRDA:3118,312,1,0
BRDA:3129,313,0,0
BRDA:3129,313,1,0
BRDA:3129,314,0,0
BRDA:3129,314,1,0
BRDA:3130,315,0,0
BRDA:3130,315,1,0
BRDA:3133,316,0,0
BRDA:3133,316,1,0
BRDA:3135,317,0,0
BRDA:3135,317,1,0
BRDA:3138,318,0,0
BRDA:3138,318,1,0
BRDA:3140,319,0,0
BRDA:3140,319,1,0
BRDA:3142,320,0,0
BRDA:3142,320,1,0
BRDA:3149,321,0,0
BRDA:3149,321,1,0
BRDA:3151,322,0,0
BRDA:3151,322,1,0
BRDA:3152,323,0,0
BRDA:3152,323,1,0
BRDA:3153,324,0,0
BRDA:3153,324,1,0
BRDA:3161,325,0,0
BRDA:3161,325,1,0
BRDA:3163,326,0,0
BRDA:3163,326,1,0
BRDA:3165,327,0,0
BRDA:3165,327,1,0
BRDA:3172,328,0,0
BRDA:3172,328,1,0
BRDA:3172,329,0,0
BRDA:3172,329,1,0
BRDA:3200,330,0,0
BRDA:3200,330,1,0
BRDA:3200,331,0,0
BRDA:3200,331,1,0
BRDA:3210,332,0,0
BRDA:3210,332,1,0
BRDA:3210,333,0,0
BRDA:3210,333,1,0
BRDA:3217,334,0,0
BRDA:3217,334,1,0
BRDA:3217,335,0,0
BRDA:3217,335,1,0
BRDA:3221,336,0,0
BRDA:3221,336,1,0
BRDA:3221,337,0,0
BRDA:3221,337,1,0
BRDA:3222,338,0,0
BRDA:3222,338,1,0
BRDA:3224,339,0,0
BRDA:3224,339,1,0
BRDA:3224,340,0,0
BRDA:3224,340,1,0
BRDA:3228,341,0,0
BRDA:3228,341,1,0
BRDA:3233,342,0,0
BRDA:3233,342,1,0
BRDA:3235,343,0,0
BRDA:3235,343,1,0
BRDA:3241,344,0,0
BRDA:3241,344,1,0
BRDA:3256,345,0,0
BRDA:3256,345,1,0
BRDA:3264,346,0,0
BRDA:3264,346,1,0
BRDA:3264,347,0,0
BRDA:3264,347,1,0
BRDA:3269,348,0,0
BRDA:3269,348,1,0
BRDA:3289,349,0,0
BRDA:3289,349,1,0
BRDA:3291,350,0,0
BRDA:3291,350,1,0
BRDA:3314,351,0,0
BRDA:3314,351,1,0
BRDA:3314,352,0,0
BRDA:3314,352,1,0
BRDA:3314,352,2,0
BRDA:3321,353,0,0
BRDA:3321,353,1,0
BRDA:3323,354,0,0
BRDA:3323,354,1,0
BRDA:3323,355,0,0
BRDA:3323,355,1,0
BRDA:3329,356,0,0
BRDA:3329,356,1,0
BRDA:3331,357,0,0
BRDA:3331,357,1,0
BRDA:3333,358,0,0
BRDA:3333,358,1,0
BRDA:3333,358,2,0
BRDA:3333,358,3,0
BRDA:3333,358,4,0
BRDA:3333,358,5,0
BRDA:3340,359,0,0
BRDA:3340,359,1,0
BRDA:3341,360,0,0
BRDA:3341,360,1,0
BRDA:3346,361,0,0
BRDA:3346,361,1,0
BRDA:3362,362,0,0
BRDA:3362,362,1,0
BRDA:3364,363,0,0
BRDA:3364,363,1,0
BRDA:3366,364,0,0
BRDA:3366,364,1,0
BRDA:3367,365,0,0
BRDA:3367,365,1,0
BRDA:3374,366,0,0
BRDA:3374,366,1,0
BRDA:3392,367,0,0
BRDA:3392,367,1,0
BRDA:3392,368,0,0
BRDA:3392,368,1,0
BRDA:3402,369,0,0
BRDA:3402,369,1,0
BRDA:3405,370,0,0
BRDA:3405,370,1,0
BRDA:3405,371,0,0
BRDA:3405,371,1,0
BRDA:3408,372,0,0
BRDA:3408,372,1,0
BRDA:3424,373,0,0
BRDA:3424,373,1,0
BRDA:3424,373,2,0
BRDA:3429,374,0,0
BRDA:3429,374,1,0
BRDA:3429,374,2,0
BRDA:3432,375,0,0
BRDA:3432,375,1,0
BRDA:3432,376,0,0
BRDA:3432,376,1,0
BRDA:3435,377,0,0
BRDA:3435,377,1,0
BRDA:3435,378,0,0
BRDA:3435,378,1,0
BRDA:3447,379,0,0
BRDA:3447,379,1,0
BRDA:3452,380,0,0
BRDA:3452,380,1,0
BRDA:3455,381,0,0
BRDA:3455,381,1,0
BRDA:3468,382,0,0
BRDA:3468,382,1,0
BRDA:3475,383,0,0
BRDA:3475,383,1,0
BRDA:3480,384,0,0
BRDA:3480,384,1,0
BRDA:3489,385,0,0
BRDA:3489,385,1,0
BRDA:3489,386,0,0
BRDA:3489,386,1,0
BRDA:3497,387,0,0
BRDA:3497,387,1,0
BRDA:3522,388,0,0
BRDA:3522,388,1,0
BRDA:3542,389,0,0
BRDA:3542,389,1,0
BRDA:3546,390,0,0
BRDA:3546,390,1,0
BRDA:3568,391,0,0
BRDA:3568,391,1,0
BRDA:3569,392,0,0
BRDA:3569,392,1,0
BRDA:3590,393,0,0
BRDA:3590,393,1,0
BRDA:3594,394,0,0
BRDA:3594,394,1,0
BRDA:3643,395,0,0
BRDA:3643,395,1,0
BRF:798
BRH:0
end_of_record
TN:
SF:liepin_helper.js
FN:16,(anonymous_0)
FN:113,(anonymous_1)
FN:150,(anonymous_2)
FN:153,(anonymous_3)
FN:155,(anonymous_4)
FN:164,(anonymous_5)
FN:176,(anonymous_6)
FN:179,(anonymous_7)
FN:187,(anonymous_8)
FN:188,(anonymous_9)
FN:193,(anonymous_10)
FN:213,(anonymous_11)
FN:224,(anonymous_12)
FN:236,(anonymous_13)
FN:263,(anonymous_14)
FN:273,(anonymous_15)
FN:282,(anonymous_16)
FN:307,(anonymous_17)
FN:316,(anonymous_18)
FN:352,(anonymous_19)
FN:452,(anonymous_20)
FN:461,(anonymous_21)
FN:462,(anonymous_22)
FN:466,(anonymous_23)
FN:477,(anonymous_24)
FN:486,(anonymous_25)
FN:490,(anonymous_26)
FN:504,(anonymous_27)
FN:513,(anonymous_28)
FN:526,(anonymous_29)
FN:528,(anonymous_30)
FN:538,(anonymous_31)
FN:543,(anonymous_32)
FN:549,(anonymous_33)
FN:554,(anonymous_34)
FN:558,(anonymous_35)
FN:562,(anonymous_36)
FN:568,(anonymous_37)
FN:571,(anonymous_38)
FN:576,(anonymous_39)
FN:577,(anonymous_40)
FN:589,(anonymous_41)
FN:610,(anonymous_42)
FN:616,(anonymous_43)
FN:633,(anonymous_44)
FN:686,(anonymous_45)
FN:695,(anonymous_46)
FN:801,(anonymous_47)
FN:804,(anonymous_48)
FN:804,(anonymous_49)
FN:807,(anonymous_50)
FN:822,(anonymous_51)
FN:822,(anonymous_52)
FN:824,(anonymous_53)
FN:845,(anonymous_54)
FN:913,(anonymous_55)
FN:916,(anonymous_56)
FN:920,(anonymous_57)
FN:925,(anonymous_58)
FN:959,(anonymous_59)
FN:978,(anonymous_60)
FN:1086,(anonymous_61)
FN:1108,(anonymous_62)
FN:1154,(anonymous_63)
FN:1189,(anonymous_64)
FN:1196,(anonymous_65)
FN:1196,(anonymous_66)
FN:1202,(anonymous_67)
FN:1254,(anonymous_68)
FN:1271,(anonymous_69)
FN:1274,(anonymous_70)
FN:1281,(anonymous_71)
FN:1298,main
FN:1304,(anonymous_73)
FN:1312,(anonymous_74)
FN:1332,(anonymous_75)
FNF:76
FNH:0
FNDA:0,(anonymous_0)
FNDA:0,(anonymous_1)
FNDA:0,(anonymous_2)
FNDA:0,(anonymous_3)
FNDA:0,(anonymous_4)
FNDA:0,(anonymous_5)
FNDA:0,(anonymous_6)
FNDA:0,(anonymous_7)
FNDA:0,(anonymous_8)
FNDA:0,(anonymous_9)
FNDA:0,(anonymous_10)
FNDA:0,(anonymous_11)
FNDA:0,(anonymous_12)
FNDA:0,(anonymous_13)
FNDA:0,(anonymous_14)
FNDA:0,(anonymous_15)
FNDA:0,(anonymous_16)
FNDA:0,(anonymous_17)
FNDA:0,(anonymous_18)
FNDA:0,(anonymous_19)
FNDA:0,(anonymous_20)
FNDA:0,(anonymous_21)
FNDA:0,(anonymous_22)
FNDA:0,(anonymous_23)
FNDA:0,(anonymous_24)
FNDA:0,(anonymous_25)
FNDA:0,(anonymous_26)
FNDA:0,(anonymous_27)
FNDA:0,(anonymous_28)
FNDA:0,(anonymous_29)
FNDA:0,(anonymous_30)
FNDA:0,(anonymous_31)
FNDA:0,(anonymous_32)
FNDA:0,(anonymous_33)
FNDA:0,(anonymous_34)
FNDA:0,(anonymous_35)
FNDA:0,(anonymous_36)
FNDA:0,(anonymous_37)
FNDA:0,(anonymous_38)
FNDA:0,(anonymous_39)
FNDA:0,(anonymous_40)
FNDA:0,(anonymous_41)
FNDA:0,(anonymous_42)
FNDA:0,(anonymous_43)
FNDA:0,(anonymous_44)
FNDA:0,(anonymous_45)
FNDA:0,(anonymous_46)
FNDA:0,(anonymous_47)
FNDA:0,(anonymous_48)
FNDA:0,(anonymous_49)
FNDA:0,(anonymous_50)
FNDA:0,(anonymous_51)
FNDA:0,(anonymous_52)
FNDA:0,(anonymous_53)
FNDA:0,(anonymous_54)
FNDA:0,(anonymous_55)
FNDA:0,(anonymous_56)
FNDA:0,(anonymous_57)
FNDA:0,(anonymous_58)
FNDA:0,(anonymous_59)
FNDA:0,(anonymous_60)
FNDA:0,(anonymous_61)
FNDA:0,(anonymous_62)
FNDA:0,(anonymous_63)
FNDA:0,(anonymous_64)
FNDA:0,(anonymous_65)
FNDA:0,(anonymous_66)
FNDA:0,(anonymous_67)
FNDA:0,(anonymous_68)
FNDA:0,(anonymous_69)
FNDA:0,(anonymous_70)
FNDA:0,(anonymous_71)
FNDA:0,main
FNDA:0,(anonymous_73)
FNDA:0,(anonymous_74)
FNDA:0,(anonymous_75)
DA:16,0
DA:23,0
DA:55,0
DA:68,0
DA:106,0
DA:114,0
DA:115,0
DA:116,0
DA:118,0
DA:121,0
DA:122,0
DA:123,0
DA:125,0
DA:126,0
DA:127,0
DA:131,0
DA:132,0
DA:133,0
DA:141,0
DA:142,0
DA:143,0
DA:151,0
DA:152,0
DA:153,0
DA:154,0
DA:156,0
DA:165,0
DA:166,0
DA:167,0
DA:177,0
DA:178,0
DA:179,0
DA:188,0
DA:189,0
DA:190,0
DA:192,0
DA:193,0
DA:194,0
DA:195,0
DA:196,0
DA:197,0
DA:199,0
DA:200,0
DA:201,0
DA:214,0
DA:216,0
DA:217,0
DA:219,0
DA:220,0
DA:225,0
DA:227,0
DA:229,0
DA:238,0
DA:239,0
DA:242,0
DA:243,0
DA:247,0
DA:248,0
DA:249,0
DA:250,0
DA:252,0
DA:253,0
DA:257,0
DA:258,0
DA:260,0
DA:264,0
DA:274,0
DA:275,0
DA:283,0
DA:285,0
DA:288,0
DA:289,0
DA:291,0
DA:292,0
DA:295,0
DA:303,0
DA:309,0
DA:310,0
DA:312,0
DA:313,0
DA:317,0
DA:318,0
DA:321,0
DA:322,0
DA:326,0
DA:335,0
DA:336,0
DA:344,0
DA:345,0
DA:346,0
DA:348,0
DA:349,0
DA:350,0
DA:352,0
DA:353,0
DA:354,0
DA:355,0
DA:356,0
DA:357,0
DA:358,0
DA:361,0
DA:362,0
DA:363,0
DA:364,0
DA:365,0
DA:366,0
DA:367,0
DA:368,0
DA:369,0
DA:372,0
DA:373,0
DA:374,0
DA:377,0
DA:378,0
DA:379,0
DA:380,0
DA:382,0
DA:383,0
DA:385,0
DA:388,0
DA:389,0
DA:429,0
DA:430,0
DA:437,0
DA:438,0
DA:439,0
DA:440,0
DA:441,0
DA:442,0
DA:444,0
DA:445,0
DA:446,0
DA:448,0
DA:449,0
DA:453,0
DA:454,0
DA:455,0
DA:456,0
DA:461,0
DA:462,0
DA:463,0
DA:467,0
DA:468,0
DA:469,0
DA:470,0
DA:471,0
DA:472,0
DA:474,0
DA:478,0
DA:479,0
DA:480,0
DA:481,0
DA:482,0
DA:487,0
DA:490,0
DA:492,0
DA:493,0
DA:494,0
DA:496,0
DA:497,0
DA:498,0
DA:499,0
DA:500,0
DA:501,0
DA:504,0
DA:505,0
DA:506,0
DA:507,0
DA:508,0
DA:509,0
DA:510,0
DA:513,0
DA:514,0
DA:516,0
DA:517,0
DA:518,0
DA:519,0
DA:521,0
DA:522,0
DA:528,0
DA:529,0
DA:530,0
DA:531,0
DA:533,0
DA:538,0
DA:539,0
DA:540,0
DA:543,0
DA:544,0
DA:545,0
DA:546,0
DA:549,0
DA:550,0
DA:551,0
DA:552,0
DA:554,0
DA:555,0
DA:556,0
DA:558,0
DA:559,0
DA:560,0
DA:562,0
DA:563,0
DA:564,0
DA:568,0
DA:569,0
DA:571,0
DA:572,0
DA:576,0
DA:577,0
DA:585,0
DA:590,0
DA:591,0
DA:592,0
DA:593,0
DA:595,0
DA:597,0
DA:598,0
DA:600,0
DA:601,0
DA:604,0
DA:605,0
DA:606,0
DA:611,0
DA:612,0
DA:613,0
DA:618,0
DA:621,0
DA:624,0
DA:630,0
DA:634,0
DA:635,0
DA:636,0
DA:637,0
DA:638,0
DA:640,0
DA:643,0
DA:645,0
DA:646,0
DA:648,0
DA:649,0
DA:650,0
DA:651,0
DA:655,0
DA:656,0
DA:659,0
DA:661,0
DA:664,0
DA:667,0
DA:670,0
DA:674,0
DA:675,0
DA:676,0
DA:677,0
DA:678,0
DA:679,0
DA:681,0
DA:688,0
DA:697,0
DA:710,0
DA:711,0
DA:712,0
DA:713,0
DA:716,0
DA:719,0
DA:722,0
DA:724,0
DA:725,0
DA:727,0
DA:732,0
DA:742,0
DA:743,0
DA:744,0
DA:745,0
DA:747,0
DA:750,0
DA:761,0
DA:763,0
DA:764,0
DA:765,0
DA:766,0
DA:768,0
DA:769,0
DA:770,0
DA:774,0
DA:776,0
DA:779,0
DA:781,0
DA:782,0
DA:784,0
DA:785,0
DA:788,0
DA:803,0
DA:804,0
DA:805,0
DA:807,0
DA:808,0
DA:809,0
DA:810,0
DA:813,0
DA:814,0
DA:815,0
DA:816,0
DA:821,0
DA:822,0
DA:823,0
DA:824,0
DA:825,0
DA:826,0
DA:827,0
DA:830,0
DA:831,0
DA:836,0
DA:837,0
DA:838,0
DA:839,0
DA:842,0
DA:846,0
DA:849,0
DA:850,0
DA:851,0
DA:855,0
DA:858,0
DA:869,0
DA:872,0
DA:873,0
DA:874,0
DA:875,0
DA:879,0
DA:881,0
DA:883,0
DA:884,0
DA:885,0
DA:886,0
DA:888,0
DA:889,0
DA:890,0
DA:892,0
DA:893,0
DA:894,0
DA:896,0
DA:897,0
DA:898,0
DA:899,0
DA:900,0
DA:901,0
DA:902,0
DA:903,0
DA:904,0
DA:905,0
DA:906,0
DA:908,0
DA:909,0
DA:914,0
DA:916,0
DA:917,0
DA:918,0
DA:920,0
DA:921,0
DA:924,0
DA:925,0
DA:926,0
DA:928,0
DA:929,0
DA:930,0
DA:938,0
DA:939,0
DA:940,0
DA:942,0
DA:947,0
DA:948,0
DA:949,0
DA:950,0
DA:951,0
DA:955,0
DA:956,0
DA:957,0
DA:959,0
DA:960,0
DA:961,0
DA:962,0
DA:963,0
DA:964,0
DA:968,0
DA:969,0
DA:970,0
DA:971,0
DA:972,0
DA:979,0
DA:982,0
DA:983,0
DA:984,0
DA:986,0
DA:987,0
DA:988,0
DA:989,0
DA:991,0
DA:994,0
DA:1000,0
DA:1003,0
DA:1004,0
DA:1006,0
DA:1007,0
DA:1008,0
DA:1009,0
DA:1011,0
DA:1012,0
DA:1014,0
DA:1015,0
DA:1016,0
DA:1021,0
DA:1024,0
DA:1033,0
DA:1034,0
DA:1035,0
DA:1036,0
DA:1037,0
DA:1038,0
DA:1043,0
DA:1044,0
DA:1045,0
DA:1046,0
DA:1050,0
DA:1051,0
DA:1052,0
DA:1055,0
DA:1056,0
DA:1058,0
DA:1061,0
DA:1064,0
DA:1065,0
DA:1067,0
DA:1068,0
DA:1070,0
DA:1071,0
DA:1074,0
DA:1077,0
DA:1078,0
DA:1085,0
DA:1088,0
DA:1091,0
DA:1092,0
DA:1094,0
DA:1096,0
DA:1097,0
DA:1100,0
DA:1102,0
DA:1109,0
DA:1112,0
DA:1113,0
DA:1117,0
DA:1118,0
DA:1119,0
DA:1134,0
DA:1135,0
DA:1148,0
DA:1149,0
DA:1150,0
DA:1151,0
DA:1152,0
DA:1154,0
DA:1155,0
DA:1156,0
DA:1157,0
DA:1158,0
DA:1159,0
DA:1160,0
DA:1161,0
DA:1164,0
DA:1165,0
DA:1168,0
DA:1169,0
DA:1176,0
DA:1177,0
DA:1178,0
DA:1181,0
DA:1184,0
DA:1186,0
DA:1190,0
DA:1191,0
DA:1194,0
DA:1195,0
DA:1196,0
DA:1197,0
DA:1198,0
DA:1199,0
DA:1200,0
DA:1202,0
DA:1203,0
DA:1204,0
DA:1205,0
DA:1206,0
DA:1207,0
DA:1208,0
DA:1209,0
DA:1210,0
DA:1212,0
DA:1213,0
DA:1215,0
DA:1219,0
DA:1222,0
DA:1223,0
DA:1225,0
DA:1226,0
DA:1227,0
DA:1228,0
DA:1229,0
DA:1230,0
DA:1231,0
DA:1232,0
DA:1235,0
DA:1236,0
DA:1237,0
DA:1238,0
DA:1239,0
DA:1240,0
DA:1241,0
DA:1242,0
DA:1243,0
DA:1244,0
DA:1245,0
DA:1247,0
DA:1248,0
DA:1249,0
DA:1250,0
DA:1255,0
DA:1256,0
DA:1257,0
DA:1258,0
DA:1259,0
DA:1260,0
DA:1261,0
DA:1264,0
DA:1266,0
DA:1267,0
DA:1273,0
DA:1274,0
DA:1275,0
DA:1276,0
DA:1278,0
DA:1282,0
DA:1283,0
DA:1284,0
DA:1285,0
DA:1286,0
DA:1291,0
DA:1293,0
DA:1298,0
DA:1299,0
DA:1300,0
DA:1303,0
DA:1304,0
DA:1305,0
DA:1306,0
DA:1310,0
DA:1312,0
DA:1313,0
DA:1315,0
DA:1316,0
DA:1317,0
DA:1318,0
DA:1319,0
DA:1320,0
DA:1322,0
DA:1323,0
DA:1324,0
DA:1329,0
DA:1332,0
DA:1333,0
DA:1334,0
DA:1339,0
DA:1342,0
DA:1343,0
LF:573
LH:0
BRDA:113,0,0,0
BRDA:115,1,0,0
BRDA:115,1,1,0
BRDA:121,2,0,0
BRDA:121,2,1,0
BRDA:125,3,0,0
BRDA:125,3,1,0
BRDA:131,4,0,0
BRDA:131,4,1,0
BRDA:131,5,0,0
BRDA:131,5,1,0
BRDA:151,6,0,0
BRDA:151,6,1,0
BRDA:151,7,0,0
BRDA:151,7,1,0
BRDA:165,8,0,0
BRDA:165,8,1,0
BRDA:165,9,0,0
BRDA:165,9,1,0
BRDA:187,10,0,0
BRDA:190,11,0,0
BRDA:190,11,1,0
BRDA:195,12,0,0
BRDA:195,12,1,0
BRDA:199,13,0,0
BRDA:199,13,1,0
BRDA:217,14,0,0
BRDA:217,14,1,0
BRDA:217,15,0,0
BRDA:217,15,1,0
BRDA:242,16,0,0
BRDA:242,16,1,0
BRDA:249,17,0,0
BRDA:249,17,1,0
BRDA:250,18,0,0
BRDA:250,18,1,0
BRDA:283,19,0,0
BRDA:283,19,1,0
BRDA:289,20,0,0
BRDA:289,20,1,0
BRDA:310,21,0,0
BRDA:310,21,1,0
BRDA:322,22,0,0
BRDA:322,22,1,0
BRDA:324,23,0,0
BRDA:324,23,1,0
BRDA:324,24,0,0
BRDA:324,24,1,0
BRDA:349,25,0,0
BRDA:349,25,1,0
BRDA:350,26,0,0
BRDA:350,26,1,0
BRDA:356,27,0,0
BRDA:356,27,1,0
BRDA:357,28,0,0
BRDA:357,28,1,0
BRDA:358,29,0,0
BRDA:358,29,1,0
BRDA:397,30,0,0
BRDA:397,30,1,0
BRDA:402,31,0,0
BRDA:402,31,1,0
BRDA:412,32,0,0
BRDA:412,32,1,0
BRDA:418,33,0,0
BRDA:418,33,1,0
BRDA:467,34,0,0
BRDA:467,34,1,0
BRDA:479,35,0,0
BRDA:479,35,1,0
BRDA:480,36,0,0
BRDA:480,36,1,0
BRDA:482,37,0,0
BRDA:482,37,1,0
BRDA:486,38,0,0
BRDA:493,39,0,0
BRDA:493,39,1,0
BRDA:505,40,0,0
BRDA:505,40,1,0
BRDA:514,41,0,0
BRDA:514,41,1,0
BRDA:530,42,0,0
BRDA:530,42,1,0
BRDA:555,43,0,0
BRDA:555,43,1,0
BRDA:590,44,0,0
BRDA:590,44,1,0
BRDA:597,45,0,0
BRDA:597,45,1,0
BRDA:618,46,0,0
BRDA:618,46,1,0
BRDA:618,47,0,0
BRDA:618,47,1,0
BRDA:624,48,0,0
BRDA:624,48,1,0
BRDA:624,48,2,0
BRDA:624,48,3,0
BRDA:624,48,4,0
BRDA:630,49,0,0
BRDA:630,49,1,0
BRDA:636,50,0,0
BRDA:636,50,1,0
BRDA:646,51,0,0
BRDA:646,51,1,0
BRDA:648,52,0,0
BRDA:648,52,1,0
BRDA:648,53,0,0
BRDA:648,53,1,0
BRDA:656,54,0,0
BRDA:656,54,1,0
BRDA:659,55,0,0
BRDA:659,55,1,0
BRDA:664,56,0,0
BRDA:664,56,1,0
BRDA:674,57,0,0
BRDA:674,57,1,0
BRDA:676,58,0,0
BRDA:676,58,1,0
BRDA:713,59,0,0
BRDA:713,59,1,0
BRDA:716,60,0,0
BRDA:716,60,1,0
BRDA:722,61,0,0
BRDA:722,61,1,0
BRDA:722,62,0,0
BRDA:722,62,1,0
BRDA:724,63,0,0
BRDA:724,63,1,0
BRDA:724,64,0,0
BRDA:724,64,1,0
BRDA:727,65,0,0
BRDA:727,65,1,0
BRDA:745,66,0,0
BRDA:745,66,1,0
BRDA:747,67,0,0
BRDA:747,67,1,0
BRDA:766,68,0,0
BRDA:766,68,1,0
BRDA:766,69,0,0
BRDA:766,69,1,0
BRDA:768,70,0,0
BRDA:768,70,1,0
BRDA:774,71,0,0
BRDA:774,71,1,0
BRDA:776,72,0,0
BRDA:776,72,1,0
BRDA:781,73,0,0
BRDA:781,73,1,0
BRDA:782,74,0,0
BRDA:782,74,1,0
BRDA:784,75,0,0
BRDA:784,75,1,0
BRDA:803,76,0,0
BRDA:803,76,1,0
BRDA:805,77,0,0
BRDA:805,77,1,0
BRDA:807,78,0,0
BRDA:807,78,1,0
BRDA:808,79,0,0
BRDA:808,79,1,0
BRDA:813,80,0,0
BRDA:813,80,1,0
BRDA:821,81,0,0
BRDA:821,81,1,0
BRDA:823,82,0,0
BRDA:823,82,1,0
BRDA:825,83,0,0
BRDA:825,83,1,0
BRDA:836,84,0,0
BRDA:836,84,1,0
BRDA:836,85,0,0
BRDA:836,85,1,0
BRDA:849,86,0,0
BRDA:849,86,1,0
BRDA:863,87,0,0
BRDA:863,87,1,0
BRDA:864,88,0,0
BRDA:864,88,1,0
BRDA:865,89,0,0
BRDA:865,89,1,0
BRDA:873,90,0,0
BRDA:873,90,1,0
BRDA:881,91,0,0
BRDA:881,91,1,0
BRDA:885,92,0,0
BRDA:885,92,1,0
BRDA:886,93,0,0
BRDA:886,93,1,0
BRDA:890,94,0,0
BRDA:890,94,1,0
BRDA:892,95,0,0
BRDA:892,95,1,0
BRDA:901,96,0,0
BRDA:901,96,1,0
BRDA:904,97,0,0
BRDA:904,97,1,0
BRDA:926,98,0,0
BRDA:926,98,1,0
BRDA:928,99,0,0
BRDA:928,99,1,0
BRDA:928,100,0,0
BRDA:928,100,1,0
BRDA:947,101,0,0
BRDA:947,101,1,0
BRDA:956,102,0,0
BRDA:956,102,1,0
BRDA:960,103,0,0
BRDA:960,103,1,0
BRDA:960,104,0,0
BRDA:960,104,1,0
BRDA:968,105,0,0
BRDA:968,105,1,0
BRDA:1006,106,0,0
BRDA:1006,106,1,0
BRDA:1006,107,0,0
BRDA:1006,107,1,0
BRDA:1014,108,0,0
BRDA:1014,108,1,0
BRDA:1036,109,0,0
BRDA:1036,109,1,0
BRDA:1036,110,0,0
BRDA:1036,110,1,0
BRDA:1036,110,2,0
BRDA:1043,111,0,0
BRDA:1043,111,1,0
BRDA:1045,112,0,0
BRDA:1045,112,1,0
BRDA:1045,113,0,0
BRDA:1045,113,1,0
BRDA:1050,114,0,0
BRDA:1050,114,1,0
BRDA:1051,115,0,0
BRDA:1051,115,1,0
BRDA:1056,116,0,0
BRDA:1056,116,1,0
BRDA:1056,117,0,0
BRDA:1056,117,1,0
BRDA:1065,118,0,0
BRDA:1065,118,1,0
BRDA:1065,119,0,0
BRDA:1065,119,1,0
BRDA:1067,120,0,0
BRDA:1067,120,1,0
BRDA:1067,121,0,0
BRDA:1067,121,1,0
BRDA:1067,121,2,0
BRDA:1092,122,0,0
BRDA:1092,122,1,0
BRDA:1096,123,0,0
BRDA:1096,123,1,0
BRDA:1096,124,0,0
BRDA:1096,124,1,0
BRDA:1100,125,0,0
BRDA:1100,125,1,0
BRDA:1113,126,0,0
BRDA:1113,126,1,0
BRDA:1115,127,0,0
BRDA:1115,127,1,0
BRDA:1115,128,0,0
BRDA:1115,128,1,0
BRDA:1151,129,0,0
BRDA:1151,129,1,0
BRDA:1152,130,0,0
BRDA:1152,130,1,0
BRDA:1159,131,0,0
BRDA:1159,131,1,0
BRDA:1160,132,0,0
BRDA:1160,132,1,0
BRDA:1161,133,0,0
BRDA:1161,133,1,0
BRDA:1194,134,0,0
BRDA:1194,134,1,0
BRDA:1195,135,0,0
BRDA:1195,135,1,0
BRDA:1197,136,0,0
BRDA:1197,136,1,0
BRDA:1199,137,0,0
BRDA:1199,137,1,0
BRDA:1200,138,0,0
BRDA:1200,138,1,0
BRDA:1203,139,0,0
BRDA:1203,139,1,0
BRDA:1209,140,0,0
BRDA:1209,140,1,0
BRDA:1223,141,0,0
BRDA:1223,141,1,0
BRDA:1227,142,0,0
BRDA:1227,142,1,0
BRDA:1228,143,0,0
BRDA:1228,143,1,0
BRDA:1229,144,0,0
BRDA:1229,144,1,0
BRDA:1230,145,0,0
BRDA:1230,145,1,0
BRDA:1239,146,0,0
BRDA:1239,146,1,0
BRDA:1245,147,0,0
BRDA:1245,147,1,0
BRDA:1259,148,0,0
BRDA:1259,148,1,0
BRDA:1259,149,0,0
BRDA:1259,149,1,0
BRDA:1259,149,2,0
BRDA:1276,150,0,0
BRDA:1276,150,1,0
BRDA:1276,150,2,0
BRDA:1276,150,3,0
BRDA:1283,151,0,0
BRDA:1283,151,1,0
BRDA:1303,152,0,0
BRDA:1303,152,1,0
BRDA:1313,153,0,0
BRDA:1313,153,1,0
BRDA:1315,154,0,0
BRDA:1315,154,1,0
BRDA:1319,155,0,0
BRDA:1319,155,1,0
BRDA:1319,156,0,0
BRDA:1319,156,1,0
BRDA:1333,157,0,0
BRDA:1333,157,1,0
BRF:321
BRH:0
end_of_record
